Number of used processors (NPROC): 8.
Number of mesh partitions (NPART): 8.
Total Physical Memory = 31.88 Gb, Available Physical Memory = 17.24 Gb
Mesh generation started:	28.5.2022	22:1:20
-----------------------------------------------------------------------
Allocating meshes:
	CPU count: 8
	MESH 0:
		Sub-meshes count: 8
-----------------------------------------------------------------------
Current CPU = 0 sec
-----------------------------------------------------------------------
Geometries initialization:

Geometry database loading ...OK
-----------------------------------------------------------------------
Loading mesh settings (global/local)...
-----------------------------------------------------------------------
Number of geometries: 1
Geometry(0):
	Fluid..
	1 Body.
	1 Real body.
	Tolerance=1.12321e-005.
	9 Face(s).
		9 of b-spline type.
	348 Triangle(s).
	0 Face(s) that have no ref faces
	8 Plane surface(s).
	1 Cylinder surface(s).
	14 Edge(s).
		14 of b-spline type.
	Geometry reading: 0.018 s.
	3 Reference Face(s).
	336 Reference Triangles.
	GeometryRef reading: 0.001 s.
Last Geometry:
	Solid.
	Making hash and connectivity for geometry 0...
		CBodyGeom:
		Hash size: {34, 6, 6}.
		Mesh size: {34, 6, 6}.
		Hashing triangles...Ok.
		Making triangles connectivity...Ok. (0.005 s).
		Neighbour triangles: 100.00 % (good connect) - 0.00 % (bad connect). Min: 3. Max: 3.
		Done.
		CBodyGeomRef:
		Hashing triangles...Ok.
		Making triangles connectivity...Ok. (0.004 s).
		Neighbour triangles: Min: 2. Max: 2.
		Done.
	0.009 s.
Geometries reading and preparing has taken 0.032 s.

Mapped triangles:
Hashing geometries triangles
	Triangles num=348
	Triangles box={-0.0502002  ,0.0502002  ,-0.00803203  ,0.00803203  ,-0.00803203  ,0.00803203  }
		3d-hash size is 33952 bytes
		Making triangles connectivity...Ok. (0.005 s).
		Neighbour triangles: 100.00 % (good connect) - 0.00 % (bad connect). Min: 3. Max: 3.
Hashing peculiar surfaces triangles
	Triangles num=52
	Triangles box={-0.05  ,-0.05  ,-0.015  ,0.015  ,-0.015  ,0.015  }
		3d-hash size is 6060 bytes
	Triangles num=52
	Triangles box={0.05  ,0.05  ,-0.015  ,0.015  ,-0.015  ,0.015  }
		3d-hash size is 6060 bytes
Mapped triangles processed in 0.014 s.
-----------------------------------------------------------------------

Current CPU = 0 sec
Flow Simulation 2017  x64 / 3731 / MESHER ver. efd_16_1.3696_10.11.2016 

Project: C:\Users\Wildf\Workplace\NTU-BIME_Heat-Transfer\Examples\Flow Simulation Pipeflow\1\1.xmlconfig
Computer name:	DESKTOP-8U0AR32
Operating system:	Windows 10 (or higher) (Version 10.0.19043)

SOLIDWORKS 2017 SP2.0

-----------------------------------------------------------------------
Mesh dimensions:
				I[0 ]=34
				I[1 ]=6
				I[2 ]=6
Solver refinement level	I[47]=0

Comp. domain size:
				a[0  ]=-0.0501
				a[1  ]=0.0501
				a[2  ]=-0.008016
				a[3  ]=0.008016
				a[4  ]=-0.008016
				a[5  ]=0.008016
Wall thickness		a[231]=0
Gap size			a[232]=1

Fluid calculated			1
Solid calculated			0
-----------------------------------------------------------------------
MESH: distribute base bricks among sub-meshes...
	Base bricks count               1224
	Sub-meshes  count               8
	Base bricks count per sub-mesh  153 (+0)
	Sub-mesh 0: 153 base brick(s), range [0, 4]-[0, 5]-[0, 5]
	Sub-mesh 1: 153 base brick(s), range [4, 8]-[0, 5]-[0, 5]
	Sub-mesh 2: 153 base brick(s), range [8, 12]-[0, 5]-[0, 5]
	Sub-mesh 3: 153 base brick(s), range [12, 16]-[0, 5]-[0, 5]
	Sub-mesh 4: 153 base brick(s), range [17, 21]-[0, 5]-[0, 5]
	Sub-mesh 5: 153 base brick(s), range [21, 25]-[0, 5]-[0, 5]
	Sub-mesh 6: 153 base brick(s), range [25, 29]-[0, 5]-[0, 5]
	Sub-mesh 7: 153 base brick(s), range [29, 33]-[0, 5]-[0, 5]
-----------------------------------------------------------------------
-----------------------------------------------------------------------
MESH: collecting ghosts in sub-meshes...
	Sub-mesh 0:
		Total  brick(s) 189
		Native brick(s) 153
		Inner  brick(s) 117
		Outer  brick(s) 36
		Ghost  brick(s) 36
	Sub-mesh 1:
		Total  brick(s) 225
		Native brick(s) 153
		Inner  brick(s) 81
		Outer  brick(s) 72
		Ghost  brick(s) 72
	Sub-mesh 2:
		Total  brick(s) 225
		Native brick(s) 153
		Inner  brick(s) 81
		Outer  brick(s) 72
		Ghost  brick(s) 72
	Sub-mesh 3:
		Total  brick(s) 225
		Native brick(s) 153
		Inner  brick(s) 81
		Outer  brick(s) 72
		Ghost  brick(s) 72
	Sub-mesh 4:
		Total  brick(s) 225
		Native brick(s) 153
		Inner  brick(s) 81
		Outer  brick(s) 72
		Ghost  brick(s) 72
	Sub-mesh 5:
		Total  brick(s) 225
		Native brick(s) 153
		Inner  brick(s) 81
		Outer  brick(s) 72
		Ghost  brick(s) 72
	Sub-mesh 6:
		Total  brick(s) 225
		Native brick(s) 153
		Inner  brick(s) 81
		Outer  brick(s) 72
		Ghost  brick(s) 72
	Sub-mesh 7:
		Total  brick(s) 189
		Native brick(s) 153
		Inner  brick(s) 117
		Outer  brick(s) 36
		Ghost  brick(s) 36
	Total brick(s) 1224
-----------------------------------------------------------------------
Setting regions...OK (0.001 s)
Base mesh info------------------
	2D flag  =0
	Period   =[0, 0, 0]
	Nx=34
		x[0]=-0.0501
		x[1]=-0.047152
		x[2]=-0.044205
		x[3]=-0.0412579
		x[4]=-0.0383108
		x[5]=-0.0353638
		x[6]=-0.0324167
		x[7]=-0.0294697
		x[8]=-0.0265226
		x[9]=-0.0235755
		x[10]=-0.0206285
		x[11]=-0.0176814
		x[12]=-0.0147344
		x[13]=-0.0117873
		x[14]=-0.00884025
		x[15]=-0.00589319
		x[16]=-0.00294613
		x[17]=9.25555e-007
		x[18]=0.00294798
		x[19]=0.00589504
		x[20]=0.0088421
		x[21]=0.0117892
		x[22]=0.0147362
		x[23]=0.0176833
		x[24]=0.0206303
		x[25]=0.0235774
		x[26]=0.0265245
		x[27]=0.0294715
		x[28]=0.0324186
		x[29]=0.0353656
		x[30]=0.0383127
		x[31]=0.0412597
		x[32]=0.0442068
		x[33]=0.0471539
		x[34]=0.0501
	Ny=6
		y[0]=-0.008016
		y[1]=-0.00534327
		y[2]=-0.00267127
		y[3]=7.26128e-007
		y[4]=0.00267273
		y[5]=0.00534473
		y[6]=0.008016
	Nz=6
		z[0]=-0.008016
		z[1]=-0.00534338
		z[2]=-0.00267138
		z[3]=6.15109e-007
		z[4]=0.00267262
		z[5]=0.00534462
		z[6]=0.008016
End of base mesh info---------
Input_mesh_settings--------------------------------
Settings 0----------------
	Scope: GLOBAL
	Type:	------MESHER_SETTINGS----------
	RefAllCells           =0
	RefFluidCells         =0
	RefPartCells          =0
	RefSolidCells         =0
	l_SSFR(Capture crit)  =1
	l_curv(Curvature crit)=0
	l_tol(Tolerance crit) =0
	UseChannelRef         =1
	  NCR_method          =0
	  l_NCR               =1
	  N_gap               =5
	  Use d_NCR_min       =0
	  Use d_NCR_max       =0
	IgnoreThinChannelsHeight         =0
	--END_OF_MESHER_SETTINGS-------
End of input mesh settings-------------------------

-----------------------------------------------------------------------
Building geometries:
Building geometry Fluid.0.(0)...

-----------------------------------------------------------------------
Refining by triangulation...
Refinement input: 1224 bricks
Refinement result: 1224 bricks (0.008 s)
Refinement input: 1224 bricks
Refinement result: 1224 bricks (0.001 s)
Collecting and processing rays...OK (0.015 s)
Capturing...OK (0.002 s)
Refining by triangulation takes 0.031 s
-----------------------------------------------------------------------

-----------------------------------------------------------------------
Refining peculiar surfaces...
0 surfaces refined
Refining peculiar surfaces takes 0.003 s
-----------------------------------------------------------------------
Collecting and processing rays...OK (0.001 s)
Capturing...OK (0.000 s)
Collecting and processing rays...OK (0.001 s)
Capturing...OK (0.000 s)
Collecting and processing rays...OK (0.001 s)
Capturing...OK (0.000 s)

-----------------------------------------------------------------------
Base mesh 1 Refining...
Refinement input: 1224 bricks
Refinement result: 1224 bricks (0.001 s)
Collecting and processing rays...OK (0.001 s)
Capturing...OK (0.000 s)
-----------------------------------------------------------------------
Refining channels...
FYI: CNarrowChannelRefiner::RefineChannels_PRLL: m_submesh_count=8
FYI: m_iteration_count = 0
FYI: level1 statistics:
     level1_cnt_plus[1]=0;		level1_cnt_minus[1]=0
     level1_cnt_plus[2]=0;		level1_cnt_minus[2]=0
     level1_cnt_plus[3]=0;		level1_cnt_minus[3]=0
     level1_cnt_plus[4]=0;		level1_cnt_minus[4]=0
     level1_cnt_plus[5]=0;		level1_cnt_minus[5]=0
     level1_cnt_plus[6]=0;		level1_cnt_minus[6]=0
     level1_cnt_plus[7]=0;		level1_cnt_minus[7]=0
     level1_cnt_plus[8]=0;		level1_cnt_minus[8]=0
     level1_cnt_plus[9]=0;		level1_cnt_minus[9]=0
FYI: level1 statistics:
     level1_cnt_plus[1]=0;		level1_cnt_minus[1]=0
     level1_cnt_plus[2]=0;		level1_cnt_minus[2]=0
     level1_cnt_plus[3]=0;		level1_cnt_minus[3]=0
     level1_cnt_plus[4]=0;		level1_cnt_minus[4]=0
     level1_cnt_plus[5]=0;		level1_cnt_minus[5]=0
     level1_cnt_plus[6]=0;		level1_cnt_minus[6]=0
     level1_cnt_plus[7]=0;		level1_cnt_minus[7]=0
     level1_cnt_plus[8]=0;		level1_cnt_minus[8]=0
     level1_cnt_plus[9]=0;		level1_cnt_minus[9]=0
	CNarrowChannelRefiner::ChannelsResolution            function_total                0      = 0.029099 sec

-----------------------------------------------------------------------
U-shapes refinement...
Refinement input: 1224 bricks
Refinement result: 1224 bricks (0.003 s)
Collecting and processing rays...OK (0.001 s)
Capturing...OK (0.000 s)
-----------------------------------------------------------------------

-----------------------------------------------------------------------
Equi Distant Refiner:
Equi Distant Refiner takes 0.00 s
-----------------------------------------------------------------------
Building geometry takes 0.083 s
Geometry Fluid.0.
Total		1224
Partial	712
Fluid		512
Solid		0
Bad		0

/-Ray Intersection---------------/ Time	0.023 s
Calls			539
CorrectRay Calls	0


Building geometries takes 0.085 s
-----------------------------------------------------------------------

-----------------------------------------------------------------------
PostBuilding geometries:
PostBuilding geometries takes 0 s
-----------------------------------------------------------------------
Defect ray count	0
FYI: CNarrowChannelRefiner::RedistributeLevel1_step_1: is finished
FYI: level1 statistics:
     level1_cnt_plus[1]=0;		level1_cnt_minus[1]=0
     level1_cnt_plus[2]=0;		level1_cnt_minus[2]=0
     level1_cnt_plus[3]=0;		level1_cnt_minus[3]=0
     level1_cnt_plus[4]=0;		level1_cnt_minus[4]=0
     level1_cnt_plus[5]=0;		level1_cnt_minus[5]=0
     level1_cnt_plus[6]=0;		level1_cnt_minus[6]=0
     level1_cnt_plus[7]=0;		level1_cnt_minus[7]=0
     level1_cnt_plus[8]=0;		level1_cnt_minus[8]=0
     level1_cnt_plus[9]=0;		level1_cnt_minus[9]=0
FYI: CNarrowChannelRefiner::RedistributeLevel1_step_2: is started
FYI: CNarrowChannelRefiner::RedistributeLevel1_step_2: is finished
FYI: level1 statistics:
     level1_cnt_plus[1]=0;		level1_cnt_minus[1]=0
     level1_cnt_plus[2]=0;		level1_cnt_minus[2]=0
     level1_cnt_plus[3]=0;		level1_cnt_minus[3]=0
     level1_cnt_plus[4]=0;		level1_cnt_minus[4]=0
     level1_cnt_plus[5]=0;		level1_cnt_minus[5]=0
     level1_cnt_plus[6]=0;		level1_cnt_minus[6]=0
     level1_cnt_plus[7]=0;		level1_cnt_minus[7]=0
     level1_cnt_plus[8]=0;		level1_cnt_minus[8]=0
     level1_cnt_plus[9]=0;		level1_cnt_minus[9]=0
FYI: CNarrowChannelRefiner::RedistributeLevel1_step_3: is started
FYI: CNarrowChannelRefiner::RedistributeLevel1_step_3: is finished
RedistributeLevel1 takes:
	CNarrowChannelRefiner::RedistributeLevel1            function_total                0      = 0.0195683 sec
FYI: level1 statistics:
     level1_cnt_plus[1]=0;		level1_cnt_minus[1]=0
     level1_cnt_plus[2]=0;		level1_cnt_minus[2]=0
     level1_cnt_plus[3]=0;		level1_cnt_minus[3]=0
     level1_cnt_plus[4]=0;		level1_cnt_minus[4]=0
     level1_cnt_plus[5]=0;		level1_cnt_minus[5]=0
     level1_cnt_plus[6]=0;		level1_cnt_minus[6]=0
     level1_cnt_plus[7]=0;		level1_cnt_minus[7]=0
     level1_cnt_plus[8]=0;		level1_cnt_minus[8]=0
     level1_cnt_plus[9]=0;		level1_cnt_minus[9]=0
-----------------------------------------------------------------------
BCF-Builder Iteration: 0
Memory Working Set Current = 21.80 Mb, Memory Working Set Peak = 22.86 Mb
Process Threads Number: 21
Loading geometries triangulation & x-stacks...OK
	Sub-mesh 0:
		Total  brick(s) 189
		Native brick(s) 153
		Inner  brick(s) 117
		Outer  brick(s) 36
		Ghost  brick(s) 36
	Sub-mesh 1:
		Total  brick(s) 225
		Native brick(s) 153
		Inner  brick(s) 81
		Outer  brick(s) 72
		Ghost  brick(s) 72
	Sub-mesh 2:
		Total  brick(s) 225
		Native brick(s) 153
		Inner  brick(s) 81
		Outer  brick(s) 72
		Ghost  brick(s) 72
	Sub-mesh 3:
		Total  brick(s) 225
		Native brick(s) 153
		Inner  brick(s) 81
		Outer  brick(s) 72
		Ghost  brick(s) 72
	Sub-mesh 4:
		Total  brick(s) 225
		Native brick(s) 153
		Inner  brick(s) 81
		Outer  brick(s) 72
		Ghost  brick(s) 72
	Sub-mesh 5:
		Total  brick(s) 225
		Native brick(s) 153
		Inner  brick(s) 81
		Outer  brick(s) 72
		Ghost  brick(s) 72
	Sub-mesh 6:
		Total  brick(s) 225
		Native brick(s) 153
		Inner  brick(s) 81
		Outer  brick(s) 72
		Ghost  brick(s) 72
	Sub-mesh 7:
		Total  brick(s) 189
		Native brick(s) 153
		Inner  brick(s) 117
		Outer  brick(s) 36
		Ghost  brick(s) 36
	Total brick(s) 1224

-----------------------------------------------------------------------
MSH (Real Geometry) format constructor:
Getting submesh brick sets...OK (0.001 s)
Level 1
	Inner time 0.005 s
	Outer Time 0.001 s
	Level Time 0.007 s
Level 0
	Inner time 0.286 s
	Outer Time 0.181 s
	Level Time 0.468 s

Brick parser time info:
	0.357 s - time_Run
		0.010 s - time_ConstructPoints
			0.007 s - time_ConstructPointsAddFind2
		0.013 s - time_ConstructPointsAndConnectsFromNb
		0.007 s - time_AddRibConnects
		0.034 s - time_ConstructBrickFacets
			0.003 s - time_CalculateQpoints
				0.001 s - time_AddFacetPoint_GetFacesQpoint
					0.000 s - time_GetFacesQpoint_UShaped
						0.000 s - time_GetFacesQpoint2
					0.000 s - time_GetFacesQpoint_AddEdgesToList
					0.001 s - time_Edge_GetClosestPointOn
					0.001 s - time_Edge_NewtonMethod
					0.000 s - time_GetFacesQpoint_ManyFinds
				0.002 s - time_AddFacetPoint_AddQPoint
					0.002 s - time_PointReverseEvaluate
				0.000 s - time_AddFacetPoint_AddFind2
		0.000 s - time_RemoveOddConnects
		0.009 s - time_TestConnectivity
		0.000 s - time_ValidateXeps
		0.024 s - time_ConstructFaceAs
		0.003 s - time_ConstructCvs
		0.000 s - time_ConstructFaceWs
		0.005 s - time_RealGeomAddQPoints
		0.002 s - time_RealGeomAddNewFaces
		0.000 s - time_RealGeomInitOppositeGeomFaceInd
		0.010 s - time_RealGeomApproxCurveFaces
		0.000 s - time_Enum1
		0.000 s - time_Enum2
		0.000 s - time_RealGeomCheckInvalidConnects
		0.229 s - time_RealGeomParameters
			0.179 s - time_CalculateParametersOfCv
			0.047 s - time_CalculateParametersOfFace
				0.012 s - time_CalculateRR
				0.034 s - time_CalculateRefFaceData
				0.000 s - time_CalculateLambdaProjection
			0.002 s - time_SetFacesOrientation
Result:
	Bricks number:                        1224

	Memory usage:                         0.343 MB
	Memory usage (per brick):             0.287 KB
	Construction time:                    0.581 s

	Topology features:
	------------------
	- High quality bricks                 100.00 % (1224)
	- Medium quality bricks                 0.00 % (0)
	- Bad quality bricks                    0.00 % (0)
	- Ribs corrected bricks                 0.00 % (0)
	- Points with geom-info (bricks)        0.00 % (0)
	- Points with closest-info (bricks)     0.00 % (0)
	- Triangulated by center (bricks)       0.00 % (0)
	- Facet w-faces mergings (bricks)       0.00 % (0)
	- To refine (bricks)                    0.00 % (0)

Memory Working Set Current = 23.00 Mb, Memory Working Set Peak = 38.14 Mb
Process Threads Number: 21
-----------------------------------------------------------------------
-----------------------------------------------------------------------
MSH --> BCF format (Iteration 0)...
BCF collector...
	(6) Bcf collect time 0.024 s (348 avs, 123 fws)
	(1) Bcf collect time 0.024 s (348 avs, 123 fws)
	(5) Bcf collect time 0.025 s (348 avs, 123 fws)
	(4) Bcf collect time 0.025 s (352 avs, 127 fws)
	(3) Bcf collect time 0.025 s (352 avs, 127 fws)
	(0) Bcf collect time 0.026 s (312 avs, 163 fws)
	(2) Bcf collect time 0.027 s (348 avs, 123 fws)
	(7) Bcf collect time 0.030 s (312 avs, 163 fws)
	(0) Remove defect avs time 0.003 s
	(6) Remove defect avs time 0.003 s
	(4) Remove defect avs time 0.002 s
	(2) Remove defect avs time 0.003 s
	(1) Remove defect avs time 0.003 s
	(7) Remove defect avs time 0.003 s
	(3) Remove defect avs time 0.003 s
	(5) Remove defect avs time 0.004 s
Defect subdomain detector...
		1 subdomain(s) of gi=0 (real bodies = 1).
			Subdomain 0: 1224 av
		Get real subdoms time 0.000 s
		Mark defect subdomains by closed av...
		Mark by closed av time 0.000 s
		Mark defect subdomains by real bodies...
		0 defect subdomain(s) of gi=0.
		1 subdomain(s) of gi=1 (real bodies = 0).
			Subdomain 0: 712 av
		Get real subdoms time 0.000 s
		0 defect subdomain(s) of gi=1.
	(0) Remove defect subdoms time 0.004 s
	(2) Remove defect subdoms time 0.005 s
	(4) Remove defect subdoms time 0.004 s
	(3) Remove defect subdoms time 0.004 s
	(6) Remove defect subdoms time 0.004 s
	(1) Remove defect subdoms time 0.004 s
	(7) Remove defect subdoms time 0.004 s
	(5) Remove defect subdoms time 0.004 s
NB-faces collector & conservator...
Sub-mesh 0.
	Conservated total=0 (bb-faces=0)
Sub-mesh 1.
	Conservated total=0 (bb-faces=0)
Sub-mesh 2.
	Conservated total=0 (bb-faces=0)
Sub-mesh 3.
	Conservated total=0 (bb-faces=0)
Sub-mesh 4.
	Conservated total=0 (bb-faces=0)
Sub-mesh 5.
	Conservated total=0 (bb-faces=0)
Sub-mesh 6.
	Conservated total=0 (bb-faces=0)
Sub-mesh 7.
	Conservated total=0 (bb-faces=0)
	(0) Bcf calc time 0.001 s
	(5) Bcf calc time 0.001 s
	(2) Bcf calc time 0.001 s
	(4) Bcf calc time 0.002 s
	(3) Bcf calc time 0.002 s
	(1) Bcf calc time 0.001 s
	(7) Bcf calc time 0.001 s
	(6) Bcf calc time 0.002 s
FACE_W optimizer ...
Sub-mesh 0.
	Before optimization total=393 (fs=163, ff=0, ss=0)
	After  optimization total=393 (fs=163, ff=0, ss=0)
Sub-mesh 1.
	Before optimization total=399 (fs=123, ff=0, ss=0)
	After  optimization total=399 (fs=123, ff=0, ss=0)
Sub-mesh 2.
	Before optimization total=399 (fs=123, ff=0, ss=0)
	After  optimization total=399 (fs=123, ff=0, ss=0)
Sub-mesh 3.
	Before optimization total=401 (fs=127, ff=0, ss=0)
	After  optimization total=401 (fs=127, ff=0, ss=0)
Sub-mesh 4.
	Before optimization total=401 (fs=127, ff=0, ss=0)
	After  optimization total=401 (fs=127, ff=0, ss=0)
Sub-mesh 5.
	Before optimization total=399 (fs=123, ff=0, ss=0)
	After  optimization total=399 (fs=123, ff=0, ss=0)
Sub-mesh 6.
	Before optimization total=399 (fs=123, ff=0, ss=0)
	After  optimization total=399 (fs=123, ff=0, ss=0)
Sub-mesh 7.
	Before optimization total=393 (fs=163, ff=0, ss=0)
	After  optimization total=393 (fs=163, ff=0, ss=0)
-----------------------------------------------------------------------
-----------------------------------------------------------------------
Merging BCF...
Merging bricks trees...OK (0.00 s)
Merging av data...OK (0.00 s)
Merging a-faces data (fluid)...
	New a-face count   3228
	Bound a-face count 292 (9.05 %)
Merging a-faces data takes 0.00 s
Merging a-faces data (solid)...
	New a-face count   1420
	Bound a-face count 152 (10.70 %)
Merging a-faces data takes 0.00 s
Merging w-faces data...
	New w-face count   1680
	Bound w-face count 0 (0.00 %)
	Need fw-nb         1328 (79.05 %)
Merging w-faces data takes 0.02 s
Merging BCF takes (0.04 s)
-----------------------------------------------------------------------

-----------------------------------------------------------------------
Geometrical diagonal nb-faces collector (cpu_num=8)...
	Time=0.007s.
-----------------------------------------------------------------------
Fluid Subdom Constructor: 1 subdom(s).
	Remove nb-fw from diff subdomains (fs)...
		Diff subdomains cases         0

-----------------------------------------------------------------------
BCF CHECKSUM DATA (Mesh 0):

FACE_A Area Sum:   G.Fluid        0.0204904093491333
FACE_A Area Sum:   G.Solid        0.0040554804428667
FACE_W Area Sum:                  0.0123332833540799
FACE_W Nb   Sum:                  10144
FACE_W min curvatures sum:        -90015.60243988
FACE_W max curvatures sum:        0.00000000
AV Max Disbalance: G.Fluid        3.35641e-015 (cid=1049, avid=1049, pid=537)
AV Max Disbalance: G.Solid        1.56778e-015 (cid=1110, avid=1822, pid=598)
-----------------------------------------------------------------------


-----------------------------------------------------------------------
MESHER TOPOLOGY DATA (Mesh 0):

BRICKS: Total                 1224
BRICKS: 1-CV                  512
BRICKS: 2-CV                  712
BRICKS: Bad                   0

AV:     G.Total               1936
AV:     G.Fluid               1224
AV:     G.Solid               712

AV:     G.Fluid Thin Profile    0.00 % (0)
AV:     G.Solid Thin Profile    0.00 % (0)

AV:     G.Fluid Thin For Mega   0.00 % (0)
AV:     G.Solid Thin For Mega   0.00 % (0)

AV:     G.Fluid Non-Convex      0.49 % (6)
AV:     G.Solid Non-Convex      5.62 % (40)

FACE_A: G.Fluid          (af) 3228 (partially opened 1420)
FACE_A: G.Solid          (as) 1420 (partially opened 1420)

FACE_W: G.Total                 1680        Brick/Bound
FACE_W: G.Fluid/Solid    (fs_g) 792         0           
FACE_W: G.Fluid/Fluid    (ff_g) 0           0           
FACE_W: G.Solid/Solid    (ss_g) 0           0           
FACE_W: G.Fluid/External (fe_g) 0
FACE_W: G.Solid/External (se_g) 888

AV max fa count:                6
AV max fw count:                6
AV max fw poly count:           6

MEMORY: Total                   0.769 MB
MEMORY: Per Brick               0.643 KB
-----------------------------------------------------------------------

-----------------------------------------------------------------------
Mega-cv constructor for fluid...
	 0 av's is treated as thin
Relative size generator (threshold = 0.05)...OK
	 0 mega-cv's generated
	 0 mega-cv's removed
Convert clusters:
	 0 mega-cv's total
Mega-cv count: 0
-----------------------------------------------------------------------
Mixing plane rotation regions: NO.
Sliding mesh rotation regions: NO.
Fluid/fluid faces: NO.
----------------------------------------------------------
BCF --> BCF.GEOMSUBDOM (bridge arrays) (cpu_num=8):
MESH (0):
	Fluid Subdom Constructor: 1 subdom(s).
	Solid Subdom Constructor: 1 subdom(s).
	Net Asm Subdom Constructor: 0 subdom(s).
	GEOMSUBDOM (0): gi=0 fluid av=1224 cv=1224 fa=3228 fw=792 V=1.968287e-005
	GEOMSUBDOM (1): gi=1 solid av=712 cv=712 fa=1420 fw=1680 V=6.071040e-006
	Setting nb of w-faces...OK.

MESH (0) checking:
	GEOMSUBDOM (0):fa_s=0.0204904093491333 fw_s=0.0053936077060799 fw_nb=6592
	GEOMSUBDOM (1):fa_s=0.0040554804428667 fw_s=0.0123332833540799 fw_nb=10144
MESH (0) checking: OK.
----------------------------------------------------------
-----------------------------------------------------------------------
Calculating curvature and tolerance criteria...
Curvature: min=0 max=1.5708
Tolerance: min=0 max=0.00201294
Calculating curvature and tolerance criteria takes 0.010 s
-----------------------------------------------------------------------
Current CPU = 1 sec

Nx=34
Ny=6
Nz=6
Max_RL=0
12. Saving initial mesh in: C:\Users\Wildf\Workplace\NTU-BIME_Heat-Transfer\Examples\Flow Simulation Pipeflow\1\1.fld .
Storing results...
Estimated CPT size=0.377 MB.
OK
Memory Working Set Current = 25.12 Mb, Memory Working Set Peak = 38.14 Mb
Process Threads Number: 21
Cleaning memory...
Free Geometry DB takes 0.001 s
Copying... OK

------------------------------------------------------------------------------------------------------------
CPU report:
Function                                             CPU           descriptor                    nproc     
------------------------------------------------------------------------------------------------------------
GetGeometryFromSW                                    0.080 sec   function_total               
GetGeometryFromSW                                    0.019 sec   InitGeometryTriangles        
CMesh::PrepareMappedTriangles                        0.014 sec   function_total               
SwapGeometries                                       0.000 sec   function_total               
CMesh::PreBuild                                      0.012 sec   function_total               
SetBrickRegion                                       0.002 sec   function_total               
CMesh::Build                                         0.093 sec   function_total               
CMesh::BuildGeometry                                 0.083 sec   function_total               
ActivateAllCellsParameters                           0.001 sec   function_total               
RefineByTriangles                                    0.030 sec   function_total               
CaptureRefined                                       0.025 sec   function_total               
GetMultiRaysIntersections                            0.011 sec   full                         
CRayCollector::CorrectRays2                          0.003 sec   full                         
CRayCollector::CorrectRays2                          0.002 sec   stage_1_collect_undefined_vertices1
RefinePeculiarSurfaces                               0.003 sec   function_total               
CNarrowChannelRefiner::ChannelsResolution            0.029 sec   function_total               
CNarrowChannelRefiner::RefineChannels_PRLL           0.029 sec   function_total               
CNarrowChannelRefiner::GetMainNormals                0.008 sec   function_total               
CNarrowChannelRefiner::GetMainNormals                0.005 sec   function_total               
CNarrowChannelRefiner::GetMainNormals                0.008 sec   function_total               
CNarrowChannelRefiner::GetMainNormals                0.005 sec   function_total               
CNarrowChannelRefiner::GetMainNormals                0.005 sec   function_total               
CNarrowChannelRefiner::GetMainNormals                0.011 sec   function_total               
CNarrowChannelRefiner::GetMainNormals                0.006 sec   function_total               
CNarrowChannelRefiner::GetMainNormals                0.018 sec   function_total               
CNarrowChannelRefiner::facade_bricks_of_brick_dirv   0.002 sec   function_total               
CNarrowChannelRefiner::facade_bricks_of_brick_dirv   0.002 sec   function_total               
CNarrowChannelRefiner::facade_bricks_of_brick_dirv   0.002 sec   function_total               
CNarrowChannelRefiner::facade_bricks_of_brick_dirv   0.002 sec   function_total               
CNarrowChannelRefiner::facade_bricks_of_brick_dirv   0.005 sec   function_total               
CNarrowChannelRefiner::facade_bricks_of_brick_dirv   0.002 sec   function_total               
CNarrowChannelRefiner::facade_bricks_of_brick_dirv   0.002 sec   function_total               
CNarrowChannelRefiner::facade_bricks_of_brick_dirv   0.004 sec   function_total               
CNarrowChannelRefiner::next_brick_on_ray             0.002 sec   function_total               
CNarrowChannelRefiner::next_brick_on_ray             0.001 sec   function_total               
CNarrowChannelRefiner::next_brick_on_ray             0.002 sec   function_total               
CNarrowChannelRefiner::next_brick_on_ray             0.002 sec   function_total               
CNarrowChannelRefiner::next_brick_on_ray             0.004 sec   function_total               
CNarrowChannelRefiner::next_brick_on_ray             0.001 sec   function_total               
CNarrowChannelRefiner::next_brick_on_ray             0.001 sec   function_total               
CNarrowChannelRefiner::next_brick_on_ray             0.003 sec   function_total               
CMesh::BuildGeometry                                 0.001 sec   equidistant_refiner          
CNarrowChannelRefiner::RedistributeLevel1            0.022 sec   function_total               
CTPBuilder::build_bcf                                0.804 sec   function_total               
CTPBuilder::bcf_builder                              0.780 sec   function_total               
LoadTrianglesAndXSL                                  0.001 sec   function_total               
CTPBuilder::collect_msh_format                       0.622 sec   function_total               
CTPBuilder::Run                                      0.058 sec   bcf_collect                  
CTPBuilder::Run                                      0.055 sec   bcf_merge                    
CTPBuilder::build_bcf                                0.006 sec   collect_mega_cv              
CTPBuilder::build_bcf                                0.014 sec   convert_to_mds_function      
CMesh::CalculateCurvatureAndToleranceCriteria        0.011 sec   function_total               
Store_Res_2                                          0.048 sec   function_total               
Freemem_CPT                                          0.016 sec   function_total               
------------------------------------------------------------------------------------------------------------

Mesh generation normally finished at	28.5.2022	22:1:21
Mesher CPU = 1 sec
Mesher is finished at	28.5.2022	22:1:21
