Number of used processors (NPROC): 8.
Number of mesh partitions (NPART): 8.
Total Physical Memory = 31.88 Gb, Available Physical Memory = 16.71 Gb
Mesh generation started:	1.6.2022	23:12:34
-----------------------------------------------------------------------
Allocating meshes:
	CPU count: 8
	MESH 0:
		Sub-meshes count: 8
-----------------------------------------------------------------------
Current CPU = 0 sec
-----------------------------------------------------------------------
Geometries initialization:

Geometry database loading ...OK
-----------------------------------------------------------------------
Loading mesh settings (global/local)...
-----------------------------------------------------------------------
Number of geometries: 3
Geometry(0):
	Fluid..
	1 Body.
	1 Real body.
	Tolerance=0.00188821.
	43 Face(s).
		43 of b-spline type.
	168 Triangle(s).
	43 Face(s) that have no ref faces
	43 Plane surface(s).
	114 Edge(s).
		114 of b-spline type.
	Geometry reading: 0.019 s.
	43 Reference Face(s).
	168 Reference Triangles.
	GeometryRef reading: 0.004 s.
Geometry(1):
	Solid..
	1 Body.
	1 Real body.
	Tolerance=0.00188821.
	43 Face(s).
		43 of b-spline type.
	168 Triangle(s).
	0 Face(s) that have no ref faces
	43 Plane surface(s).
	114 Edge(s).
		114 of b-spline type.
	Geometry reading: 0.005 s.
	38 Reference Face(s).
	164 Reference Triangles.
	GeometryRef reading: 0.001 s.
Geometry(2):
	Solid.Insulator.
	1 Body.
	1 Real body.
	Tolerance=0.00188821.
	12 Face(s).
		12 of b-spline type.
	24 Triangle(s).
	0 Face(s) that have no ref faces
	12 Plane surface(s).
	24 Edge(s).
		24 of b-spline type.
	Geometry reading: 0.002 s.
	7 Reference Face(s).
	20 Reference Triangles.
	GeometryRef reading: 0.000 s.
	Making hash and connectivity for geometry 0...
		CBodyGeom:
		Hash size: {28, 12, 16}.
		Mesh size: {28, 12, 16}.
		Hashing triangles...Ok.
		Making triangles connectivity...Ok. (0.001 s).
		Neighbour triangles: 100.00 % (good connect) - 0.00 % (bad connect). Min: 3. Max: 3.
		Done.
		CBodyGeomRef:
		Hashing triangles...Ok.
		Making triangles connectivity...Ok. (0.000 s).
		Neighbour triangles: Min: 1. Max: 3.
		Done.
	0.005 s.
	Making hash and connectivity for geometry 1...
		CBodyGeom:
		Hash size: {28, 12, 16}.
		Mesh size: {28, 12, 16}.
		Hashing triangles...Ok.
		Making triangles connectivity...Ok. (0.002 s).
		Neighbour triangles: 100.00 % (good connect) - 0.00 % (bad connect). Min: 3. Max: 3.
		Done.
		CBodyGeomRef:
		Hashing triangles...Ok.
		Making triangles connectivity...Ok. (0.000 s).
		Neighbour triangles: Min: 1. Max: 3.
		Done.
	0.004 s.
	Making hash and connectivity for geometry 2...
		CBodyGeom:
		Hash size: {28, 12, 16}.
		Mesh size: {28, 12, 16}.
		Hashing triangles...Ok.
		Making triangles connectivity...Ok. (0.000 s).
		Neighbour triangles: 100.00 % (good connect) - 0.00 % (bad connect). Min: 3. Max: 3.
		Done.
		CBodyGeomRef:
		Hashing triangles...Ok.
		Making triangles connectivity...Ok. (0.000 s).
		Neighbour triangles: Min: 1. Max: 2.
		Done.
	0.002 s.
Geometries reading and preparing has taken 0.042 s.

Mapped triangles:
Hashing geometries triangles
	Triangles num=168
	Triangles box={-8.5  ,8.5  ,-0.005  ,5.61062  ,-3  ,3  }
		3d-hash size is 30060 bytes
		Making triangles connectivity...Ok. (0.001 s).
		Neighbour triangles: 100.00 % (good connect) - 0.00 % (bad connect). Min: 3. Max: 3.
	Triangles num=168
	Triangles box={-15.03  ,15.03  ,-1.011  ,10.011  ,-8.016  ,8.016  }
		3d-hash size is 28444 bytes
		Making triangles connectivity...Ok. (0.001 s).
		Neighbour triangles: 100.00 % (good connect) - 0.00 % (bad connect). Min: 3. Max: 3.
	Triangles num=24
	Triangles box={-15.03  ,15.03  ,-1.011  ,10.011  ,-8.016  ,8.016  }
		3d-hash size is 23104 bytes
		Making triangles connectivity...Ok. (0.000 s).
		Neighbour triangles: 100.00 % (good connect) - 0.00 % (bad connect). Min: 3. Max: 3.
Hashing peculiar surfaces triangles
Mapped triangles processed in 0.016 s.
-----------------------------------------------------------------------

Current CPU = 0 sec
Flow Simulation 2017  x64 / 3731 / MESHER ver. efd_16_1.3696_10.11.2016 

Project: C:\Users\Wildf\Workplace\NTU-BIME_Heat-Transfer\Corrugated Iron House\2\2.xmlconfig
Computer name:	DESKTOP-8U0AR32
Operating system:	Windows 10 (or higher) (Version 10.0.19043)

SOLIDWORKS 2017 SP2.0

-----------------------------------------------------------------------
Mesh dimensions:
				I[0 ]=28
				I[1 ]=12
				I[2 ]=16
Solver refinement level	I[47]=0

Comp. domain size:
				a[0  ]=-15
				a[1  ]=15
				a[2  ]=-1
				a[3  ]=10
				a[4  ]=-8
				a[5  ]=8
Wall thickness		a[231]=0
Gap size			a[232]=1

Fluid calculated			1
Solid calculated			1
-----------------------------------------------------------------------
MESH: distribute base bricks among sub-meshes...
	Base bricks count               5376
	Sub-meshes  count               8
	Base bricks count per sub-mesh  672 (+0)
	Sub-mesh 0: 672 base brick(s), range [0, 3]-[0, 11]-[0, 15]
	Sub-mesh 1: 672 base brick(s), range [3, 6]-[0, 11]-[0, 15]
	Sub-mesh 2: 672 base brick(s), range [7, 10]-[0, 11]-[0, 15]
	Sub-mesh 3: 672 base brick(s), range [10, 13]-[0, 11]-[0, 15]
	Sub-mesh 4: 672 base brick(s), range [14, 17]-[0, 11]-[0, 15]
	Sub-mesh 5: 672 base brick(s), range [17, 20]-[0, 11]-[0, 15]
	Sub-mesh 6: 672 base brick(s), range [21, 24]-[0, 11]-[0, 15]
	Sub-mesh 7: 672 base brick(s), range [24, 27]-[0, 11]-[0, 15]
-----------------------------------------------------------------------
-----------------------------------------------------------------------
MESH: collecting ghosts in sub-meshes...
	Sub-mesh 0:
		Total  brick(s) 864
		Native brick(s) 672
		Inner  brick(s) 480
		Outer  brick(s) 192
		Ghost  brick(s) 192
	Sub-mesh 1:
		Total  brick(s) 1056
		Native brick(s) 672
		Inner  brick(s) 288
		Outer  brick(s) 384
		Ghost  brick(s) 384
	Sub-mesh 2:
		Total  brick(s) 1056
		Native brick(s) 672
		Inner  brick(s) 288
		Outer  brick(s) 384
		Ghost  brick(s) 384
	Sub-mesh 3:
		Total  brick(s) 1056
		Native brick(s) 672
		Inner  brick(s) 288
		Outer  brick(s) 384
		Ghost  brick(s) 384
	Sub-mesh 4:
		Total  brick(s) 1056
		Native brick(s) 672
		Inner  brick(s) 288
		Outer  brick(s) 384
		Ghost  brick(s) 384
	Sub-mesh 5:
		Total  brick(s) 1056
		Native brick(s) 672
		Inner  brick(s) 288
		Outer  brick(s) 384
		Ghost  brick(s) 384
	Sub-mesh 6:
		Total  brick(s) 1056
		Native brick(s) 672
		Inner  brick(s) 288
		Outer  brick(s) 384
		Ghost  brick(s) 384
	Sub-mesh 7:
		Total  brick(s) 864
		Native brick(s) 672
		Inner  brick(s) 480
		Outer  brick(s) 192
		Ghost  brick(s) 192
	Total brick(s) 5376
-----------------------------------------------------------------------
Setting regions...OK (0.007 s)
Base mesh info------------------
	2D flag  =0
	Period   =[0, 0, 0]
	Nx=28
		x[0]=-15
		x[1]=-13.8283
		x[2]=-12.707
		x[3]=-11.6337
		x[4]=-10.6063
		x[5]=-9.62281
		x[6]=-8.55355
		x[7]=-7.48432
		x[8]=-6.41508
		x[9]=-5.34584
		x[10]=-4.27661
		x[11]=-3.20737
		x[12]=-2.13814
		x[13]=-1.0689
		x[14]=0.000335805
		x[15]=1.07177
		x[16]=2.14319
		x[17]=3.21462
		x[18]=4.28605
		x[19]=5.35748
		x[20]=6.42891
		x[21]=7.50034
		x[22]=8.57177
		x[23]=9.64319
		x[24]=10.7146
		x[25]=11.7861
		x[26]=12.8575
		x[27]=13.9289
		x[28]=15
	Ny=12
		y[0]=-1
		y[1]=0.0514419
		y[2]=0.968623
		y[3]=1.88584
		y[4]=2.80306
		y[5]=3.72027
		y[6]=4.63749
		y[7]=5.55471
		y[8]=6.37201
		y[9]=7.22376
		y[10]=8.11137
		y[11]=9.03635
		y[12]=10
	Nz=16
		z[0]=-8
		z[1]=-6.88994
		z[2]=-5.83136
		z[3]=-4.82163
		z[4]=-3.85849
		z[5]=-2.93979
		z[6]=-1.95977
		z[7]=-0.979774
		z[8]=0.000225601
		z[9]=0.980226
		z[10]=1.96023
		z[11]=2.94023
		z[12]=3.85896
		z[13]=4.82215
		z[14]=5.83191
		z[15]=6.89049
		z[16]=8
End of base mesh info---------
Input_mesh_settings--------------------------------
Settings 0----------------
	Scope: GLOBAL
	Type:	------MESHER_SETTINGS----------
	RefAllCells           =0
	RefFluidCells         =0
	RefPartCells          =0
	RefSolidCells         =0
	l_SSFR(Capture crit)  =1
	l_curv(Curvature crit)=0
	l_tol(Tolerance crit) =0
	UseChannelRef         =1
	  NCR_method          =0
	  l_NCR               =1
	  N_gap               =5
	  Use d_NCR_min       =0
	  Use d_NCR_max       =0
	IgnoreThinChannelsHeight         =0
	--END_OF_MESHER_SETTINGS-------
End of input mesh settings-------------------------

-----------------------------------------------------------------------
Building geometries:
Building geometry Fluid.0.(0)...

-----------------------------------------------------------------------
Refining by triangulation...
Refinement input: 5376 bricks
Setting regions...OK (0.006 s)
Refinement result: 5852 bricks (0.021 s)
Refinement input: 5852 bricks
Refinement result: 5852 bricks (0.003 s)
Collecting and processing rays...OK (0.024 s)
Capturing...OK (0.010 s)
Refining by triangulation takes 0.061 s
-----------------------------------------------------------------------

-----------------------------------------------------------------------
Refining peculiar surfaces...
0 surfaces refined
Refining peculiar surfaces takes 0.001 s
-----------------------------------------------------------------------
Collecting and processing rays...OK (0.001 s)
Capturing...OK (0.001 s)
Collecting and processing rays...OK (0.002 s)
Capturing...OK (0.002 s)
Collecting and processing rays...OK (0.002 s)
Capturing...OK (0.001 s)

-----------------------------------------------------------------------
Base mesh 1 Refining...
Refinement input: 5852 bricks
Refinement result: 5852 bricks (0.003 s)
Collecting and processing rays...OK (0.002 s)
Capturing...OK (0.001 s)
-----------------------------------------------------------------------
Refining channels...
FYI: CNarrowChannelRefiner::RefineChannels_PRLL: m_submesh_count=8
Refinement input: 5852 bricks
Setting regions...OK (0.010 s)
	Re-balancing...
	Send and create bricks on destination sub meshes...
	Collecting ghosts...
	Balancing finished.
Refinement result: 6328 bricks (0.025 s)
Collecting and processing rays...OK (0.009 s)
Capturing...OK (0.003 s)
FYI: m_iteration_count = 0
FYI: level1 statistics:
     level1_cnt_plus[1]=544;		level1_cnt_minus[1]=0
     level1_cnt_plus[2]=0;		level1_cnt_minus[2]=0
     level1_cnt_plus[3]=0;		level1_cnt_minus[3]=0
     level1_cnt_plus[4]=0;		level1_cnt_minus[4]=0
     level1_cnt_plus[5]=0;		level1_cnt_minus[5]=0
     level1_cnt_plus[6]=0;		level1_cnt_minus[6]=0
     level1_cnt_plus[7]=0;		level1_cnt_minus[7]=0
     level1_cnt_plus[8]=0;		level1_cnt_minus[8]=0
     level1_cnt_plus[9]=0;		level1_cnt_minus[9]=0
Refinement input: 6328 bricks
Setting regions...OK (0.007 s)
Refinement result: 6384 bricks (0.014 s)
Collecting and processing rays...OK (0.008 s)
Capturing...OK (0.003 s)
FYI: m_iteration_count = 1
FYI: level1 statistics:
     level1_cnt_plus[1]=608;		level1_cnt_minus[1]=0
     level1_cnt_plus[2]=0;		level1_cnt_minus[2]=0
     level1_cnt_plus[3]=0;		level1_cnt_minus[3]=0
     level1_cnt_plus[4]=0;		level1_cnt_minus[4]=0
     level1_cnt_plus[5]=0;		level1_cnt_minus[5]=0
     level1_cnt_plus[6]=0;		level1_cnt_minus[6]=0
     level1_cnt_plus[7]=0;		level1_cnt_minus[7]=0
     level1_cnt_plus[8]=0;		level1_cnt_minus[8]=0
     level1_cnt_plus[9]=0;		level1_cnt_minus[9]=0
FYI: m_iteration_count = 2
FYI: level1 statistics:
     level1_cnt_plus[1]=608;		level1_cnt_minus[1]=0
     level1_cnt_plus[2]=0;		level1_cnt_minus[2]=0
     level1_cnt_plus[3]=0;		level1_cnt_minus[3]=0
     level1_cnt_plus[4]=0;		level1_cnt_minus[4]=0
     level1_cnt_plus[5]=0;		level1_cnt_minus[5]=0
     level1_cnt_plus[6]=0;		level1_cnt_minus[6]=0
     level1_cnt_plus[7]=0;		level1_cnt_minus[7]=0
     level1_cnt_plus[8]=0;		level1_cnt_minus[8]=0
     level1_cnt_plus[9]=0;		level1_cnt_minus[9]=0
FYI: level1 statistics:
     level1_cnt_plus[1]=608;		level1_cnt_minus[1]=0
     level1_cnt_plus[2]=0;		level1_cnt_minus[2]=0
     level1_cnt_plus[3]=0;		level1_cnt_minus[3]=0
     level1_cnt_plus[4]=0;		level1_cnt_minus[4]=0
     level1_cnt_plus[5]=0;		level1_cnt_minus[5]=0
     level1_cnt_plus[6]=0;		level1_cnt_minus[6]=0
     level1_cnt_plus[7]=0;		level1_cnt_minus[7]=0
     level1_cnt_plus[8]=0;		level1_cnt_minus[8]=0
     level1_cnt_plus[9]=0;		level1_cnt_minus[9]=0
	CNarrowChannelRefiner::ChannelsResolution            function_total                0      = 0.141793 sec

-----------------------------------------------------------------------
U-shapes refinement...
Refinement input: 6384 bricks
Refinement result: 6384 bricks (0.005 s)
Collecting and processing rays...OK (0.001 s)
Capturing...OK (0.000 s)
-----------------------------------------------------------------------

-----------------------------------------------------------------------
Equi Distant Refiner:
Equi Distant Refiner takes 0.00 s
-----------------------------------------------------------------------
Building geometry takes 0.238 s
Geometry Fluid.0.
Total		6384
Partial	0
Fluid		6384
Solid		0
Bad		0

/-Ray Intersection---------------/ Time	0.005 s
Calls			1614
CorrectRay Calls	0


Building geometry Solid.1.(1)...

-----------------------------------------------------------------------
Refining by triangulation...
Refinement input: 6384 bricks
Setting regions...OK (0.005 s)
Refinement result: 6496 bricks (0.022 s)
Refinement input: 6496 bricks
Refinement result: 6496 bricks (0.006 s)
Collecting and processing rays...OK (0.022 s)
Capturing...OK (0.007 s)
Refining by triangulation takes 0.066 s
-----------------------------------------------------------------------
Collecting and processing rays...OK (0.003 s)
Capturing...OK (0.000 s)
Collecting and processing rays...OK (0.003 s)
Capturing...OK (0.001 s)

-----------------------------------------------------------------------
Base mesh 1 Refining...
Refinement input: 6496 bricks
Refinement result: 6496 bricks (0.002 s)
Collecting and processing rays...OK (0.002 s)
Capturing...OK (0.000 s)
-----------------------------------------------------------------------
Building geometry takes 0.088 s
Geometry Solid.1.
Total		6496
Partial	0
Fluid		0
Solid		6496
Bad		0

/-Ray Intersection---------------/ Time	0.006 s
Calls			1646
CorrectRay Calls	0


Building geometry Solid.2.Insulator(2)...

-----------------------------------------------------------------------
Refining by triangulation...
Refinement input: 6496 bricks
Refinement result: 6496 bricks (0.004 s)
Refinement input: 6496 bricks
Refinement result: 6496 bricks (0.004 s)
Collecting and processing rays...OK (0.028 s)
Capturing...OK (0.005 s)
Refining by triangulation takes 0.046 s
-----------------------------------------------------------------------
Collecting and processing rays...OK (0.001 s)
Capturing...OK (0.001 s)
Collecting and processing rays...OK (0.002 s)
Capturing...OK (0.001 s)

-----------------------------------------------------------------------
Base mesh 1 Refining...
Refinement input: 6496 bricks
Refinement result: 6496 bricks (0.004 s)
Collecting and processing rays...OK (0.004 s)
Capturing...OK (0.001 s)
-----------------------------------------------------------------------
Building geometry takes 0.08 s
Geometry Solid.2.Insulator
Total		6496
Partial	0
Fluid		0
Solid		6496
Bad		0

/-Ray Intersection---------------/ Time	0.003 s
Calls			1646
CorrectRay Calls	0


Building geometries takes 0.424 s
-----------------------------------------------------------------------

-----------------------------------------------------------------------
PostBuilding geometries:
PostBuilding geometry Fluid.0.(0)...
Collecting and processing rays...OK (0.008 s)
Capturing...OK (0.001 s)
PostBuilding geometry takes 0.017 s
Geometry Fluid.0.
Total		6496
Partial	0
Fluid		6496
Solid		0
Bad		0

/-Ray Intersection---------------/ Time	0.000 s
Calls			32
CorrectRay Calls	0


PostBuilding geometry Solid.1.(1)...
Collecting and processing rays...OK (0.002 s)
Capturing...OK (0.001 s)
PostBuilding geometry takes 0.013 s
Geometry Solid.1.
Total		6496
Partial	0
Fluid		0
Solid		6496
Bad		0
PostBuilding geometries takes 0.061 s
-----------------------------------------------------------------------
Defect ray count	0
FYI: CNarrowChannelRefiner::RedistributeLevel1_step_1: is finished
FYI: level1 statistics:
     level1_cnt_plus[1]=608;		level1_cnt_minus[1]=0
     level1_cnt_plus[2]=0;		level1_cnt_minus[2]=0
     level1_cnt_plus[3]=0;		level1_cnt_minus[3]=0
     level1_cnt_plus[4]=0;		level1_cnt_minus[4]=0
     level1_cnt_plus[5]=0;		level1_cnt_minus[5]=0
     level1_cnt_plus[6]=0;		level1_cnt_minus[6]=0
     level1_cnt_plus[7]=0;		level1_cnt_minus[7]=0
     level1_cnt_plus[8]=0;		level1_cnt_minus[8]=0
     level1_cnt_plus[9]=0;		level1_cnt_minus[9]=0
FYI: CNarrowChannelRefiner::RedistributeLevel1_step_2: is started
FYI: CNarrowChannelRefiner::RedistributeLevel1_step_2: is finished
FYI: level1 statistics:
     level1_cnt_plus[1]=824;		level1_cnt_minus[1]=0
     level1_cnt_plus[2]=0;		level1_cnt_minus[2]=0
     level1_cnt_plus[3]=0;		level1_cnt_minus[3]=0
     level1_cnt_plus[4]=0;		level1_cnt_minus[4]=0
     level1_cnt_plus[5]=0;		level1_cnt_minus[5]=0
     level1_cnt_plus[6]=0;		level1_cnt_minus[6]=0
     level1_cnt_plus[7]=0;		level1_cnt_minus[7]=0
     level1_cnt_plus[8]=0;		level1_cnt_minus[8]=0
     level1_cnt_plus[9]=0;		level1_cnt_minus[9]=0
FYI: CNarrowChannelRefiner::RedistributeLevel1_step_3: is started
FYI: CNarrowChannelRefiner::RedistributeLevel1_step_3: is finished
RedistributeLevel1 takes:
	CNarrowChannelRefiner::RedistributeLevel1            function_total                0      = 0.0378424 sec
FYI: level1 statistics:
     level1_cnt_plus[1]=824;		level1_cnt_minus[1]=392
     level1_cnt_plus[2]=0;		level1_cnt_minus[2]=0
     level1_cnt_plus[3]=0;		level1_cnt_minus[3]=0
     level1_cnt_plus[4]=0;		level1_cnt_minus[4]=0
     level1_cnt_plus[5]=0;		level1_cnt_minus[5]=0
     level1_cnt_plus[6]=0;		level1_cnt_minus[6]=0
     level1_cnt_plus[7]=0;		level1_cnt_minus[7]=0
     level1_cnt_plus[8]=0;		level1_cnt_minus[8]=0
     level1_cnt_plus[9]=0;		level1_cnt_minus[9]=0
-----------------------------------------------------------------------
BCF-Builder Iteration: 0
Memory Working Set Current = 24.91 Mb, Memory Working Set Peak = 25.46 Mb
Process Threads Number: 21
Loading geometries triangulation & x-stacks...OK
	Sub-mesh 0:
		Total  brick(s) 983
		Native brick(s) 791
		Inner  brick(s) 599
		Outer  brick(s) 192
		Ghost  brick(s) 192
	Sub-mesh 1:
		Total  brick(s) 1227
		Native brick(s) 791
		Inner  brick(s) 361
		Outer  brick(s) 430
		Ghost  brick(s) 436
	Sub-mesh 2:
		Total  brick(s) 1263
		Native brick(s) 819
		Inner  brick(s) 339
		Outer  brick(s) 480
		Ghost  brick(s) 444
	Sub-mesh 3:
		Total  brick(s) 1299
		Native brick(s) 847
		Inner  brick(s) 425
		Outer  brick(s) 422
		Ghost  brick(s) 452
	Sub-mesh 4:
		Total  brick(s) 1298
		Native brick(s) 847
		Inner  brick(s) 425
		Outer  brick(s) 422
		Ghost  brick(s) 451
	Sub-mesh 5:
		Total  brick(s) 1262
		Native brick(s) 819
		Inner  brick(s) 341
		Outer  brick(s) 478
		Ghost  brick(s) 443
	Sub-mesh 6:
		Total  brick(s) 1226
		Native brick(s) 791
		Inner  brick(s) 362
		Outer  brick(s) 429
		Ghost  brick(s) 435
	Sub-mesh 7:
		Total  brick(s) 983
		Native brick(s) 791
		Inner  brick(s) 599
		Outer  brick(s) 192
		Ghost  brick(s) 192
	Total brick(s) 6496

-----------------------------------------------------------------------
MSH (Real Geometry) format constructor:
Getting submesh brick sets...OK (0.001 s)
Level 1
	Inner time 0.405 s
	Outer Time 0.288 s
	Level Time 0.694 s
Level 0
	Inner time 0.168 s
	Outer Time 0.137 s
	Level Time 0.309 s

Brick parser time info:
	0.934 s - time_Run
		0.040 s - time_ConstructPoints
			0.035 s - time_ConstructPointsAddFind2
		0.036 s - time_ConstructPointsAndConnectsFromNb
		0.012 s - time_AddRibConnects
		0.169 s - time_ConstructBrickFacets
			0.073 s - time_CalculateQpoints
				0.015 s - time_AddFacetPoint_GetFacesQpoint
					0.000 s - time_GetFacesQpoint_UShaped
						0.000 s - time_GetFacesQpoint2
					0.000 s - time_GetFacesQpoint_AddEdgesToList
					0.012 s - time_Edge_GetClosestPointOn
					0.003 s - time_Edge_NewtonMethod
					0.000 s - time_GetFacesQpoint_ManyFinds
				0.027 s - time_AddFacetPoint_AddQPoint
					0.064 s - time_PointReverseEvaluate
				0.022 s - time_AddFacetPoint_AddFind2
		0.000 s - time_RemoveOddConnects
		0.026 s - time_TestConnectivity
		0.001 s - time_ValidateXeps
		0.029 s - time_ConstructFaceAs
		0.002 s - time_ConstructCvs
		0.004 s - time_ConstructFaceWs
		0.044 s - time_RealGeomAddQPoints
		0.015 s - time_RealGeomAddNewFaces
		0.001 s - time_RealGeomInitOppositeGeomFaceInd
		0.010 s - time_RealGeomApproxCurveFaces
		0.000 s - time_Enum1
		0.000 s - time_Enum2
		0.002 s - time_RealGeomCheckInvalidConnects
		0.453 s - time_RealGeomParameters
			0.346 s - time_CalculateParametersOfCv
			0.098 s - time_CalculateParametersOfFace
				0.072 s - time_CalculateRR
				0.023 s - time_CalculateRefFaceData
				0.001 s - time_CalculateLambdaProjection
			0.009 s - time_SetFacesOrientation
Result:
	Bricks number:                        6496

	Memory usage:                         0.682 MB
	Memory usage (per brick):             0.107 KB
	Construction time:                    1.116 s

	Topology features:
	------------------
	- High quality bricks                 100.00 % (6496)
	- Medium quality bricks                 0.00 % (0)
	- Bad quality bricks                    0.00 % (0)
	- Ribs corrected bricks                 0.00 % (0)
	- Points with geom-info (bricks)        0.00 % (0)
	- Points with closest-info (bricks)     0.00 % (0)
	- Triangulated by center (bricks)       0.00 % (0)
	- Facet w-faces mergings (bricks)       0.00 % (0)
	- To refine (bricks)                    0.00 % (0)

Memory Working Set Current = 27.88 Mb, Memory Working Set Peak = 45.18 Mb
Process Threads Number: 21
-----------------------------------------------------------------------
-----------------------------------------------------------------------
MSH --> BCF format (Iteration 0)...
BCF collector...
	(0) Bcf collect time 0.090 s (983 avs, 0 fws)
	(4) Bcf collect time 0.089 s (1736 avs, 610 fws)
	(5) Bcf collect time 0.092 s (1771 avs, 667 fws)
	(1) Bcf collect time 0.088 s (1539 avs, 448 fws)
	(7) Bcf collect time 0.093 s (983 avs, 0 fws)
	(3) Bcf collect time 0.094 s (1736 avs, 607 fws)
	(2) Bcf collect time 0.096 s (1771 avs, 668 fws)
	(6) Bcf collect time 0.097 s (1534 avs, 444 fws)
	(6) Remove defect avs time 0.018 s
	(5) Remove defect avs time 0.013 s
	(1) Remove defect avs time 0.013 s
	(0) Remove defect avs time 0.019 s
	(4) Remove defect avs time 0.018 s
	(7) Remove defect avs time 0.017 s
	(3) Remove defect avs time 0.020 s
	(2) Remove defect avs time 0.020 s
Defect subdomain detector...
		1 subdomain(s) of gi=0 (real bodies = 1).
			Subdomain 0: 7292 av
		Get real subdoms time 0.000 s
		Mark defect subdomains by closed av...
		Mark by closed av time 0.000 s
		Mark defect subdomains by real bodies...
		0 defect subdomain(s) of gi=0.
		1 subdomain(s) of gi=1 (real bodies = 1).
			Subdomain 0: 576 av
		Get real subdoms time 0.000 s
		Mark defect subdomains by real bodies...
		0 defect subdomain(s) of gi=1.
		1 subdomain(s) of gi=2 (real bodies = 1).
			Subdomain 0: 352 av
		Get real subdoms time 0.000 s
		Mark defect subdomains by real bodies...
		0 defect subdomain(s) of gi=2.
	(5) Remove defect subdoms time 0.008 s
	(3) Remove defect subdoms time 0.007 s
	(1) Remove defect subdoms time 0.008 s
	(2) Remove defect subdoms time 0.008 s
	(4) Remove defect subdoms time 0.008 s
	(6) Remove defect subdoms time 0.008 s
	(0) Remove defect subdoms time 0.007 s
	(7) Remove defect subdoms time 0.008 s
NB-faces collector & conservator...
Sub-mesh 0.
	Conservated total=0 (bb-faces=0)
Sub-mesh 1.
	Conservated total=0 (bb-faces=0)
Sub-mesh 2.
	Conservated total=13 (bb-faces=0)
Sub-mesh 3.
	Conservated total=26 (bb-faces=0)
Sub-mesh 4.
	Conservated total=26 (bb-faces=0)
Sub-mesh 5.
	Conservated total=13 (bb-faces=0)
Sub-mesh 6.
	Conservated total=0 (bb-faces=0)
Sub-mesh 7.
	Conservated total=0 (bb-faces=0)
	(0) Bcf calc time 0.001 s
	(5) Bcf calc time 0.004 s
	(1) Bcf calc time 0.005 s
	(4) Bcf calc time 0.005 s
	(7) Bcf calc time 0.001 s
	(6) Bcf calc time 0.006 s
	(3) Bcf calc time 0.008 s
	(2) Bcf calc time 0.010 s
FACE_W optimizer ...
Sub-mesh 0.
	Before optimization total=692 (fs=0, ff=0, ss=0)
	After  optimization total=692 (fs=0, ff=0, ss=0)
Sub-mesh 1.
	Before optimization total=1425 (fs=432, ff=0, ss=16)
	After  optimization total=1425 (fs=432, ff=0, ss=16)
Sub-mesh 2.
	Before optimization total=1690 (fs=648, ff=0, ss=20)
	After  optimization total=1690 (fs=648, ff=0, ss=20)
Sub-mesh 3.
	Before optimization total=1676 (fs=587, ff=0, ss=20)
	After  optimization total=1676 (fs=587, ff=0, ss=20)
Sub-mesh 4.
	Before optimization total=1675 (fs=590, ff=0, ss=20)
	After  optimization total=1675 (fs=590, ff=0, ss=20)
Sub-mesh 5.
	Before optimization total=1691 (fs=647, ff=0, ss=20)
	After  optimization total=1691 (fs=647, ff=0, ss=20)
Sub-mesh 6.
	Before optimization total=1421 (fs=428, ff=0, ss=16)
	After  optimization total=1421 (fs=428, ff=0, ss=16)
Sub-mesh 7.
	Before optimization total=692 (fs=0, ff=0, ss=0)
	After  optimization total=692 (fs=0, ff=0, ss=0)
-----------------------------------------------------------------------
-----------------------------------------------------------------------
Merging BCF...
Merging bricks trees...OK (0.02 s)
Merging av data...OK (0.01 s)
Merging a-faces data (fluid)...
	New a-face count   20622
	Bound a-face count 1841 (8.93 %)
Merging a-faces data takes 0.01 s
Merging a-faces data (solid)...
	New a-face count   1828
	Bound a-face count 200 (10.94 %)
Merging a-faces data takes 0.00 s
Merging w-faces data...
	New w-face count   4612
	Bound w-face count 0 (0.00 %)
	Need fw-nb         3680 (79.79 %)
Merging w-faces data takes 0.07 s
Merging BCF takes (0.13 s)
-----------------------------------------------------------------------

-----------------------------------------------------------------------
Geometrical diagonal nb-faces collector (cpu_num=8)...
	Time=0.045s.
-----------------------------------------------------------------------
Fluid Subdom Constructor: 1 subdom(s).
	Remove nb-fw from diff subdomains (fs)...
		Diff subdomains cases         0

-----------------------------------------------------------------------
BCF CHECKSUM DATA (Mesh 0):

FACE_A Area Sum:   G.Fluid        15470.4664042021800000
FACE_A Area Sum:   G.Solid        2.5169982780265743
FACE_W Area Sum:                  2726.9424435246583000
FACE_W Nb   Sum:                  36908
FACE_W min curvatures sum:        -0.00000005
FACE_W max curvatures sum:        0.00000006
AV Max Disbalance: G.Fluid        3.096e-015 (cid=3695, avid=4182, pid=1000)
AV Max Disbalance: G.Solid        8.49758e-015 (cid=3754, avid=7884, pid=592)
BRICK-AV Volume Disbalance:       0 (cid=0)
-----------------------------------------------------------------------


-----------------------------------------------------------------------
MESHER TOPOLOGY DATA (Mesh 0):

BRICKS: Total                 6496
BRICKS: 1-CV                  5648
BRICKS: 2-CV                  132
BRICKS: 3-CV                  636
BRICKS: 5-CV                  80
BRICKS: Bad                   0

AV:     G.Total               8220
AV:     G.Fluid               7292
AV:     G.Solid               928

AV:     G.Fluid Thin Profile    0.00 % (0)
AV:     G.Solid Thin Profile   77.16 % (716)

AV:     G.Fluid Thin For Mega   0.00 % (0)
AV:     G.Solid Thin For Mega  68.10 % (632)

AV:     G.Fluid Non-Convex      3.07 % (224)
AV:     G.Solid Non-Convex     12.50 % (116)

FACE_A: G.Fluid          (af) 20622 (partially opened 3463)
FACE_A: G.Solid          (as) 1828 (partially opened 1828)

FACE_W: G.Total                 4612        Brick/Bound
FACE_W: G.Fluid/Solid    (fs_g) 2292        0           
FACE_W: G.Fluid/Fluid    (ff_g) 0           0           
FACE_W: G.Solid/Solid    (ss_g) 80          0           
FACE_W: G.Fluid/External (fe_g) 2240
FACE_W: G.Solid/External (se_g) 0

AV max fa count:                12
AV max fw count:                6
AV max fw poly count:           6

MEMORY: Total                   3.014 MB
MEMORY: Per Brick               0.475 KB
-----------------------------------------------------------------------

-----------------------------------------------------------------------
Mega-cv constructor for fluid...
	 0 av's is treated as thin
Relative size generator (threshold = 0.05)...OK
	 76 mega-cv's generated
	 0 mega-cv's removed
Convert clusters:
	 76 mega-cv's total
Mega-cv count: 76
-----------------------------------------------------------------------
-----------------------------------------------------------------------
Mega-cv constructor for solid...
Mega-cv count: 0
-----------------------------------------------------------------------
Mixing plane rotation regions: NO.
Sliding mesh rotation regions: NO.
Fluid/fluid faces: NO.
----------------------------------------------------------
BCF --> BCF.GEOMSUBDOM (bridge arrays) (cpu_num=8):
MESH (0):
	Fluid Subdom Constructor: 1 subdom(s).
	Solid Subdom Constructor: 2 subdom(s).
	Net Asm Subdom Constructor: 0 subdom(s).
	GEOMSUBDOM (0): gi=0 fluid av=7292 cv=7208 fa=20622 fw=4532 V=5.279215e+003
	GEOMSUBDOM (1): gi=2 solid av=352 cv=352 fa=670 fw=956 V=5.100000e-001
	GEOMSUBDOM (2): gi=1 solid av=576 cv=576 fa=1158 fw=1496 V=2.753454e-001
	Setting nb of w-faces...OK.

MESH (0) checking:
	GEOMSUBDOM (0):fa_s=15470.4664042021800000 fw_s=2726.9004475246502000 fw_nb=36092
	GEOMSUBDOM (1):fa_s=1.7069468280285829 fw_s=204.2300000000001600 fw_nb=6936
	GEOMSUBDOM (2):fa_s=0.8100514499979883 fw_s=550.7544395246523000 fw_nb=11332
MESH (0) checking: OK.
----------------------------------------------------------
-----------------------------------------------------------------------
Calculating curvature and tolerance criteria...
Curvature: min=0 max=3.14159
Tolerance: min=0 max=0.481067
Calculating curvature and tolerance criteria takes 0.026 s
-----------------------------------------------------------------------
Current CPU = 2 sec

Nx=28
Ny=12
Nz=16
Max_RL=1
12. Saving initial mesh in: C:\Users\Wildf\Workplace\NTU-BIME_Heat-Transfer\Corrugated Iron House\2\2.fld .
Storing results...
Estimated CPT size=1.267 MB.
OK
Memory Working Set Current = 34.88 Mb, Memory Working Set Peak = 45.18 Mb
Process Threads Number: 21
Cleaning memory...
Free Geometry DB takes 0.004 s
Copying... OK

------------------------------------------------------------------------------------------------------------
CPU report:
Function                                             CPU           descriptor                    nproc     
------------------------------------------------------------------------------------------------------------
GetGeometryFromSW                                    0.081 sec   function_total               
GetGeometryFromSW                                    0.032 sec   InitGeometryTriangles        
CMesh::PrepareMappedTriangles                        0.015 sec   function_total               
SwapGeometries                                       0.117 sec   function_total               
SwapGeometries                                       0.000 sec   function_total               
SwapGeometries                                       0.000 sec   function_total               
SwapGeometries                                       0.000 sec   function_total               
SwapGeometries                                       0.000 sec   function_total               
SwapGeometries                                       0.000 sec   function_total               
SwapGeometries                                       0.000 sec   function_total               
SwapGeometries                                       0.000 sec   function_total               
CMesh::PreBuild                                      0.056 sec   function_total               
SetBrickRegion                                       0.046 sec   function_total               
CMesh::Build                                         0.495 sec   function_total               
CMesh::BuildGeometry                                 0.407 sec   function_total               
ActivateAllCellsParameters                           0.066 sec   function_total               
RefineByTriangles                                    0.168 sec   function_total               
CaptureRefined                                       0.179 sec   function_total               
GetMultiRaysIntersections                            0.027 sec   full                         
CRayCollector::CorrectRays2                          0.056 sec   full                         
CRayCollector::CorrectRays2                          0.029 sec   stage_1_collect_undefined_vertices1
RefinePeculiarSurfaces                               0.004 sec   function_total               
CNarrowChannelRefiner::ChannelsResolution            0.142 sec   function_total               
CNarrowChannelRefiner::RefineChannels_PRLL           0.140 sec   function_total               
CNarrowChannelRefiner::GetMainNormals                0.015 sec   function_total               
CNarrowChannelRefiner::GetMainNormals                0.010 sec   function_total               
CNarrowChannelRefiner::GetMainNormals                0.006 sec   function_total               
CNarrowChannelRefiner::GetMainNormals                0.006 sec   function_total               
CNarrowChannelRefiner::GetMainNormals                0.009 sec   function_total               
CNarrowChannelRefiner::GetMainNormals                0.006 sec   function_total               
CNarrowChannelRefiner::facade_bricks_of_brick_dirv   0.000 sec   function_total               
CNarrowChannelRefiner::facade_bricks_of_brick_dirv   0.005 sec   function_total               
CNarrowChannelRefiner::facade_bricks_of_brick_dirv   0.014 sec   function_total               
CNarrowChannelRefiner::facade_bricks_of_brick_dirv   0.004 sec   function_total               
CNarrowChannelRefiner::facade_bricks_of_brick_dirv   0.007 sec   function_total               
CNarrowChannelRefiner::facade_bricks_of_brick_dirv   0.016 sec   function_total               
CNarrowChannelRefiner::facade_bricks_of_brick_dirv   0.006 sec   function_total               
CNarrowChannelRefiner::facade_bricks_of_brick_dirv   0.000 sec   function_total               
CNarrowChannelRefiner::next_brick_on_ray             0.000 sec   function_total               
CNarrowChannelRefiner::next_brick_on_ray             0.005 sec   function_total               
CNarrowChannelRefiner::next_brick_on_ray             0.013 sec   function_total               
CNarrowChannelRefiner::next_brick_on_ray             0.004 sec   function_total               
CNarrowChannelRefiner::next_brick_on_ray             0.006 sec   function_total               
CNarrowChannelRefiner::next_brick_on_ray             0.015 sec   function_total               
CNarrowChannelRefiner::next_brick_on_ray             0.005 sec   function_total               
CNarrowChannelRefiner::next_brick_on_ray             0.000 sec   function_total               
CNarrowChannelRefiner::RefineChannels_PRLL           0.069 sec   NCR_execute_refinement       
CMesh::BuildGeometry                                 0.001 sec   equidistant_refiner          
PostCaptureGeometry                                  0.031 sec   function_total               
CNarrowChannelRefiner::RedistributeLevel1            0.041 sec   function_total               
CTPBuilder::build_bcf                                1.644 sec   function_total               
CTPBuilder::bcf_builder                              1.552 sec   function_total               
LoadTrianglesAndXSL                                  0.011 sec   function_total               
CTPBuilder::collect_msh_format                       1.142 sec   function_total               
CTPBuilder::Run                                      0.147 sec   bcf_collect                  
CTPBuilder::Run                                      0.221 sec   bcf_merge                    
CTPBuilder::build_bcf                                0.048 sec   collect_mega_cv              
CTPBuilder::build_bcf                                0.040 sec   convert_to_mds_function      
CMesh::CalculateCurvatureAndToleranceCriteria        0.028 sec   function_total               
Store_Res_2                                          0.175 sec   function_total               
Freemem_CPT                                          0.043 sec   function_total               
------------------------------------------------------------------------------------------------------------

Mesh generation normally finished at	1.6.2022	23:12:37
Mesher CPU = 3 sec
Mesher is finished at	1.6.2022	23:12:37
