Number of used processors (NPROC): 8.
Number of mesh partitions (NPART): 8.
Total Physical Memory = 31.88 Gb, Available Physical Memory = 15.96 Gb
Mesh generation started:	30.5.2022	4:21:3
-----------------------------------------------------------------------
Allocating meshes:
	CPU count: 8
	MESH 0:
		Sub-meshes count: 8
-----------------------------------------------------------------------
Current CPU = 0 sec
-----------------------------------------------------------------------
Geometries initialization:

Geometry database loading ...OK
-----------------------------------------------------------------------
Loading mesh settings (global/local)...
-----------------------------------------------------------------------
Number of geometries: 3
Geometry(0):
	Fluid..
	1 Body.
	1 Real body.
	Tolerance=1.80734e-005.
	81 Face(s).
		81 of b-spline type.
	16806 Triangle(s).
	4 Face(s) that have no ref faces
	60 Plane surface(s).
	12 Cylinder surface(s).
	1 Cone surface(s).
	2 Torus surface(s).
	2 B- surface(s).
	4 Blending surface(s).
	235 Edge(s).
		235 of b-spline type.
	Geometry reading: 0.034 s.
	77 Reference Face(s).
	16798 Reference Triangles.
	GeometryRef reading: 0.023 s.
Geometry(1):
	Fluid..
	1 Body.
	1 Real body.
	Tolerance=1.80734e-005.
	105 Face(s).
		105 of b-spline type.
	146040 Triangle(s).
	0 Face(s) that have no ref faces
	8 Plane surface(s).
	1 Cylinder surface(s).
	96 B- surface(s).
	398 Edge(s).
		398 of b-spline type.
	Geometry reading: 0.200 s.
	101 Reference Face(s).
	148702 Reference Triangles.
	GeometryRef reading: 0.128 s.
Geometry(2):
	Solid..
	1 Body.
	1 Real body.
	Tolerance=1.80734e-005.
	181 Face(s).
		181 of b-spline type.
	156876 Triangle(s).
	0 Face(s) that have no ref faces
	65 Plane surface(s).
	11 Cylinder surface(s).
	1 Cone surface(s).
	2 Torus surface(s).
	98 B- surface(s).
	4 Blending surface(s).
	533 Edge(s).
		533 of b-spline type.
	Geometry reading: 0.218 s.
	221 Reference Face(s).
	160730 Reference Triangles.
	GeometryRef reading: 0.228 s.
	Making hash and connectivity for geometry 0...
		CBodyGeom:
		Hash size: {40, 14, 40}.
		Mesh size: {10, 7, 10}.
		Hashing triangles...Ok.
		Making triangles connectivity...Ok. (0.125 s).
		Neighbour triangles: 100.00 % (good connect) - 0.00 % (bad connect). Min: 3. Max: 3.
		Done.
		CBodyGeomRef:
		Hashing triangles...Ok.
		Making triangles connectivity...Ok. (0.091 s).
		Neighbour triangles: Min: 1. Max: 3.
		Done.
	0.227 s.
	Making hash and connectivity for geometry 1...
		CBodyGeom:
		Hash size: {40, 28, 40}.
		Mesh size: {10, 7, 10}.
		Hashing triangles...Ok.
		Making triangles connectivity...Ok. (6.733 s).
		Neighbour triangles: 100.00 % (good connect) - 0.00 % (bad connect). Min: 3. Max: 3.
		Done.
		CBodyGeomRef:
		Hashing triangles...Ok.
		Making triangles connectivity...Ok. (5.054 s).
		Neighbour triangles: Min: 1. Max: 3.
		Done.
	6.864 s.
	Making hash and connectivity for geometry 2...
		CBodyGeom:
		Hash size: {40, 28, 40}.
		Mesh size: {10, 7, 10}.
		Hashing triangles...Ok.
		Making triangles connectivity...Ok. (9.376 s).
		Neighbour triangles: 100.00 % (good connect) - 0.00 % (bad connect). Min: 3. Max: 3.
		Done.
		CBodyGeomRef:
		Hashing triangles...Ok.
		Making triangles connectivity...Ok. (7.082 s).
		Neighbour triangles: Min: 1. Max: 3.
		Done.
	10.038 s.
Geometries reading and preparing has taken 11.096 s.

Mapped triangles:
Hashing geometries triangles
	Triangles num=16806
	Triangles box={-0.0501  ,0.0501  ,-0.0200519  ,0.0375  ,-0.0501  ,0.0501  }
		3d-hash size is 97236 bytes
		Making triangles connectivity...Ok. (0.092 s).
		Neighbour triangles: 100.00 % (good connect) - 0.00 % (bad connect). Min: 3. Max: 3.
	Triangles num=146040
	Triangles box={-0.0501  ,0.0501  ,-0.0501  ,0.0501  ,-0.0501  ,0.0501  }
		3d-hash size is 643788 bytes
		Making triangles connectivity...Ok. (3.144 s).
		Neighbour triangles: 100.00 % (good connect) - 0.00 % (bad connect). Min: 3. Max: 3.
	Triangles num=156876
	Triangles box={-0.0501  ,0.0501  ,-0.0501  ,0.0501  ,-0.0501  ,0.0501  }
		3d-hash size is 703436 bytes
		Making triangles connectivity...Ok. (3.462 s).
		Neighbour triangles: 100.00 % (good connect) - 0.00 % (bad connect). Min: 3. Max: 3.
Hashing peculiar surfaces triangles
Mapped triangles processed in 7.123 s.
-----------------------------------------------------------------------

Current CPU = 19 sec
Flow Simulation 2017  x64 / 3731 / MESHER ver. efd_16_1.3696_10.11.2016 

Project: C:\Users\Wildf\Workplace\NTU-BIME_Heat-Transfer\Whirlybird\1\1.xmlconfig
Computer name:	DESKTOP-8U0AR32
Operating system:	Windows 10 (or higher) (Version 10.0.19043)

SOLIDWORKS 2017 SP2.0

-----------------------------------------------------------------------
Mesh dimensions:
				I[0 ]=10
				I[1 ]=7
				I[2 ]=10
Solver refinement level	I[47]=0

Comp. domain size:
				a[0  ]=-0.05
				a[1  ]=0.05
				a[2  ]=-0.05
				a[3  ]=0.05
				a[4  ]=-0.05
				a[5  ]=0.05
Wall thickness		a[231]=0
Gap size			a[232]=1

Fluid calculated			1
Solid calculated			0
-----------------------------------------------------------------------
MESH: distribute base bricks among sub-meshes...
	Base bricks count               700
	Sub-meshes  count               8
	Base bricks count per sub-mesh  87 (+4)
	Sub-mesh 0: 87 base brick(s), range [0, 1]-[0, 6]-[0, 9]
	Sub-mesh 1: 87 base brick(s), range [1, 2]-[0, 6]-[0, 9]
	Sub-mesh 2: 87 base brick(s), range [2, 3]-[0, 6]-[0, 9]
	Sub-mesh 3: 87 base brick(s), range [3, 4]-[0, 6]-[0, 9]
	Sub-mesh 4: 87 base brick(s), range [4, 6]-[0, 6]-[0, 9]
	Sub-mesh 5: 87 base brick(s), range [6, 7]-[0, 6]-[0, 9]
	Sub-mesh 6: 87 base brick(s), range [7, 8]-[0, 6]-[0, 9]
	Sub-mesh 7: 91 base brick(s), range [8, 9]-[0, 6]-[0, 9]
-----------------------------------------------------------------------
-----------------------------------------------------------------------
MESH: collecting ghosts in sub-meshes...
	Sub-mesh 0:
		Total  brick(s) 157
		Native brick(s) 87
		Inner  brick(s) 17
		Outer  brick(s) 70
		Ghost  brick(s) 70
	Sub-mesh 1:
		Total  brick(s) 227
		Native brick(s) 87
		Inner  brick(s) 0
		Outer  brick(s) 87
		Ghost  brick(s) 140
	Sub-mesh 2:
		Total  brick(s) 227
		Native brick(s) 87
		Inner  brick(s) 0
		Outer  brick(s) 87
		Ghost  brick(s) 140
	Sub-mesh 3:
		Total  brick(s) 227
		Native brick(s) 87
		Inner  brick(s) 0
		Outer  brick(s) 87
		Ghost  brick(s) 140
	Sub-mesh 4:
		Total  brick(s) 227
		Native brick(s) 87
		Inner  brick(s) 0
		Outer  brick(s) 87
		Ghost  brick(s) 140
	Sub-mesh 5:
		Total  brick(s) 227
		Native brick(s) 87
		Inner  brick(s) 0
		Outer  brick(s) 87
		Ghost  brick(s) 140
	Sub-mesh 6:
		Total  brick(s) 227
		Native brick(s) 87
		Inner  brick(s) 0
		Outer  brick(s) 87
		Ghost  brick(s) 140
	Sub-mesh 7:
		Total  brick(s) 161
		Native brick(s) 91
		Inner  brick(s) 21
		Outer  brick(s) 70
		Ghost  brick(s) 70
	Total brick(s) 700
-----------------------------------------------------------------------
Setting regions...OK (0.001 s)
Base mesh info------------------
	2D flag  =0
	Period   =[0, 0, 0]
	Nx=10
		x[0]=-0.05
		x[1]=-0.0399969
		x[2]=-0.0299969
		x[3]=-0.0199969
		x[4]=-0.00999686
		x[5]=3.14061e-006
		x[6]=0.0100031
		x[7]=0.0200031
		x[8]=0.0300031
		x[9]=0.0400031
		x[10]=0.05
	Ny=7
		y[0]=-0.05
		y[1]=-0.0366662
		y[2]=-0.0240432
		y[3]=-0.00881126
		y[4]=0.00641998
		y[5]=0.0216512
		y[6]=0.0368825
		y[7]=0.05
	Nz=10
		z[0]=-0.05
		z[1]=-0.0399977
		z[2]=-0.0299977
		z[3]=-0.0199977
		z[4]=-0.0099977
		z[5]=2.30206e-006
		z[6]=0.0100023
		z[7]=0.0200023
		z[8]=0.0300023
		z[9]=0.0400023
		z[10]=0.05
End of base mesh info---------
Input_mesh_settings--------------------------------
Settings 0----------------
	Scope: GLOBAL
	Type:	------MESHER_SETTINGS----------
	RefAllCells           =0
	RefFluidCells         =0
	RefPartCells          =0
	RefSolidCells         =0
	l_SSFR(Capture crit)  =4
	l_curv(Curvature crit)=0
	l_tol(Tolerance crit) =4
	  k_tol               =0.000827533
	UseChannelRef         =1
	  NCR_method          =0
	  l_NCR               =2
	  N_gap               =5
	  Use d_NCR_min       =0
	  Use d_NCR_max       =0
	IgnoreThinChannelsHeight         =0
	--END_OF_MESHER_SETTINGS-------
End of input mesh settings-------------------------

-----------------------------------------------------------------------
Building geometries:
Building geometry Fluid.0.(0)...

-----------------------------------------------------------------------
Refining by triangulation...
Refinement input: 700 bricks
Setting regions...OK (0.002 s)
	Re-balancing...
	Send and create bricks on destination sub meshes...
	Collecting ghosts...
	Balancing finished.
Setting regions...OK (0.001 s)
	Re-balancing...
	Send and create bricks on destination sub meshes...
	Collecting ghosts...
	Balancing finished.
Setting regions...OK (0.002 s)
	Re-balancing...
	Send and create bricks on destination sub meshes...
	Collecting ghosts...
	Balancing finished.
Setting regions...OK (0.003 s)
	Re-balancing...
	Send and create bricks on destination sub meshes...
	Collecting ghosts...
	Balancing finished.
Refinement result: 8134 bricks (0.322 s)
Refinement input: 8134 bricks
Refinement result: 8134 bricks (0.011 s)
Collecting and processing rays...OK (0.115 s)
Capturing...OK (0.009 s)
Refining by triangulation takes 0.459 s
-----------------------------------------------------------------------

-----------------------------------------------------------------------
Refining peculiar surfaces...
0 surfaces refined
Refining peculiar surfaces takes 0.001 s
-----------------------------------------------------------------------
Collecting and processing rays...OK (0.001 s)
Capturing...OK (0.001 s)
Collecting and processing rays...OK (0.001 s)
Capturing...OK (0.000 s)
Collecting and processing rays...OK (0.001 s)
Capturing...OK (0.000 s)

-----------------------------------------------------------------------
Base mesh 1 Refining...
Refinement input: 8134 bricks
Refinement result: 8134 bricks (0.002 s)
Collecting and processing rays...OK (0.001 s)
Capturing...OK (0.000 s)
-----------------------------------------------------------------------
Refining channels...
FYI: CNarrowChannelRefiner::RefineChannels_PRLL: m_submesh_count=8
Refinement input: 8134 bricks
Setting regions...OK (0.003 s)
Refinement result: 8274 bricks (0.009 s)
Collecting and processing rays...OK (0.003 s)
Capturing...OK (0.001 s)
FYI: m_iteration_count = 0
FYI: level1 statistics:
     level1_cnt_plus[1]=160;		level1_cnt_minus[1]=0
     level1_cnt_plus[2]=0;		level1_cnt_minus[2]=0
     level1_cnt_plus[3]=0;		level1_cnt_minus[3]=0
     level1_cnt_plus[4]=0;		level1_cnt_minus[4]=0
     level1_cnt_plus[5]=0;		level1_cnt_minus[5]=0
     level1_cnt_plus[6]=0;		level1_cnt_minus[6]=0
     level1_cnt_plus[7]=0;		level1_cnt_minus[7]=0
     level1_cnt_plus[8]=0;		level1_cnt_minus[8]=0
     level1_cnt_plus[9]=0;		level1_cnt_minus[9]=0
FYI: m_iteration_count = 1
FYI: level1 statistics:
     level1_cnt_plus[1]=160;		level1_cnt_minus[1]=0
     level1_cnt_plus[2]=0;		level1_cnt_minus[2]=0
     level1_cnt_plus[3]=0;		level1_cnt_minus[3]=0
     level1_cnt_plus[4]=0;		level1_cnt_minus[4]=0
     level1_cnt_plus[5]=0;		level1_cnt_minus[5]=0
     level1_cnt_plus[6]=0;		level1_cnt_minus[6]=0
     level1_cnt_plus[7]=0;		level1_cnt_minus[7]=0
     level1_cnt_plus[8]=0;		level1_cnt_minus[8]=0
     level1_cnt_plus[9]=0;		level1_cnt_minus[9]=0
Refinement input: 8274 bricks
Setting regions...OK (0.004 s)
Refinement result: 8505 bricks (0.009 s)
Collecting and processing rays...OK (0.006 s)
Capturing...OK (0.001 s)
FYI: m_iteration_count = 2
FYI: level1 statistics:
     level1_cnt_plus[1]=406;		level1_cnt_minus[1]=0
     level1_cnt_plus[2]=16;		level1_cnt_minus[2]=0
     level1_cnt_plus[3]=0;		level1_cnt_minus[3]=0
     level1_cnt_plus[4]=0;		level1_cnt_minus[4]=0
     level1_cnt_plus[5]=0;		level1_cnt_minus[5]=0
     level1_cnt_plus[6]=0;		level1_cnt_minus[6]=0
     level1_cnt_plus[7]=0;		level1_cnt_minus[7]=0
     level1_cnt_plus[8]=0;		level1_cnt_minus[8]=0
     level1_cnt_plus[9]=0;		level1_cnt_minus[9]=0
Refinement input: 8505 bricks
Setting regions...OK (0.003 s)
Refinement result: 8512 bricks (0.009 s)
Collecting and processing rays...OK (0.001 s)
Capturing...OK (0.001 s)
FYI: m_iteration_count = 3
FYI: level1 statistics:
     level1_cnt_plus[1]=414;		level1_cnt_minus[1]=0
     level1_cnt_plus[2]=16;		level1_cnt_minus[2]=0
     level1_cnt_plus[3]=0;		level1_cnt_minus[3]=0
     level1_cnt_plus[4]=0;		level1_cnt_minus[4]=0
     level1_cnt_plus[5]=0;		level1_cnt_minus[5]=0
     level1_cnt_plus[6]=0;		level1_cnt_minus[6]=0
     level1_cnt_plus[7]=0;		level1_cnt_minus[7]=0
     level1_cnt_plus[8]=0;		level1_cnt_minus[8]=0
     level1_cnt_plus[9]=0;		level1_cnt_minus[9]=0
FYI: m_iteration_count = 4
FYI: level1 statistics:
     level1_cnt_plus[1]=414;		level1_cnt_minus[1]=0
     level1_cnt_plus[2]=16;		level1_cnt_minus[2]=0
     level1_cnt_plus[3]=0;		level1_cnt_minus[3]=0
     level1_cnt_plus[4]=0;		level1_cnt_minus[4]=0
     level1_cnt_plus[5]=0;		level1_cnt_minus[5]=0
     level1_cnt_plus[6]=0;		level1_cnt_minus[6]=0
     level1_cnt_plus[7]=0;		level1_cnt_minus[7]=0
     level1_cnt_plus[8]=0;		level1_cnt_minus[8]=0
     level1_cnt_plus[9]=0;		level1_cnt_minus[9]=0
FYI: level1 statistics:
     level1_cnt_plus[1]=414;		level1_cnt_minus[1]=0
     level1_cnt_plus[2]=16;		level1_cnt_minus[2]=0
     level1_cnt_plus[3]=0;		level1_cnt_minus[3]=0
     level1_cnt_plus[4]=0;		level1_cnt_minus[4]=0
     level1_cnt_plus[5]=0;		level1_cnt_minus[5]=0
     level1_cnt_plus[6]=0;		level1_cnt_minus[6]=0
     level1_cnt_plus[7]=0;		level1_cnt_minus[7]=0
     level1_cnt_plus[8]=0;		level1_cnt_minus[8]=0
     level1_cnt_plus[9]=0;		level1_cnt_minus[9]=0
	CNarrowChannelRefiner::ChannelsResolution            function_total                0      = 0.815942 sec

-----------------------------------------------------------------------
U-shapes refinement...
Refinement input: 8512 bricks
Setting regions...OK (0.004 s)
Refinement result: 8519 bricks (0.014 s)
Collecting and processing rays...OK (0.001 s)
Capturing...OK (0.000 s)
-----------------------------------------------------------------------

-----------------------------------------------------------------------
Equi Distant Refiner:
Equi Distant Refiner takes 0.00 s
-----------------------------------------------------------------------
Building geometry takes 1.308 s
Geometry Fluid.0.
Total		8519
Partial	3873
Fluid		3546
Solid		896
Bad		204

/-Ray Intersection---------------/ Time	0.340 s
Calls			3766
CorrectRay Calls	0


Building geometry Fluid.1.(1)...

-----------------------------------------------------------------------
Refining by triangulation...
Refinement input: 8519 bricks
Setting regions...OK (0.004 s)
	Re-balancing...
	Send and create bricks on destination sub meshes...
	Collecting ghosts...
	Balancing finished.
Setting regions...OK (0.006 s)
	Re-balancing...
	Send and create bricks on destination sub meshes...
	Collecting ghosts...
	Balancing finished.
Setting regions...OK (0.006 s)
Refinement result: 22834 bricks (1.470 s)
Refinement input: 22834 bricks
Refinement result: 22834 bricks (0.192 s)
Collecting and processing rays...OK (0.547 s)
Capturing...OK (0.020 s)
Refining by triangulation takes 2.232 s
-----------------------------------------------------------------------
Collecting and processing rays...OK (0.002 s)
Capturing...OK (0.001 s)
Collecting and processing rays...OK (0.002 s)
Capturing...OK (0.001 s)

-----------------------------------------------------------------------
Base mesh 1 Refining...
Refinement input: 22834 bricks
Refinement result: 22834 bricks (0.007 s)
Collecting and processing rays...OK (0.002 s)
Capturing...OK (0.001 s)
-----------------------------------------------------------------------
Refining channels...
FYI: CNarrowChannelRefiner::RefineChannels_PRLL: m_submesh_count=8
FYI: m_iteration_count = 0
FYI: level1 statistics:
     level1_cnt_plus[1]=254;		level1_cnt_minus[1]=0
     level1_cnt_plus[2]=15173;		level1_cnt_minus[2]=0
     level1_cnt_plus[3]=0;		level1_cnt_minus[3]=0
     level1_cnt_plus[4]=0;		level1_cnt_minus[4]=0
     level1_cnt_plus[5]=0;		level1_cnt_minus[5]=0
     level1_cnt_plus[6]=0;		level1_cnt_minus[6]=0
     level1_cnt_plus[7]=0;		level1_cnt_minus[7]=0
     level1_cnt_plus[8]=0;		level1_cnt_minus[8]=0
     level1_cnt_plus[9]=0;		level1_cnt_minus[9]=0
FYI: m_iteration_count = 1
FYI: level1 statistics:
     level1_cnt_plus[1]=254;		level1_cnt_minus[1]=0
     level1_cnt_plus[2]=15173;		level1_cnt_minus[2]=0
     level1_cnt_plus[3]=0;		level1_cnt_minus[3]=0
     level1_cnt_plus[4]=0;		level1_cnt_minus[4]=0
     level1_cnt_plus[5]=0;		level1_cnt_minus[5]=0
     level1_cnt_plus[6]=0;		level1_cnt_minus[6]=0
     level1_cnt_plus[7]=0;		level1_cnt_minus[7]=0
     level1_cnt_plus[8]=0;		level1_cnt_minus[8]=0
     level1_cnt_plus[9]=0;		level1_cnt_minus[9]=0
FYI: level1 statistics:
     level1_cnt_plus[1]=254;		level1_cnt_minus[1]=0
     level1_cnt_plus[2]=15173;		level1_cnt_minus[2]=0
     level1_cnt_plus[3]=0;		level1_cnt_minus[3]=0
     level1_cnt_plus[4]=0;		level1_cnt_minus[4]=0
     level1_cnt_plus[5]=0;		level1_cnt_minus[5]=0
     level1_cnt_plus[6]=0;		level1_cnt_minus[6]=0
     level1_cnt_plus[7]=0;		level1_cnt_minus[7]=0
     level1_cnt_plus[8]=0;		level1_cnt_minus[8]=0
     level1_cnt_plus[9]=0;		level1_cnt_minus[9]=0
	CNarrowChannelRefiner::ChannelsResolution            function_total                0      = 34.0322 sec

-----------------------------------------------------------------------
U-shapes refinement...
Refinement input: 22834 bricks
Setting regions...OK (0.007 s)
Refinement result: 24374 bricks (0.035 s)
Collecting and processing rays...OK (0.030 s)
Capturing...OK (0.003 s)
-----------------------------------------------------------------------

-----------------------------------------------------------------------
Equi Distant Refiner:
Equi Distant Refiner takes 0.00 s
-----------------------------------------------------------------------
Building geometry takes 35.677 s
Geometry Fluid.1.
Total		24374
Partial	9379
Fluid		5809
Solid		7677
Bad		1509

/-Ray Intersection---------------/ Time	2.399 s
Calls			6986
CorrectRay Calls	0


Building geometry Solid.2.(2)...

-----------------------------------------------------------------------
Refining by triangulation...
Refinement input: 24374 bricks
Setting regions...OK (0.008 s)
Refinement result: 24640 bricks (0.483 s)
Refinement input: 24640 bricks
Refinement result: 24640 bricks (0.190 s)
Collecting and processing rays...OK (0.673 s)
Capturing...OK (0.024 s)
Refining by triangulation takes 1.374 s
-----------------------------------------------------------------------
Collecting and processing rays...OK (0.002 s)
Capturing...OK (0.001 s)
Collecting and processing rays...OK (0.005 s)
Capturing...OK (0.001 s)

-----------------------------------------------------------------------
Base mesh 1 Refining...
Refinement input: 24640 bricks
Refinement result: 24640 bricks (0.005 s)
Collecting and processing rays...OK (0.002 s)
Capturing...OK (0.001 s)
-----------------------------------------------------------------------
Building geometry takes 1.618 s
Geometry Solid.2.
Total		24640
Partial	9223
Fluid		276
Solid		13387
Bad		1754

/-Ray Intersection---------------/ Time	3.121 s
Calls			6994
CorrectRay Calls	0


Building geometries takes 38.61 s
-----------------------------------------------------------------------

-----------------------------------------------------------------------
PostBuilding geometries:
PostBuilding geometry Fluid.0.(0)...
Collecting and processing rays...OK (0.115 s)
Capturing...OK (0.012 s)
PostBuilding geometry takes 0.303 s
Geometry Fluid.0.
Total		24640
Partial	6326
Fluid		4754
Solid		13376
Bad		184

/-Ray Intersection---------------/ Time	0.117 s
Calls			3228
CorrectRay Calls	0


PostBuilding geometry Fluid.1.(1)...
Collecting and processing rays...OK (0.007 s)
Capturing...OK (0.002 s)
PostBuilding geometry takes 0.168 s
Geometry Fluid.1.
Total		24640
Partial	9610
Fluid		5833
Solid		7677
Bad		1520

/-Ray Intersection---------------/ Time	0.003 s
Calls			8
CorrectRay Calls	0


PostBuilding geometries takes 0.699 s
-----------------------------------------------------------------------
Defect ray count	0
FYI: CNarrowChannelRefiner::RedistributeLevel1_step_1: is finished
FYI: level1 statistics:
     level1_cnt_plus[1]=190;		level1_cnt_minus[1]=0
     level1_cnt_plus[2]=14979;		level1_cnt_minus[2]=0
     level1_cnt_plus[3]=0;		level1_cnt_minus[3]=0
     level1_cnt_plus[4]=0;		level1_cnt_minus[4]=0
     level1_cnt_plus[5]=0;		level1_cnt_minus[5]=0
     level1_cnt_plus[6]=0;		level1_cnt_minus[6]=0
     level1_cnt_plus[7]=0;		level1_cnt_minus[7]=0
     level1_cnt_plus[8]=0;		level1_cnt_minus[8]=0
     level1_cnt_plus[9]=0;		level1_cnt_minus[9]=0
FYI: CNarrowChannelRefiner::RedistributeLevel1_step_2: is started
FYI: CNarrowChannelRefiner::RedistributeLevel1_step_2: is finished
FYI: level1 statistics:
     level1_cnt_plus[1]=202;		level1_cnt_minus[1]=0
     level1_cnt_plus[2]=17680;		level1_cnt_minus[2]=0
     level1_cnt_plus[3]=0;		level1_cnt_minus[3]=0
     level1_cnt_plus[4]=0;		level1_cnt_minus[4]=0
     level1_cnt_plus[5]=0;		level1_cnt_minus[5]=0
     level1_cnt_plus[6]=0;		level1_cnt_minus[6]=0
     level1_cnt_plus[7]=0;		level1_cnt_minus[7]=0
     level1_cnt_plus[8]=0;		level1_cnt_minus[8]=0
     level1_cnt_plus[9]=0;		level1_cnt_minus[9]=0
FYI: CNarrowChannelRefiner::RedistributeLevel1_step_3: is started
FYI: CNarrowChannelRefiner::RedistributeLevel1_step_3: is finished
RedistributeLevel1 takes:
	CNarrowChannelRefiner::RedistributeLevel1            function_total                0      = 0.523093 sec
FYI: level1 statistics:
     level1_cnt_plus[1]=202;		level1_cnt_minus[1]=713
     level1_cnt_plus[2]=17680;		level1_cnt_minus[2]=3085
     level1_cnt_plus[3]=0;		level1_cnt_minus[3]=0
     level1_cnt_plus[4]=0;		level1_cnt_minus[4]=0
     level1_cnt_plus[5]=0;		level1_cnt_minus[5]=0
     level1_cnt_plus[6]=0;		level1_cnt_minus[6]=0
     level1_cnt_plus[7]=0;		level1_cnt_minus[7]=0
     level1_cnt_plus[8]=0;		level1_cnt_minus[8]=0
     level1_cnt_plus[9]=0;		level1_cnt_minus[9]=0
-----------------------------------------------------------------------
BCF-Builder Iteration: 0
Memory Working Set Current = 187.18 Mb, Memory Working Set Peak = 253.93 Mb
Process Threads Number: 21
Loading geometries triangulation & x-stacks...OK
	Sub-mesh 0:
		Total  brick(s) 3661
		Native brick(s) 2877
		Inner  brick(s) 2195
		Outer  brick(s) 682
		Ghost  brick(s) 784
	Sub-mesh 1:
		Total  brick(s) 3963
		Native brick(s) 2898
		Inner  brick(s) 1851
		Outer  brick(s) 1047
		Ghost  brick(s) 1065
	Sub-mesh 2:
		Total  brick(s) 4708
		Native brick(s) 3423
		Inner  brick(s) 2359
		Outer  brick(s) 1064
		Ghost  brick(s) 1285
	Sub-mesh 3:
		Total  brick(s) 4056
		Native brick(s) 3087
		Inner  brick(s) 2197
		Outer  brick(s) 890
		Ghost  brick(s) 969
	Sub-mesh 4:
		Total  brick(s) 4155
		Native brick(s) 3262
		Inner  brick(s) 2418
		Outer  brick(s) 844
		Ghost  brick(s) 893
	Sub-mesh 5:
		Total  brick(s) 4335
		Native brick(s) 3283
		Inner  brick(s) 2343
		Outer  brick(s) 940
		Ghost  brick(s) 1052
	Sub-mesh 6:
		Total  brick(s) 4015
		Native brick(s) 2877
		Inner  brick(s) 1825
		Outer  brick(s) 1052
		Ghost  brick(s) 1138
	Sub-mesh 7:
		Total  brick(s) 3709
		Native brick(s) 2933
		Inner  brick(s) 2279
		Outer  brick(s) 654
		Ghost  brick(s) 776
	Total brick(s) 24640

-----------------------------------------------------------------------
MSH (Real Geometry) format constructor:
Getting submesh brick sets...OK (0.003 s)
Level 4
	Inner time 4.330 s
	Outer Time 2.716 s
	Level Time 7.046 s
Level 3
	Inner time 2.456 s
	Outer Time 2.161 s
	Level Time 4.618 s
Level 2
	Inner time 0.191 s
	Outer Time 0.675 s
	Level Time 0.867 s
Level 1
	Inner time 0.061 s
	Outer Time 0.097 s
	Level Time 0.159 s
Level 0
	Inner time 0.084 s
	Outer Time 0.045 s
	Level Time 0.130 s

Brick parser time info:
	37.030 s - time_Run
		0.547 s - time_ConstructPoints
			0.451 s - time_ConstructPointsAddFind2
		0.540 s - time_ConstructPointsAndConnectsFromNb
		0.140 s - time_AddRibConnects
		5.256 s - time_ConstructBrickFacets
			1.943 s - time_CalculateQpoints
				0.457 s - time_AddFacetPoint_GetFacesQpoint
					0.064 s - time_GetFacesQpoint_UShaped
						0.064 s - time_GetFacesQpoint2
					0.108 s - time_GetFacesQpoint_AddEdgesToList
					0.272 s - time_Edge_GetClosestPointOn
					0.074 s - time_Edge_NewtonMethod
					0.005 s - time_GetFacesQpoint_ManyFinds
				0.695 s - time_AddFacetPoint_AddQPoint
					2.914 s - time_PointReverseEvaluate
				0.654 s - time_AddFacetPoint_AddFind2
		0.000 s - time_RemoveOddConnects
		0.334 s - time_TestConnectivity
		0.024 s - time_ValidateXeps
		0.447 s - time_ConstructFaceAs
		0.072 s - time_ConstructCvs
		0.091 s - time_ConstructFaceWs
		3.675 s - time_RealGeomAddQPoints
		0.147 s - time_RealGeomAddNewFaces
		0.030 s - time_RealGeomInitOppositeGeomFaceInd
		2.387 s - time_RealGeomApproxCurveFaces
		0.000 s - time_Enum1
		0.000 s - time_Enum2
		0.017 s - time_RealGeomCheckInvalidConnects
		22.685 s - time_RealGeomParameters
			5.882 s - time_CalculateParametersOfCv
			16.619 s - time_CalculateParametersOfFace
				1.774 s - time_CalculateRR
				14.785 s - time_CalculateRefFaceData
				0.022 s - time_CalculateLambdaProjection
			0.152 s - time_SetFacesOrientation
Result:
	Bricks number:                        24640

	Memory usage:                         13.542 MB
	Memory usage (per brick):             0.563 KB
	Construction time:                    12.931 s

	Topology features:
	------------------
	- High quality bricks                  98.52 % (24276)
	- Medium quality bricks                 1.48 % (364)
	- Bad quality bricks                    0.00 % (0)
	- Ribs corrected bricks                 0.00 % (0)
	- Points with geom-info (bricks)        1.93 % (476)
	- Points with closest-info (bricks)     0.00 % (0)
	- Triangulated by center (bricks)       3.62 % (891)
	- Facet w-faces mergings (bricks)       0.00 % (0)
	- To refine (bricks)                    0.00 % (0)

Memory Working Set Current = 331.97 Mb, Memory Working Set Peak = 347.05 Mb
Process Threads Number: 18
-----------------------------------------------------------------------
-----------------------------------------------------------------------
MSH --> BCF format (Iteration 0)...
BCF collector...
	(7) Bcf collect time 1.190 s (6841 avs, 7927 fws)
	(0) Bcf collect time 1.199 s (6634 avs, 8030 fws)
	(1) Bcf collect time 1.202 s (7372 avs, 8931 fws)
	(6) Bcf collect time 1.186 s (7503 avs, 9442 fws)
	(4) Bcf collect time 1.255 s (8351 avs, 12298 fws)
	(3) Bcf collect time 1.264 s (8272 avs, 11977 fws)
	(5) Bcf collect time 1.309 s (9440 avs, 15645 fws)
	(2) Bcf collect time 1.323 s (9973 avs, 16052 fws)
	(0) Remove defect avs time 0.041 s
	(2) Remove defect avs time 0.041 s
	(4) Remove defect avs time 0.041 s
	(6) Remove defect avs time 0.041 s
	(1) Remove defect avs time 0.041 s
	(3) Remove defect avs time 0.041 s
	(7) Remove defect avs time 0.041 s
	(5) Remove defect avs time 0.042 s
Defect subdomain detector...
		1 subdomain(s) of gi=0 (real bodies = 1).
			Subdomain 0: 11746 av
		Get real subdoms time 0.000 s
		Mark defect subdomains by closed av...
		Mark by closed av time 0.001 s
		Mark defect subdomains by real bodies...
		0 defect subdomain(s) of gi=0.
		1 subdomain(s) of gi=1 (real bodies = 1).
			Subdomain 0: 22356 av
		Get real subdoms time 0.000 s
		Mark defect subdomains by closed av...
		Mark by closed av time 0.001 s
		Mark defect subdomains by real bodies...
		0 defect subdomain(s) of gi=1.
		1 subdomain(s) of gi=2 (real bodies = 1).
			Subdomain 0: 14565 av
		Get real subdoms time 0.000 s
		Mark defect subdomains by real bodies...
		0 defect subdomain(s) of gi=2.
	(7) Remove defect subdoms time 0.020 s
	(2) Remove defect subdoms time 0.020 s
	(1) Remove defect subdoms time 0.020 s
	(3) Remove defect subdoms time 0.020 s
	(5) Remove defect subdoms time 0.020 s
	(0) Remove defect subdoms time 0.020 s
	(4) Remove defect subdoms time 0.020 s
	(6) Remove defect subdoms time 0.020 s
NB-faces collector & conservator...
Sub-mesh 0.
	Conservated total=15 (bb-faces=0)
Sub-mesh 1.
	Conservated total=12 (bb-faces=0)
Sub-mesh 2.
	Conservated total=13 (bb-faces=0)
Sub-mesh 3.
	Conservated total=14 (bb-faces=0)
Sub-mesh 4.
	Conservated total=20 (bb-faces=0)
Sub-mesh 5.
	Conservated total=21 (bb-faces=0)
Sub-mesh 6.
	Conservated total=18 (bb-faces=0)
Sub-mesh 7.
	Conservated total=13 (bb-faces=0)
	(7) Bcf calc time 0.430 s
	(0) Bcf calc time 0.438 s
	(1) Bcf calc time 0.439 s
	(6) Bcf calc time 0.535 s
	(3) Bcf calc time 0.547 s
	(4) Bcf calc time 0.615 s
	(5) Bcf calc time 0.715 s
	(2) Bcf calc time 0.756 s
FACE_W optimizer ...
Sub-mesh 0.
	Before optimization total=10636 (fs=7014, ff=1016, ss=0)
	After  optimization total=9463 (fs=5841, ff=1016, ss=0)
Sub-mesh 1.
	Before optimization total=12600 (fs=7865, ff=1066, ss=0)
	After  optimization total=11008 (fs=6273, ff=1066, ss=0)
Sub-mesh 2.
	Before optimization total=19988 (fs=14971, ff=1081, ss=0)
	After  optimization total=17346 (fs=12329, ff=1081, ss=0)
Sub-mesh 3.
	Before optimization total=15016 (fs=11248, ff=729, ss=0)
	After  optimization total=12880 (fs=9112, ff=729, ss=0)
Sub-mesh 4.
	Before optimization total=14987 (fs=11251, ff=1047, ss=0)
	After  optimization total=12879 (fs=9143, ff=1047, ss=0)
Sub-mesh 5.
	Before optimization total=19004 (fs=14878, ff=767, ss=0)
	After  optimization total=16433 (fs=12307, ff=767, ss=0)
Sub-mesh 6.
	Before optimization total=13225 (fs=8324, ff=1118, ss=0)
	After  optimization total=11723 (fs=6822, ff=1118, ss=0)
Sub-mesh 7.
	Before optimization total=10677 (fs=6996, ff=931, ss=0)
	After  optimization total=9300 (fs=5619, ff=931, ss=0)
-----------------------------------------------------------------------
-----------------------------------------------------------------------
Merging BCF...
Merging bricks trees...OK (0.05 s)
Merging av data...OK (0.02 s)
Merging a-faces data (fluid)...
	New a-face count   101447
	Bound a-face count 5926 (5.84 %)
Merging a-faces data takes 0.03 s
Merging a-faces data (solid)...
	New a-face count   33873
	Bound a-face count 1883 (5.56 %)
Merging a-faces data takes 0.01 s
Merging w-faces data...
	New w-face count   58425
	Bound w-face count 0 (0.00 %)
	Need fw-nb         13428 (22.98 %)
Merging w-faces data takes 0.18 s
Merging BCF takes (0.35 s)
-----------------------------------------------------------------------

-----------------------------------------------------------------------
Geometrical diagonal nb-faces collector (cpu_num=8)...
	Time=0.389s.
-----------------------------------------------------------------------
Fluid Subdom Constructor: 2 subdom(s).
	Remove nb-fw from diff subdomains (fs)...
		Diff subdomains cases         269

-----------------------------------------------------------------------
BCF CHECKSUM DATA (Mesh 0):

FACE_A Area Sum:   G.Fluid        0.3517360266013314
FACE_A Area Sum:   G.Solid        0.0200760623988965
FACE_W Area Sum:                  0.0991934375849493
FACE_W Nb   Sum:                  623086
FACE_W min curvatures sum:        -5824503.18480678
FACE_W max curvatures sum:        66925640.13417488
AV Max Disbalance: G.Fluid        8.71257e-007 (cid=7393, avid=9711, pid=6880)
AV Max Disbalance: G.Solid        2.36983e-011 (cid=20591, avid=46825, pid=12515)
-----------------------------------------------------------------------


-----------------------------------------------------------------------
MESHER TOPOLOGY DATA (Mesh 0):

BRICKS: Total                 24640
BRICKS: 1-CV                  9158
BRICKS: 2-CV                  8778
BRICKS: 3-CV                  5309
BRICKS: 4-CV                  980
BRICKS: 5-CV                  388
BRICKS: 6-CV                  23
BRICKS: 7-CV                  4
BRICKS: Bad                   0

AV:     G.Total               48667
AV:     G.Fluid               34102
AV:     G.Solid               14565

AV:     G.Fluid Thin Profile    5.07 % (1730)
AV:     G.Solid Thin Profile   40.14 % (5846)

AV:     G.Fluid Thin For Mega   4.33 % (1477)
AV:     G.Solid Thin For Mega  32.76 % (4772)

AV:     G.Fluid Non-Convex     30.36 % (10354)
AV:     G.Solid Non-Convex     57.36 % (8354)

FACE_A: G.Fluid          (af) 101447 (partially opened 55780)
FACE_A: G.Solid          (as) 33873 (partially opened 31539)

FACE_W: G.Total                 58425       Brick/Bound
FACE_W: G.Fluid/Solid    (fs_g) 51761       0           
FACE_W: G.Fluid/Fluid    (ff_g) 6020        0           
FACE_W: G.Solid/Solid    (ss_g) 0           0           
FACE_W: G.Fluid/External (fe_g) 594
FACE_W: G.Solid/External (se_g) 50

AV max fa count:                21
AV max fw count:                28
AV max fw poly count:           28

MEMORY: Total                   25.716 MB
MEMORY: Per Brick               1.069 KB
-----------------------------------------------------------------------

-----------------------------------------------------------------------
Mega-cv constructor for fluid...
	 1477 av's is treated as thin
Relative size generator (threshold = 0.05)...OK
	 2298 mega-cv's generated
	 112 mega-cv's removed
Convert clusters:
	 2186 mega-cv's total
Mega-cv count: 2186
-----------------------------------------------------------------------
Mixing plane rotation regions: FOUND.
Sliding mesh rotation regions: NO.
Fluid/fluid faces: FOUND.

-----------------------------------------------------------------------
Rings Cutter:

Fluid Subdom Constructor: 2 subdom(s).
Subdom 0: I_87=0, cv_count=11746.
Subdom 1: I_87=1, cv_count=22356.
Rotating subdomains: 1
Number of ff faces in defect connections: 7
Curves of rotation: 2
Rings: 57

6020 ff-faces cutting into...25466 ff-faces.
Closest rings additions to ff-faces: 361 occurrences.
Set new ff-faces to mesh...
AV Max Disbalance: G.Fluid        8.71257e-007 (cid=7393, avid=9711, pid=6880)
AV Max Disbalance: G.Solid        2.36983e-011 (cid=20591, avid=46825, pid=12515)
-----------------------------------------------------------------------

----------------------------------------------------------
BCF --> BCF.GEOMSUBDOM (bridge arrays) (cpu_num=8):
MESH (0):
	Fluid Subdom Constructor: 2 subdom(s).
	Solid Subdom Constructor: 1 subdom(s).
	Net Asm Subdom Constructor: 0 subdom(s).
	GEOMSUBDOM (0): gi=0 fluid av=11746 cv=10759 fa=35751 fw=24875 V=9.478062e-004
	GEOMSUBDOM (1): gi=1 fluid av=22356 cv=20783 fa=65696 fw=52946 V=1.774444e-005
	GEOMSUBDOM (2): gi=2 solid av=14565 cv=14565 fa=33873 fw=51811 V=3.444937e-005
	Setting nb of w-faces...OK.

MESH (0) checking:
	GEOMSUBDOM (0):fa_s=0.3092214552283638 fw_s=0.0861428258707213 fw_nb=174088
	GEOMSUBDOM (1):fa_s=0.0425145713729667 fw_s=0.0155631558166807 fw_nb=503164
	GEOMSUBDOM (2):fa_s=0.0200760623988965 fw_s=0.0366808934824967 fw_nb=593538
MESH (0) checking: OK.
----------------------------------------------------------
-----------------------------------------------------------------------
Calculating curvature and tolerance criteria...
Curvature: min=0 max=3.14159
Tolerance: min=0 max=0.000826524
Calculating curvature and tolerance criteria takes 3.343 s
-----------------------------------------------------------------------
Current CPU = 79 sec

Nx=10
Ny=7
Nz=10
Max_RL=4
12. Saving initial mesh in: C:\Users\Wildf\Workplace\NTU-BIME_Heat-Transfer\Whirlybird\1\1.fld .
Storing results...
Estimated CPT size=14.185 MB.
OK
Memory Working Set Current = 396.00 Mb, Memory Working Set Peak = 412.71 Mb
Process Threads Number: 18
Cleaning memory...
Free Geometry DB takes 0.019 s
Copying... OK

------------------------------------------------------------------------------------------------------------
CPU report:
Function                                             CPU           descriptor                    nproc     
------------------------------------------------------------------------------------------------------------
GetGeometryFromSW                                    18.256 sec   function_total               
GetGeometryFromSW                                    0.834 sec   InitGeometryTriangles        
CMesh::PrepareMappedTriangles                        7.123 sec   function_total               
SwapGeometries                                       1.616 sec   function_total               
SwapGeometries                                       0.000 sec   function_total               
SwapGeometries                                       0.001 sec   function_total               
SwapGeometries                                       0.001 sec   function_total               
SwapGeometries                                       0.001 sec   function_total               
SwapGeometries                                       0.001 sec   function_total               
SwapGeometries                                       0.001 sec   function_total               
SwapGeometries                                       0.000 sec   function_total               
CMesh::PreBuild                                      0.008 sec   function_total               
SetBrickRegion                                       0.058 sec   function_total               
CMesh::Build                                         39.462 sec   function_total               
CMesh::BuildGeometry                                 38.605 sec   function_total               
ActivateAllCellsParameters                           1.049 sec   function_total               
RefineByTriangles                                    4.064 sec   function_total               
CaptureRefined                                       1.608 sec   function_total               
GetMultiRaysIntersections                            0.896 sec   full                         
CRayCollector::CorrectRays2                          0.525 sec   full                         
CRayCollector::CorrectRays2                          0.194 sec   stage_1_collect_undefined_vertices1
RefinePeculiarSurfaces                               0.002 sec   function_total               
CNarrowChannelRefiner::ChannelsResolution            34.032 sec   function_total               
CNarrowChannelRefiner::RefineChannels_PRLL           34.022 sec   function_total               
CNarrowChannelRefiner::GetMainNormals                0.849 sec   function_total               
CNarrowChannelRefiner::GetMainNormals                1.086 sec   function_total               
CNarrowChannelRefiner::GetMainNormals                2.221 sec   function_total               
CNarrowChannelRefiner::GetMainNormals                2.073 sec   function_total               
CNarrowChannelRefiner::GetMainNormals                1.744 sec   function_total               
CNarrowChannelRefiner::GetMainNormals                2.307 sec   function_total               
CNarrowChannelRefiner::GetMainNormals                1.042 sec   function_total               
CNarrowChannelRefiner::GetMainNormals                1.127 sec   function_total               
CNarrowChannelRefiner::facade_bricks_of_brick_dirv   5.477 sec   function_total               
CNarrowChannelRefiner::facade_bricks_of_brick_dirv   7.717 sec   function_total               
CNarrowChannelRefiner::facade_bricks_of_brick_dirv   27.397 sec   function_total               
CNarrowChannelRefiner::facade_bricks_of_brick_dirv   23.134 sec   function_total               
CNarrowChannelRefiner::facade_bricks_of_brick_dirv   19.029 sec   function_total               
CNarrowChannelRefiner::facade_bricks_of_brick_dirv   29.549 sec   function_total               
CNarrowChannelRefiner::facade_bricks_of_brick_dirv   6.528 sec   function_total               
CNarrowChannelRefiner::facade_bricks_of_brick_dirv   7.568 sec   function_total               
CNarrowChannelRefiner::next_brick_on_ray             5.460 sec   function_total               
CNarrowChannelRefiner::next_brick_on_ray             7.698 sec   function_total               
CNarrowChannelRefiner::next_brick_on_ray             27.360 sec   function_total               
CNarrowChannelRefiner::next_brick_on_ray             23.097 sec   function_total               
CNarrowChannelRefiner::next_brick_on_ray             18.999 sec   function_total               
CNarrowChannelRefiner::next_brick_on_ray             29.513 sec   function_total               
CNarrowChannelRefiner::next_brick_on_ray             6.510 sec   function_total               
CNarrowChannelRefiner::next_brick_on_ray             7.550 sec   function_total               
CNarrowChannelRefiner::RefineChannels_PRLL           0.041 sec   NCR_execute_refinement       
CMesh::BuildGeometry                                 0.001 sec   equidistant_refiner          
PostCaptureGeometry                                  0.471 sec   function_total               
CNarrowChannelRefiner::RedistributeLevel1            0.529 sec   function_total               
CTPBuilder::build_bcf                                17.018 sec   function_total               
CTPBuilder::bcf_builder                              16.182 sec   function_total               
LoadTrianglesAndXSL                                  0.228 sec   function_total               
CTPBuilder::collect_msh_format                       12.958 sec   function_total               
CTPBuilder::Run                                      2.147 sec   bcf_collect                  
CTPBuilder::Run                                      0.812 sec   bcf_merge                    
CTPBuilder::build_bcf                                0.146 sec   collect_mega_cv              
CTPBuilder::build_bcf                                0.530 sec   collect_rings                
CTPBuilder::build_bcf                                0.154 sec   convert_to_mds_function      
CMesh::CalculateCurvatureAndToleranceCriteria        3.344 sec   function_total               
Store_Res_2                                          1.258 sec   function_total               
Freemem_CPT                                          0.192 sec   function_total               
------------------------------------------------------------------------------------------------------------

Mesh generation normally finished at	30.5.2022	4:22:24
Mesher CPU = 81 sec
Mesher is finished at	30.5.2022	4:22:24
