Number of used processors (NPROC): 8.
Number of mesh partitions (NPART): 8.
Total Physical Memory = 31.88 Gb, Available Physical Memory = 15.99 Gb
Mesh generation started:	31.5.2022	4:43:33
-----------------------------------------------------------------------
Allocating meshes:
	CPU count: 8
	MESH 0:
		Sub-meshes count: 8
-----------------------------------------------------------------------
Current CPU = 0 sec
-----------------------------------------------------------------------
Geometries initialization:

Geometry database loading ...OK
-----------------------------------------------------------------------
Loading mesh settings (global/local)...
-----------------------------------------------------------------------
Number of geometries: 3
Geometry(0):
	Fluid..
	4 Bodies.
	2 Real bodies.
	Tolerance=2.31678e-005.
	335 Face(s).
		335 of b-spline type.
	9704 Triangle(s).
	323 Face(s) that have no ref faces
	140 Plane surface(s).
	85 Cylinder surface(s).
	4 Sphere surface(s).
	20 Torus surface(s).
	1 B- surface(s).
	3 Blending surface(s).
	82 Extrude surface(s).
	865 Edge(s).
		865 of b-spline type.
	Geometry reading: 0.038 s.
	323 Reference Face(s).
	9598 Reference Triangles.
	GeometryRef reading: 0.039 s.
Geometry(1):
	Solid.Aluminum 5052.
	1 Body.
	4 Real bodies.
	Tolerance=2.31678e-005.
	326 Face(s).
		326 of b-spline type.
	9698 Triangle(s).
	0 Face(s) that have no ref faces
	132 Plane surface(s).
	84 Cylinder surface(s).
	4 Sphere surface(s).
	20 Torus surface(s).
	1 B- surface(s).
	3 Blending surface(s).
	82 Extrude surface(s).
	863 Edge(s).
		863 of b-spline type.
	Geometry reading: 0.122 s.
	322 Reference Face(s).
	9670 Reference Triangles.
	GeometryRef reading: 0.017 s.
Geometry(2):
	Solid.Insulator.
	1 Body.
	1 Real body.
	Tolerance=2.31678e-005.
	13 Face(s).
		13 of b-spline type.
	124 Triangle(s).
	0 Face(s) that have no ref faces
	12 Plane surface(s).
	1 Cylinder surface(s).
	26 Edge(s).
		26 of b-spline type.
	Geometry reading: 0.002 s.
	5 Reference Face(s).
	214 Reference Triangles.
	GeometryRef reading: 0.001 s.
	Making hash and connectivity for geometry 0...
		CBodyGeom:
		Hash size: {16, 20, 16}.
		Mesh size: {4, 20, 4}.
		Hashing triangles...Ok.
		Making triangles connectivity...Ok. (0.112 s).
		Neighbour triangles: 100.00 % (good connect) - 0.00 % (bad connect). Min: 3. Max: 3.
		Done.
		CBodyGeomRef:
		Hashing triangles...Ok.
		Making triangles connectivity...Ok. (0.079 s).
		Neighbour triangles: Min: 1. Max: 3.
		Done.
	0.133 s.
	Making hash and connectivity for geometry 1...
		CBodyGeom:
		Hash size: {16, 20, 16}.
		Mesh size: {4, 20, 4}.
		Hashing triangles...Ok.
		Making triangles connectivity...Ok. (0.152 s).
		Neighbour triangles: 100.00 % (good connect) - 0.00 % (bad connect). Min: 3. Max: 3.
		Done.
		CBodyGeomRef:
		Hashing triangles...Ok.
		Making triangles connectivity...Ok. (0.087 s).
		Neighbour triangles: Min: 1. Max: 3.
		Done.
	0.165 s.
	Making hash and connectivity for geometry 2...
		CBodyGeom:
		Hash size: {4, 20, 4}.
		Mesh size: {4, 20, 4}.
		Hashing triangles...Ok.
		Making triangles connectivity...Ok. (0.003 s).
		Neighbour triangles: 100.00 % (good connect) - 0.00 % (bad connect). Min: 3. Max: 3.
		Done.
		CBodyGeomRef:
		Hashing triangles...Ok.
		Making triangles connectivity...Ok. (0.001 s).
		Neighbour triangles: Min: 2. Max: 2.
		Done.
	0.004 s.
Geometries reading and preparing has taken 0.394 s.

Mapped triangles:
Hashing geometries triangles
	Triangles num=9704
	Triangles box={-0.00015  ,0.15015  ,-0.0313355  ,0.015  ,-0.00015  ,0.15015  }
		3d-hash size is 59004 bytes
		Making triangles connectivity...Ok. (0.077 s).
		Neighbour triangles: 100.00 % (good connect) - 0.00 % (bad connect). Min: 3. Max: 3.
	Triangles num=9698
	Triangles box={-0.00015  ,0.15015  ,-0.1006  ,0.5006  ,-0.00015  ,0.15015  }
		3d-hash size is 58492 bytes
		Making triangles connectivity...Ok. (0.139 s).
		Neighbour triangles: 100.00 % (good connect) - 0.00 % (bad connect). Min: 3. Max: 3.
	Triangles num=124
	Triangles box={-0.00015  ,0.15015  ,-0.1006  ,0.5006  ,-0.00015  ,0.15015  }
		3d-hash size is 2264 bytes
		Making triangles connectivity...Ok. (0.001 s).
		Neighbour triangles: 100.00 % (good connect) - 0.00 % (bad connect). Min: 3. Max: 3.
Hashing peculiar surfaces triangles
Mapped triangles processed in 0.257 s.
-----------------------------------------------------------------------

Current CPU = 0 sec
Flow Simulation 2017  x64 / 3731 / MESHER ver. efd_16_1.3696_10.11.2016 

Project: C:\Users\Wildf\Workplace\NTU-BIME_Heat-Transfer\Examples\Heatsink\1\1.xmlconfig
Computer name:	DESKTOP-8U0AR32
Operating system:	Windows 10 (or higher) (Version 10.0.19043)

SOLIDWORKS 2017 SP2.0

-----------------------------------------------------------------------
Mesh dimensions:
				I[0 ]=4
				I[1 ]=20
				I[2 ]=4
Solver refinement level	I[47]=0

Comp. domain size:
				a[0  ]=0
				a[1  ]=0.15
				a[2  ]=-0.1
				a[3  ]=0.5
				a[4  ]=0
				a[5  ]=0.15
Wall thickness		a[231]=0
Gap size			a[232]=1

Fluid calculated			1
Solid calculated			1
-----------------------------------------------------------------------
MESH: distribute base bricks among sub-meshes...
	Base bricks count               320
	Sub-meshes  count               8
	Base bricks count per sub-mesh  40 (+0)
	Sub-mesh 0: 40 base brick(s), range [0, 3]-[0, 2]-[0, 3]
	Sub-mesh 1: 40 base brick(s), range [0, 3]-[2, 4]-[0, 3]
	Sub-mesh 2: 40 base brick(s), range [0, 3]-[5, 7]-[0, 3]
	Sub-mesh 3: 40 base brick(s), range [0, 3]-[7, 9]-[0, 3]
	Sub-mesh 4: 40 base brick(s), range [0, 3]-[10, 12]-[0, 3]
	Sub-mesh 5: 40 base brick(s), range [0, 3]-[12, 14]-[0, 3]
	Sub-mesh 6: 40 base brick(s), range [0, 3]-[15, 17]-[0, 3]
	Sub-mesh 7: 40 base brick(s), range [0, 3]-[17, 19]-[0, 3]
-----------------------------------------------------------------------
-----------------------------------------------------------------------
MESH: collecting ghosts in sub-meshes...
	Sub-mesh 0:
		Total  brick(s) 56
		Native brick(s) 40
		Inner  brick(s) 24
		Outer  brick(s) 16
		Ghost  brick(s) 16
	Sub-mesh 1:
		Total  brick(s) 72
		Native brick(s) 40
		Inner  brick(s) 8
		Outer  brick(s) 32
		Ghost  brick(s) 32
	Sub-mesh 2:
		Total  brick(s) 72
		Native brick(s) 40
		Inner  brick(s) 8
		Outer  brick(s) 32
		Ghost  brick(s) 32
	Sub-mesh 3:
		Total  brick(s) 72
		Native brick(s) 40
		Inner  brick(s) 8
		Outer  brick(s) 32
		Ghost  brick(s) 32
	Sub-mesh 4:
		Total  brick(s) 72
		Native brick(s) 40
		Inner  brick(s) 8
		Outer  brick(s) 32
		Ghost  brick(s) 32
	Sub-mesh 5:
		Total  brick(s) 72
		Native brick(s) 40
		Inner  brick(s) 8
		Outer  brick(s) 32
		Ghost  brick(s) 32
	Sub-mesh 6:
		Total  brick(s) 72
		Native brick(s) 40
		Inner  brick(s) 8
		Outer  brick(s) 32
		Ghost  brick(s) 32
	Sub-mesh 7:
		Total  brick(s) 56
		Native brick(s) 40
		Inner  brick(s) 24
		Outer  brick(s) 16
		Ghost  brick(s) 16
	Total brick(s) 320
-----------------------------------------------------------------------
Setting regions...OK (0.002 s)
Base mesh info------------------
	2D flag  =0
	Period   =[0, 0, 0]
	Nx=4
		x[0]=0
		x[1]=0.0375118
		x[2]=0.0750118
		x[3]=0.112512
		x[4]=0.15
	Ny=20
		y[0]=-0.1
		y[1]=-0.0759084
		y[2]=-0.0528816
		y[3]=-0.0308663
		y[4]=-0.00816165
		y[5]=0.0145428
		y[6]=0.0372671
		y[7]=0.0610975
		y[8]=0.0860877
		y[9]=0.112294
		y[10]=0.139776
		y[11]=0.168595
		y[12]=0.198817
		y[13]=0.230509
		y[14]=0.263744
		y[15]=0.298596
		y[16]=0.335145
		y[17]=0.373472
		y[18]=0.413664
		y[19]=0.455812
		y[20]=0.5
	Nz=4
		z[0]=0
		z[1]=0.0375086
		z[2]=0.0750086
		z[3]=0.112509
		z[4]=0.15
End of base mesh info---------
Input_mesh_settings--------------------------------
Settings 0----------------
	Scope: GLOBAL
	Type:	------MESHER_SETTINGS----------
	RefAllCells           =0
	RefFluidCells         =0
	RefPartCells          =0
	RefSolidCells         =0
	l_SSFR(Capture crit)  =4
	l_curv(Curvature crit)=0
	l_tol(Tolerance crit) =4
	  k_tol               =0.0005
	UseChannelRef         =1
	  NCR_method          =0
	  l_NCR               =2
	  N_gap               =5
	  Use d_NCR_min       =0
	  Use d_NCR_max       =0
	IgnoreThinChannelsHeight         =0
	--END_OF_MESHER_SETTINGS-------
End of input mesh settings-------------------------

-----------------------------------------------------------------------
Building geometries:
Building geometry Fluid.0.(0)...

-----------------------------------------------------------------------
Refining by triangulation...
Refinement input: 320 bricks
Setting regions...OK (0.002 s)
	Re-balancing...
	Send and create bricks on destination sub meshes...
	Collecting ghosts...
	Balancing finished.
Setting regions...OK (0.003 s)
	Re-balancing...
	Send and create bricks on destination sub meshes...
	Collecting ghosts...
	Balancing finished.
Setting regions...OK (0.006 s)
	Re-balancing...
	Send and create bricks on destination sub meshes...
	Collecting ghosts...
	Balancing finished.
Setting regions...OK (0.003 s)
	Re-balancing...
	Send and create bricks on destination sub meshes...
	Collecting ghosts...
	Balancing finished.
Refinement result: 6382 bricks (0.475 s)
Refinement input: 6382 bricks
Refinement result: 6382 bricks (0.021 s)
Collecting and processing rays...OK (0.084 s)
Capturing...OK (0.008 s)
Refining by triangulation takes 0.59 s
-----------------------------------------------------------------------

-----------------------------------------------------------------------
Refining peculiar surfaces...
0 surfaces refined
Refining peculiar surfaces takes 0.001 s
-----------------------------------------------------------------------
Collecting and processing rays...OK (0.001 s)
Capturing...OK (0.000 s)
Collecting and processing rays...OK (0.001 s)
Capturing...OK (0.000 s)
Collecting and processing rays...OK (0.002 s)
Capturing...OK (0.000 s)

-----------------------------------------------------------------------
Base mesh 1 Refining...
Refinement input: 6382 bricks
Refinement result: 6382 bricks (0.005 s)
Collecting and processing rays...OK (0.001 s)
Capturing...OK (0.000 s)
-----------------------------------------------------------------------
Refining channels...
FYI: CNarrowChannelRefiner::RefineChannels_PRLL: m_submesh_count=8
FYI: m_iteration_count = 0
FYI: level1 statistics:
     level1_cnt_plus[1]=0;		level1_cnt_minus[1]=0
     level1_cnt_plus[2]=0;		level1_cnt_minus[2]=0
     level1_cnt_plus[3]=0;		level1_cnt_minus[3]=0
     level1_cnt_plus[4]=0;		level1_cnt_minus[4]=0
     level1_cnt_plus[5]=0;		level1_cnt_minus[5]=0
     level1_cnt_plus[6]=0;		level1_cnt_minus[6]=0
     level1_cnt_plus[7]=0;		level1_cnt_minus[7]=0
     level1_cnt_plus[8]=0;		level1_cnt_minus[8]=0
     level1_cnt_plus[9]=0;		level1_cnt_minus[9]=0
Refinement input: 6382 bricks
Setting regions...OK (0.005 s)
Refinement result: 6473 bricks (0.015 s)
Collecting and processing rays...OK (0.005 s)
Capturing...OK (0.001 s)
FYI: m_iteration_count = 1
FYI: level1 statistics:
     level1_cnt_plus[1]=104;		level1_cnt_minus[1]=0
     level1_cnt_plus[2]=0;		level1_cnt_minus[2]=0
     level1_cnt_plus[3]=0;		level1_cnt_minus[3]=0
     level1_cnt_plus[4]=0;		level1_cnt_minus[4]=0
     level1_cnt_plus[5]=0;		level1_cnt_minus[5]=0
     level1_cnt_plus[6]=0;		level1_cnt_minus[6]=0
     level1_cnt_plus[7]=0;		level1_cnt_minus[7]=0
     level1_cnt_plus[8]=0;		level1_cnt_minus[8]=0
     level1_cnt_plus[9]=0;		level1_cnt_minus[9]=0
FYI: m_iteration_count = 2
FYI: level1 statistics:
     level1_cnt_plus[1]=104;		level1_cnt_minus[1]=0
     level1_cnt_plus[2]=0;		level1_cnt_minus[2]=0
     level1_cnt_plus[3]=0;		level1_cnt_minus[3]=0
     level1_cnt_plus[4]=0;		level1_cnt_minus[4]=0
     level1_cnt_plus[5]=0;		level1_cnt_minus[5]=0
     level1_cnt_plus[6]=0;		level1_cnt_minus[6]=0
     level1_cnt_plus[7]=0;		level1_cnt_minus[7]=0
     level1_cnt_plus[8]=0;		level1_cnt_minus[8]=0
     level1_cnt_plus[9]=0;		level1_cnt_minus[9]=0
FYI: level1 statistics:
     level1_cnt_plus[1]=104;		level1_cnt_minus[1]=0
     level1_cnt_plus[2]=0;		level1_cnt_minus[2]=0
     level1_cnt_plus[3]=0;		level1_cnt_minus[3]=0
     level1_cnt_plus[4]=0;		level1_cnt_minus[4]=0
     level1_cnt_plus[5]=0;		level1_cnt_minus[5]=0
     level1_cnt_plus[6]=0;		level1_cnt_minus[6]=0
     level1_cnt_plus[7]=0;		level1_cnt_minus[7]=0
     level1_cnt_plus[8]=0;		level1_cnt_minus[8]=0
     level1_cnt_plus[9]=0;		level1_cnt_minus[9]=0
	CNarrowChannelRefiner::ChannelsResolution            function_total                0      = 2.31966 sec

-----------------------------------------------------------------------
U-shapes refinement...
Refinement input: 6473 bricks
Setting regions...OK (0.004 s)
Refinement result: 6522 bricks (0.015 s)
Collecting and processing rays...OK (0.002 s)
Capturing...OK (0.000 s)
-----------------------------------------------------------------------

-----------------------------------------------------------------------
Equi Distant Refiner:
Equi Distant Refiner takes 0.00 s
-----------------------------------------------------------------------
Building geometry takes 2.948 s
Geometry Fluid.0.
Total		6522
Partial	2415
Fluid		3794
Solid		123
Bad		190

/-Ray Intersection---------------/ Time	0.266 s
Calls			2172
CorrectRay Calls	0


Building geometry Solid.1.Aluminum 5052(1)...

-----------------------------------------------------------------------
Refining by triangulation...
Refinement input: 6522 bricks
Refinement result: 6522 bricks (0.034 s)
Refinement input: 6522 bricks
Refinement result: 6522 bricks (0.020 s)
Collecting and processing rays...OK (0.083 s)
Capturing...OK (0.009 s)
Refining by triangulation takes 0.149 s
-----------------------------------------------------------------------
Collecting and processing rays...OK (0.001 s)
Capturing...OK (0.000 s)
Collecting and processing rays...OK (0.001 s)
Capturing...OK (0.000 s)

-----------------------------------------------------------------------
Base mesh 1 Refining...
Refinement input: 6522 bricks
Refinement result: 6522 bricks (0.003 s)
Collecting and processing rays...OK (0.001 s)
Capturing...OK (0.001 s)
-----------------------------------------------------------------------
Building geometry takes 0.191 s
Geometry Solid.1.Aluminum 5052
Total		6522
Partial	2369
Fluid		120
Solid		3843
Bad		190

/-Ray Intersection---------------/ Time	0.247 s
Calls			2172
CorrectRay Calls	0


Building geometry Solid.2.Insulator(2)...

-----------------------------------------------------------------------
Refining by triangulation...
Refinement input: 6522 bricks
Refinement result: 6522 bricks (0.005 s)
Refinement input: 6522 bricks
Refinement result: 6522 bricks (0.003 s)
Collecting and processing rays...OK (0.025 s)
Capturing...OK (0.003 s)
Refining by triangulation takes 0.038 s
-----------------------------------------------------------------------
Collecting and processing rays...OK (0.001 s)
Capturing...OK (0.000 s)
Collecting and processing rays...OK (0.001 s)
Capturing...OK (0.000 s)

-----------------------------------------------------------------------
Base mesh 1 Refining...
Refinement input: 6522 bricks
Refinement result: 6522 bricks (0.003 s)
Collecting and processing rays...OK (0.001 s)
Capturing...OK (0.000 s)
-----------------------------------------------------------------------
Building geometry takes 0.074 s
Geometry Solid.2.Insulator
Total		6522
Partial	88
Fluid		0
Solid		6434
Bad		0

/-Ray Intersection---------------/ Time	0.007 s
Calls			2172
CorrectRay Calls	0


Building geometries takes 3.217 s
-----------------------------------------------------------------------

-----------------------------------------------------------------------
PostBuilding geometries:
PostBuilding geometry Fluid.0.(0)...
Collecting and processing rays...OK (0.002 s)
Capturing...OK (0.000 s)
PostBuilding geometry takes 0.025 s
Geometry Fluid.0.
Total		6522
Partial	2415
Fluid		3794
Solid		123
Bad		190
PostBuilding geometry Solid.1.Aluminum 5052(1)...
Collecting and processing rays...OK (0.001 s)
Capturing...OK (0.000 s)
PostBuilding geometry takes 0.039 s
Geometry Solid.1.Aluminum 5052
Total		6522
Partial	2369
Fluid		120
Solid		3843
Bad		190
PostBuilding geometries takes 0.088 s
-----------------------------------------------------------------------
Defect ray count	0
FYI: CNarrowChannelRefiner::RedistributeLevel1_step_1: is finished
FYI: level1 statistics:
     level1_cnt_plus[1]=104;		level1_cnt_minus[1]=0
     level1_cnt_plus[2]=0;		level1_cnt_minus[2]=0
     level1_cnt_plus[3]=0;		level1_cnt_minus[3]=0
     level1_cnt_plus[4]=0;		level1_cnt_minus[4]=0
     level1_cnt_plus[5]=0;		level1_cnt_minus[5]=0
     level1_cnt_plus[6]=0;		level1_cnt_minus[6]=0
     level1_cnt_plus[7]=0;		level1_cnt_minus[7]=0
     level1_cnt_plus[8]=0;		level1_cnt_minus[8]=0
     level1_cnt_plus[9]=0;		level1_cnt_minus[9]=0
FYI: CNarrowChannelRefiner::RedistributeLevel1_step_2: is started
FYI: CNarrowChannelRefiner::RedistributeLevel1_step_2: is finished
FYI: level1 statistics:
     level1_cnt_plus[1]=175;		level1_cnt_minus[1]=0
     level1_cnt_plus[2]=0;		level1_cnt_minus[2]=0
     level1_cnt_plus[3]=0;		level1_cnt_minus[3]=0
     level1_cnt_plus[4]=0;		level1_cnt_minus[4]=0
     level1_cnt_plus[5]=0;		level1_cnt_minus[5]=0
     level1_cnt_plus[6]=0;		level1_cnt_minus[6]=0
     level1_cnt_plus[7]=0;		level1_cnt_minus[7]=0
     level1_cnt_plus[8]=0;		level1_cnt_minus[8]=0
     level1_cnt_plus[9]=0;		level1_cnt_minus[9]=0
FYI: CNarrowChannelRefiner::RedistributeLevel1_step_3: is started
FYI: CNarrowChannelRefiner::RedistributeLevel1_step_3: is finished
RedistributeLevel1 takes:
	CNarrowChannelRefiner::RedistributeLevel1            function_total                0      = 1.13712 sec
FYI: level1 statistics:
     level1_cnt_plus[1]=175;		level1_cnt_minus[1]=2037
     level1_cnt_plus[2]=0;		level1_cnt_minus[2]=0
     level1_cnt_plus[3]=0;		level1_cnt_minus[3]=0
     level1_cnt_plus[4]=0;		level1_cnt_minus[4]=0
     level1_cnt_plus[5]=0;		level1_cnt_minus[5]=0
     level1_cnt_plus[6]=0;		level1_cnt_minus[6]=0
     level1_cnt_plus[7]=0;		level1_cnt_minus[7]=0
     level1_cnt_plus[8]=0;		level1_cnt_minus[8]=0
     level1_cnt_plus[9]=0;		level1_cnt_minus[9]=0
-----------------------------------------------------------------------
BCF-Builder Iteration: 0
Memory Working Set Current = 57.55 Mb, Memory Working Set Peak = 60.08 Mb
Process Threads Number: 21
Loading geometries triangulation & x-stacks...OK
	Sub-mesh 0:
		Total  brick(s) 1125
		Native brick(s) 818
		Inner  brick(s) 575
		Outer  brick(s) 243
		Ghost  brick(s) 307
	Sub-mesh 1:
		Total  brick(s) 1183
		Native brick(s) 811
		Inner  brick(s) 473
		Outer  brick(s) 338
		Ghost  brick(s) 372
	Sub-mesh 2:
		Total  brick(s) 1353
		Native brick(s) 902
		Inner  brick(s) 469
		Outer  brick(s) 433
		Ghost  brick(s) 451
	Sub-mesh 3:
		Total  brick(s) 1172
		Native brick(s) 797
		Inner  brick(s) 520
		Outer  brick(s) 277
		Ghost  brick(s) 375
	Sub-mesh 4:
		Total  brick(s) 1449
		Native brick(s) 797
		Inner  brick(s) 376
		Outer  brick(s) 421
		Ghost  brick(s) 652
	Sub-mesh 5:
		Total  brick(s) 1196
		Native brick(s) 797
		Inner  brick(s) 429
		Outer  brick(s) 368
		Ghost  brick(s) 399
	Sub-mesh 6:
		Total  brick(s) 1241
		Native brick(s) 797
		Inner  brick(s) 349
		Outer  brick(s) 448
		Ghost  brick(s) 444
	Sub-mesh 7:
		Total  brick(s) 1056
		Native brick(s) 803
		Inner  brick(s) 508
		Outer  brick(s) 295
		Ghost  brick(s) 253
	Total brick(s) 6522

-----------------------------------------------------------------------
MSH (Real Geometry) format constructor:
Getting submesh brick sets...OK (0.002 s)
Level 4
	Inner time 1.361 s
	Outer Time 1.669 s
	Level Time 3.037 s
Level 3
	Inner time 0.351 s
	Outer Time 0.740 s
	Level Time 1.096 s
Level 2
	Inner time 0.027 s
	Outer Time 0.016 s
	Level Time 0.045 s
Level 1
	Inner time 0.003 s
	Outer Time 0.018 s
	Level Time 0.022 s
Level 0
	Inner time 0.007 s
	Outer Time 0.009 s
	Level Time 0.016 s

Brick parser time info:
	5.345 s - time_Run
		0.210 s - time_ConstructPoints
			0.175 s - time_ConstructPointsAddFind2
		0.145 s - time_ConstructPointsAndConnectsFromNb
		0.043 s - time_AddRibConnects
		1.128 s - time_ConstructBrickFacets
			0.530 s - time_CalculateQpoints
				0.097 s - time_AddFacetPoint_GetFacesQpoint
					0.001 s - time_GetFacesQpoint_UShaped
						0.001 s - time_GetFacesQpoint2
					0.001 s - time_GetFacesQpoint_AddEdgesToList
					0.092 s - time_Edge_GetClosestPointOn
					0.012 s - time_Edge_NewtonMethod
					0.001 s - time_GetFacesQpoint_ManyFinds
				0.216 s - time_AddFacetPoint_AddQPoint
					0.745 s - time_PointReverseEvaluate
				0.173 s - time_AddFacetPoint_AddFind2
		0.000 s - time_RemoveOddConnects
		0.086 s - time_TestConnectivity
		0.012 s - time_ValidateXeps
		0.131 s - time_ConstructFaceAs
		0.022 s - time_ConstructCvs
		0.024 s - time_ConstructFaceWs
		0.647 s - time_RealGeomAddQPoints
		0.052 s - time_RealGeomAddNewFaces
		0.007 s - time_RealGeomInitOppositeGeomFaceInd
		0.142 s - time_RealGeomApproxCurveFaces
		0.000 s - time_Enum1
		0.000 s - time_Enum2
		0.008 s - time_RealGeomCheckInvalidConnects
		2.546 s - time_RealGeomParameters
			1.676 s - time_CalculateParametersOfCv
			0.815 s - time_CalculateParametersOfFace
				0.461 s - time_CalculateRR
				0.344 s - time_CalculateRefFaceData
				0.003 s - time_CalculateLambdaProjection
			0.048 s - time_SetFacesOrientation
Result:
	Bricks number:                        6522

	Memory usage:                         3.418 MB
	Memory usage (per brick):             0.537 KB
	Construction time:                    4.314 s

	Topology features:
	------------------
	- High quality bricks                  99.92 % (6517)
	- Medium quality bricks                 0.08 % (5)
	- Bad quality bricks                    0.00 % (0)
	- Ribs corrected bricks                 0.00 % (0)
	- Points with geom-info (bricks)        0.09 % (6)
	- Points with closest-info (bricks)     0.03 % (2)
	- Triangulated by center (bricks)       0.11 % (7)
	- Facet w-faces mergings (bricks)       0.00 % (0)
	- To refine (bricks)                    0.00 % (0)

Memory Working Set Current = 78.63 Mb, Memory Working Set Peak = 97.59 Mb
Process Threads Number: 21
-----------------------------------------------------------------------
-----------------------------------------------------------------------
MSH --> BCF format (Iteration 0)...
BCF collector...
	(7) Bcf collect time 0.395 s (1610 avs, 1505 fws)
	(5) Bcf collect time 0.414 s (2485 avs, 2350 fws)
	(2) Bcf collect time 0.416 s (2615 avs, 2307 fws)
	(6) Bcf collect time 0.418 s (2329 avs, 2434 fws)
	(0) Bcf collect time 0.418 s (2443 avs, 2630 fws)
	(3) Bcf collect time 0.419 s (4282 avs, 4784 fws)
	(1) Bcf collect time 0.423 s (2869 avs, 3194 fws)
	(4) Bcf collect time 0.424 s (4771 avs, 4995 fws)
	(6) Remove defect avs time 0.018 s
	(5) Remove defect avs time 0.018 s
	(3) Remove defect avs time 0.018 s
	(1) Remove defect avs time 0.019 s
	(7) Remove defect avs time 0.019 s
	(4) Remove defect avs time 0.018 s
	(2) Remove defect avs time 0.018 s
	(0) Remove defect avs time 0.018 s
Defect subdomain detector...
		2 subdomain(s) of gi=0 (real bodies = 2).
			Subdomain 0: 460 av
			Subdomain 1: 8834 av
		Get real subdoms time 0.000 s
		Mark defect subdomains by closed av...
		Mark by closed av time 0.001 s
		Mark defect subdomains by real bodies...
		0 defect subdomain(s) of gi=0.
		4 subdomain(s) of gi=1 (real bodies = 4).
			Subdomain 0: 5399 av
			Subdomain 1: 98 av
			Subdomain 2: 11 av
			Subdomain 3: 9 av
		Get real subdoms time 0.001 s
		Mark defect subdomains by real bodies...
		0 defect subdomain(s) of gi=1.
		1 subdomain(s) of gi=2 (real bodies = 1).
			Subdomain 0: 216 av
		Get real subdoms time 0.000 s
		Mark defect subdomains by real bodies...
		0 defect subdomain(s) of gi=2.
	(5) Remove defect subdoms time 0.007 s
	(6) Remove defect subdoms time 0.007 s
	(0) Remove defect subdoms time 0.007 s
	(1) Remove defect subdoms time 0.007 s
	(4) Remove defect subdoms time 0.007 s
	(7) Remove defect subdoms time 0.007 s
	(3) Remove defect subdoms time 0.007 s
	(2) Remove defect subdoms time 0.007 s
NB-faces collector & conservator...
Sub-mesh 0.
	Conservated total=1 (bb-faces=0)
Sub-mesh 1.
	Conservated total=7 (bb-faces=0)
Sub-mesh 2.
	Conservated total=8 (bb-faces=0)
Sub-mesh 3.
	Conservated total=1 (bb-faces=0)
Sub-mesh 4.
	Conservated total=6 (bb-faces=0)
Sub-mesh 5.
	Conservated total=4 (bb-faces=0)
Sub-mesh 6.
	Conservated total=1 (bb-faces=0)
Sub-mesh 7.
	Conservated total=0 (bb-faces=0)
	(7) Bcf calc time 0.106 s
	(5) Bcf calc time 0.129 s
	(2) Bcf calc time 0.144 s
	(0) Bcf calc time 0.174 s
	(6) Bcf calc time 0.185 s
	(1) Bcf calc time 0.214 s
	(4) Bcf calc time 0.291 s
	(3) Bcf calc time 0.301 s
FACE_W optimizer ...
Sub-mesh 0.
	Before optimization total=4205 (fs=2630, ff=0, ss=0)
	After  optimization total=4063 (fs=2488, ff=0, ss=0)
Sub-mesh 1.
	Before optimization total=4820 (fs=3149, ff=0, ss=45)
	After  optimization total=4680 (fs=3009, ff=0, ss=45)
Sub-mesh 2.
	Before optimization total=4111 (fs=2269, ff=0, ss=38)
	After  optimization total=4013 (fs=2171, ff=0, ss=38)
Sub-mesh 3.
	Before optimization total=7121 (fs=4784, ff=0, ss=0)
	After  optimization total=7017 (fs=4680, ff=0, ss=0)
Sub-mesh 4.
	Before optimization total=7669 (fs=4995, ff=0, ss=0)
	After  optimization total=7595 (fs=4921, ff=0, ss=0)
Sub-mesh 5.
	Before optimization total=4169 (fs=2350, ff=0, ss=0)
	After  optimization total=4094 (fs=2275, ff=0, ss=0)
Sub-mesh 6.
	Before optimization total=4237 (fs=2434, ff=0, ss=0)
	After  optimization total=4200 (fs=2397, ff=0, ss=0)
Sub-mesh 7.
	Before optimization total=2854 (fs=1505, ff=0, ss=0)
	After  optimization total=2753 (fs=1404, ff=0, ss=0)
-----------------------------------------------------------------------
-----------------------------------------------------------------------
Merging BCF...
Merging bricks trees...OK (0.01 s)
Merging av data...OK (0.01 s)
Merging a-faces data (fluid)...
	New a-face count   26396
	Bound a-face count 2936 (11.12 %)
Merging a-faces data takes 0.01 s
Merging a-faces data (solid)...
	New a-face count   12875
	Bound a-face count 1567 (12.17 %)
Merging a-faces data takes 0.01 s
Merging w-faces data...
	New w-face count   16031
	Bound w-face count 0 (0.00 %)
	Need fw-nb         12496 (77.95 %)
Merging w-faces data takes 0.13 s
Merging BCF takes (0.20 s)
-----------------------------------------------------------------------

-----------------------------------------------------------------------
Geometrical diagonal nb-faces collector (cpu_num=8)...
	Time=0.097s.
-----------------------------------------------------------------------
Fluid Subdom Constructor: 2 subdom(s).
	Remove nb-fw from diff subdomains (fs)...
		Diff subdomains cases         0

-----------------------------------------------------------------------
BCF CHECKSUM DATA (Mesh 0):

FACE_A Area Sum:   G.Fluid        1.1450758041737217
FACE_A Area Sum:   G.Solid        0.0255658110209926
FACE_W Area Sum:                  0.4884816905419455
FACE_W Nb   Sum:                  133048
FACE_W min curvatures sum:        -1526277.04510872
FACE_W max curvatures sum:        1665996.68819474
AV Max Disbalance: G.Fluid        3.07235e-011 (cid=6206, avid=8964, pid=6903)
AV Max Disbalance: G.Solid        3.94378e-010 (cid=4387, avid=13877, pid=4479)
BRICK-AV Volume Disbalance:       0 (cid=0)
-----------------------------------------------------------------------


-----------------------------------------------------------------------
MESHER TOPOLOGY DATA (Mesh 0):

BRICKS: Total                 6522
BRICKS: 1-CV                  2465
BRICKS: 2-CV                  1660
BRICKS: 3-CV                  1242
BRICKS: 4-CV                  639
BRICKS: 5-CV                  296
BRICKS: 6-CV                  60
BRICKS: 7-CV                  160
BRICKS: Bad                   0

AV:     G.Total               15027
AV:     G.Fluid               9294
AV:     G.Solid               5733

AV:     G.Fluid Thin Profile   16.32 % (1517)
AV:     G.Solid Thin Profile   46.36 % (2658)

AV:     G.Fluid Thin For Mega  12.42 % (1154)
AV:     G.Solid Thin For Mega  38.58 % (2212)

AV:     G.Fluid Non-Convex     20.70 % (1924)
AV:     G.Solid Non-Convex     19.68 % (1128)

FACE_A: G.Fluid          (af) 26396 (partially opened 15787)
FACE_A: G.Solid          (as) 12875 (partially opened 11980)

FACE_W: G.Total                 16031       Brick/Bound
FACE_W: G.Fluid/Solid    (fs_g) 14624       0           
FACE_W: G.Fluid/Fluid    (ff_g) 0           0           
FACE_W: G.Solid/Solid    (ss_g) 57          0           
FACE_W: G.Fluid/External (fe_g) 991
FACE_W: G.Solid/External (se_g) 359

AV max fa count:                19
AV max fw count:                20
AV max fw poly count:           20

MEMORY: Total                   6.974 MB
MEMORY: Per Brick               1.095 KB
-----------------------------------------------------------------------

-----------------------------------------------------------------------
Mega-cv constructor for fluid...
	 1154 av's is treated as thin
Relative size generator (threshold = 0.05)...OK
	 681 mega-cv's generated
	 46 mega-cv's removed
Convert clusters:
	 635 mega-cv's total
Mega-cv count: 635
-----------------------------------------------------------------------
-----------------------------------------------------------------------
Mega-cv constructor for solid...
Mega-cv count: 0
-----------------------------------------------------------------------
Mixing plane rotation regions: NO.
Sliding mesh rotation regions: NO.
Fluid/fluid faces: NO.
----------------------------------------------------------
BCF --> BCF.GEOMSUBDOM (bridge arrays) (cpu_num=8):
MESH (0):
	Fluid Subdom Constructor: 2 subdom(s).
	Solid Subdom Constructor: 5 subdom(s).
	Net Asm Subdom Constructor: 0 subdom(s).
	GEOMSUBDOM (0): gi=0 fluid av=460 cv=459 fa=1429 fw=331 V=1.697941e-003
	GEOMSUBDOM (1): gi=0 fluid av=8834 cv=8071 fa=24967 fw=15284 V=1.173642e-002
	GEOMSUBDOM (2): gi=1 solid av=5399 cv=5399 fa=12171 fw=14316 V=2.053639e-005
	GEOMSUBDOM (3): gi=2 solid av=216 cv=216 fa=509 fw=439 V=4.499631e-005
	GEOMSUBDOM (4): gi=1 solid av=98 cv=98 fa=177 fw=276 V=1.066829e-007
	GEOMSUBDOM (5): gi=1 solid av=11 cv=11 fa=10 fw=36 V=1.679680e-009
	GEOMSUBDOM (6): gi=1 solid av=9 cv=9 fa=8 fw=30 V=1.196485e-009
	Setting nb of w-faces...OK.

MESH (0) checking:
	GEOMSUBDOM (0):fa_s=0.1654917530555913 fw_s=0.0903117873041226 fw_nb=2606
	GEOMSUBDOM (1):fa_s=0.9795840511181295 fw_s=0.3950479395227278 fw_nb=128154
	GEOMSUBDOM (2):fa_s=0.0202451206168063 fw_s=0.0397572559934962 fw_nb=118658
	GEOMSUBDOM (3):fa_s=0.0052015165875638 fw_s=0.0462088143315067 fw_nb=2810
	GEOMSUBDOM (4):fa_s=0.0001171029778554 fw_s=0.0005915023570517 fw_nb=2086
	GEOMSUBDOM (5):fa_s=0.0000011504659817 fw_s=0.0000268729841331 fw_nb=188
	GEOMSUBDOM (6):fa_s=0.0000009203727854 fw_s=0.0000192085908489 fw_nb=156
MESH (0) checking: OK.
----------------------------------------------------------
-----------------------------------------------------------------------
Calculating curvature and tolerance criteria...
Curvature: min=0 max=3.14159
Tolerance: min=0 max=0.00235659
Calculating curvature and tolerance criteria takes 0.296 s
-----------------------------------------------------------------------
Current CPU = 11 sec

Nx=4
Ny=20
Nz=4
Max_RL=4
12. Saving initial mesh in: C:\Users\Wildf\Workplace\NTU-BIME_Heat-Transfer\Examples\Heatsink\1\1.fld .
Storing results...
Estimated CPT size=3.499 MB.
OK
Memory Working Set Current = 97.42 Mb, Memory Working Set Peak = 104.30 Mb
Process Threads Number: 21
Cleaning memory...
Free Geometry DB takes 0.016 s
Copying... OK

------------------------------------------------------------------------------------------------------------
CPU report:
Function                                             CPU           descriptor                    nproc     
------------------------------------------------------------------------------------------------------------
GetGeometryFromSW                                    0.692 sec   function_total               
GetGeometryFromSW                                    0.219 sec   InitGeometryTriangles        
CMesh::PrepareMappedTriangles                        0.257 sec   function_total               
SwapGeometries                                       0.253 sec   function_total               
SwapGeometries                                       0.000 sec   function_total               
SwapGeometries                                       0.000 sec   function_total               
SwapGeometries                                       0.000 sec   function_total               
SwapGeometries                                       0.000 sec   function_total               
SwapGeometries                                       0.000 sec   function_total               
SwapGeometries                                       0.000 sec   function_total               
SwapGeometries                                       0.000 sec   function_total               
CMesh::PreBuild                                      0.019 sec   function_total               
SetBrickRegion                                       0.028 sec   function_total               
CMesh::Build                                         3.327 sec   function_total               
CMesh::BuildGeometry                                 3.213 sec   function_total               
ActivateAllCellsParameters                           0.154 sec   function_total               
RefineByTriangles                                    0.777 sec   function_total               
CaptureRefined                                       0.247 sec   function_total               
GetMultiRaysIntersections                            0.095 sec   full                         
CRayCollector::CorrectRays2                          0.087 sec   full                         
CRayCollector::CorrectRays2                          0.039 sec   stage_1_collect_undefined_vertices1
RefinePeculiarSurfaces                               0.003 sec   function_total               
CNarrowChannelRefiner::ChannelsResolution            2.320 sec   function_total               
CNarrowChannelRefiner::RefineChannels_PRLL           2.317 sec   function_total               
CNarrowChannelRefiner::GetMainNormals                0.398 sec   function_total               
CNarrowChannelRefiner::GetMainNormals                0.432 sec   function_total               
CNarrowChannelRefiner::GetMainNormals                0.126 sec   function_total               
CNarrowChannelRefiner::GetMainNormals                0.383 sec   function_total               
CNarrowChannelRefiner::GetMainNormals                0.315 sec   function_total               
CNarrowChannelRefiner::GetMainNormals                0.130 sec   function_total               
CNarrowChannelRefiner::GetMainNormals                0.152 sec   function_total               
CNarrowChannelRefiner::GetMainNormals                0.078 sec   function_total               
CNarrowChannelRefiner::facade_bricks_of_brick_dirv   1.856 sec   function_total               
CNarrowChannelRefiner::facade_bricks_of_brick_dirv   2.468 sec   function_total               
CNarrowChannelRefiner::facade_bricks_of_brick_dirv   0.636 sec   function_total               
CNarrowChannelRefiner::facade_bricks_of_brick_dirv   1.670 sec   function_total               
CNarrowChannelRefiner::facade_bricks_of_brick_dirv   1.781 sec   function_total               
CNarrowChannelRefiner::facade_bricks_of_brick_dirv   0.288 sec   function_total               
CNarrowChannelRefiner::facade_bricks_of_brick_dirv   0.473 sec   function_total               
CNarrowChannelRefiner::facade_bricks_of_brick_dirv   0.410 sec   function_total               
CNarrowChannelRefiner::next_brick_on_ray             1.852 sec   function_total               
CNarrowChannelRefiner::next_brick_on_ray             2.464 sec   function_total               
CNarrowChannelRefiner::next_brick_on_ray             0.631 sec   function_total               
CNarrowChannelRefiner::next_brick_on_ray             1.665 sec   function_total               
CNarrowChannelRefiner::next_brick_on_ray             1.776 sec   function_total               
CNarrowChannelRefiner::next_brick_on_ray             0.285 sec   function_total               
CNarrowChannelRefiner::next_brick_on_ray             0.469 sec   function_total               
CNarrowChannelRefiner::next_brick_on_ray             0.406 sec   function_total               
CNarrowChannelRefiner::RefineChannels_PRLL           0.022 sec   NCR_execute_refinement       
CMesh::BuildGeometry                                 0.001 sec   equidistant_refiner          
PostCaptureGeometry                                  0.064 sec   function_total               
CNarrowChannelRefiner::RedistributeLevel1            1.140 sec   function_total               
CTPBuilder::build_bcf                                5.584 sec   function_total               
CTPBuilder::bcf_builder                              5.474 sec   function_total               
LoadTrianglesAndXSL                                  0.024 sec   function_total               
CTPBuilder::collect_msh_format                       4.338 sec   function_total               
CTPBuilder::Run                                      0.763 sec   bcf_collect                  
CTPBuilder::Run                                      0.322 sec   bcf_merge                    
CTPBuilder::build_bcf                                0.062 sec   collect_mega_cv              
CTPBuilder::build_bcf                                0.046 sec   convert_to_mds_function      
CMesh::CalculateCurvatureAndToleranceCriteria        0.296 sec   function_total               
Store_Res_2                                          0.322 sec   function_total               
Freemem_CPT                                          0.054 sec   function_total               
------------------------------------------------------------------------------------------------------------

Mesh generation normally finished at	31.5.2022	4:43:44
Mesher CPU = 11 sec
Mesher is finished at	31.5.2022	4:43:44
