Number of used processors (NPROC): 8.
Number of mesh partitions (NPART): 8.
Total Physical Memory = 31.88 Gb, Available Physical Memory = 16.35 Gb
Mesh generation started:	2.6.2022	4:1:55
-----------------------------------------------------------------------
Allocating meshes:
	CPU count: 8
	MESH 0:
		Sub-meshes count: 8
-----------------------------------------------------------------------
Current CPU = 0 sec
-----------------------------------------------------------------------
Geometries initialization:

Geometry database loading ...OK
-----------------------------------------------------------------------
Loading mesh settings (global/local)...
-----------------------------------------------------------------------
Number of geometries: 3
Geometry(0):
	Fluid..
	1 Body.
	1 Real body.
	Tolerance=0.00188821.
	59 Face(s).
		59 of b-spline type.
	288 Triangle(s).
	59 Face(s) that have no ref faces
	59 Plane surface(s).
	162 Edge(s).
		162 of b-spline type.
	Geometry reading: 0.018 s.
	59 Reference Face(s).
	288 Reference Triangles.
	GeometryRef reading: 0.004 s.
Geometry(1):
	Solid..
	1 Body.
	1 Real body.
	Tolerance=0.00188821.
	59 Face(s).
		59 of b-spline type.
	288 Triangle(s).
	0 Face(s) that have no ref faces
	59 Plane surface(s).
	162 Edge(s).
		162 of b-spline type.
	Geometry reading: 0.006 s.
	54 Reference Face(s).
	284 Reference Triangles.
	GeometryRef reading: 0.001 s.
Geometry(2):
	Solid.Insulator.
	1 Body.
	1 Real body.
	Tolerance=0.00188821.
	12 Face(s).
		12 of b-spline type.
	24 Triangle(s).
	0 Face(s) that have no ref faces
	12 Plane surface(s).
	24 Edge(s).
		24 of b-spline type.
	Geometry reading: 0.002 s.
	7 Reference Face(s).
	20 Reference Triangles.
	GeometryRef reading: 0.000 s.
	Making hash and connectivity for geometry 0...
		CBodyGeom:
		Hash size: {28, 12, 16}.
		Mesh size: {28, 12, 16}.
		Hashing triangles...Ok.
		Making triangles connectivity...Ok. (0.003 s).
		Neighbour triangles: 100.00 % (good connect) - 0.00 % (bad connect). Min: 3. Max: 3.
		Done.
		CBodyGeomRef:
		Hashing triangles...Ok.
		Making triangles connectivity...Ok. (0.001 s).
		Neighbour triangles: Min: 1. Max: 3.
		Done.
	0.008 s.
	Making hash and connectivity for geometry 1...
		CBodyGeom:
		Hash size: {28, 12, 16}.
		Mesh size: {28, 12, 16}.
		Hashing triangles...Ok.
		Making triangles connectivity...Ok. (0.003 s).
		Neighbour triangles: 100.00 % (good connect) - 0.00 % (bad connect). Min: 3. Max: 3.
		Done.
		CBodyGeomRef:
		Hashing triangles...Ok.
		Making triangles connectivity...Ok. (0.001 s).
		Neighbour triangles: Min: 1. Max: 3.
		Done.
	0.006 s.
	Making hash and connectivity for geometry 2...
		CBodyGeom:
		Hash size: {28, 12, 16}.
		Mesh size: {28, 12, 16}.
		Hashing triangles...Ok.
		Making triangles connectivity...Ok. (0.000 s).
		Neighbour triangles: 100.00 % (good connect) - 0.00 % (bad connect). Min: 3. Max: 3.
		Done.
		CBodyGeomRef:
		Hashing triangles...Ok.
		Making triangles connectivity...Ok. (0.000 s).
		Neighbour triangles: Min: 1. Max: 2.
		Done.
	0.002 s.
Geometries reading and preparing has taken 0.043 s.

Mapped triangles:
Hashing geometries triangles
	Triangles num=288
	Triangles box={-8.5  ,8.5  ,-0.005  ,5.61062  ,-3  ,3  }
		3d-hash size is 31776 bytes
		Making triangles connectivity...Ok. (0.003 s).
		Neighbour triangles: 100.00 % (good connect) - 0.00 % (bad connect). Min: 3. Max: 3.
	Triangles num=288
	Triangles box={-15.03  ,15.03  ,-1.011  ,10.011  ,-8.016  ,8.016  }
		3d-hash size is 30148 bytes
		Making triangles connectivity...Ok. (0.003 s).
		Neighbour triangles: 100.00 % (good connect) - 0.00 % (bad connect). Min: 3. Max: 3.
	Triangles num=24
	Triangles box={-15.03  ,15.03  ,-1.011  ,10.011  ,-8.016  ,8.016  }
		3d-hash size is 23104 bytes
		Making triangles connectivity...Ok. (0.000 s).
		Neighbour triangles: 100.00 % (good connect) - 0.00 % (bad connect). Min: 3. Max: 3.
Hashing peculiar surfaces triangles
Mapped triangles processed in 0.016 s.
-----------------------------------------------------------------------

Current CPU = 0 sec
Flow Simulation 2017  x64 / 3731 / MESHER ver. efd_16_1.3696_10.11.2016 

Project: C:\Users\Wildf\Workplace\NTU-BIME_Heat-Transfer\Corrugated Iron House\3\3.xmlconfig
Computer name:	DESKTOP-8U0AR32
Operating system:	Windows 10 (or higher) (Version 10.0.19043)

SOLIDWORKS 2017 SP2.0

-----------------------------------------------------------------------
Mesh dimensions:
				I[0 ]=28
				I[1 ]=12
				I[2 ]=16
Solver refinement level	I[47]=0

Comp. domain size:
				a[0  ]=-15
				a[1  ]=15
				a[2  ]=-1
				a[3  ]=10
				a[4  ]=-8
				a[5  ]=8
Wall thickness		a[231]=0
Gap size			a[232]=1

Fluid calculated			1
Solid calculated			1
-----------------------------------------------------------------------
MESH: distribute base bricks among sub-meshes...
	Base bricks count               5376
	Sub-meshes  count               8
	Base bricks count per sub-mesh  672 (+0)
	Sub-mesh 0: 672 base brick(s), range [0, 3]-[0, 11]-[0, 15]
	Sub-mesh 1: 672 base brick(s), range [3, 6]-[0, 11]-[0, 15]
	Sub-mesh 2: 672 base brick(s), range [7, 10]-[0, 11]-[0, 15]
	Sub-mesh 3: 672 base brick(s), range [10, 13]-[0, 11]-[0, 15]
	Sub-mesh 4: 672 base brick(s), range [14, 17]-[0, 11]-[0, 15]
	Sub-mesh 5: 672 base brick(s), range [17, 20]-[0, 11]-[0, 15]
	Sub-mesh 6: 672 base brick(s), range [21, 24]-[0, 11]-[0, 15]
	Sub-mesh 7: 672 base brick(s), range [24, 27]-[0, 11]-[0, 15]
-----------------------------------------------------------------------
-----------------------------------------------------------------------
MESH: collecting ghosts in sub-meshes...
	Sub-mesh 0:
		Total  brick(s) 864
		Native brick(s) 672
		Inner  brick(s) 480
		Outer  brick(s) 192
		Ghost  brick(s) 192
	Sub-mesh 1:
		Total  brick(s) 1056
		Native brick(s) 672
		Inner  brick(s) 288
		Outer  brick(s) 384
		Ghost  brick(s) 384
	Sub-mesh 2:
		Total  brick(s) 1056
		Native brick(s) 672
		Inner  brick(s) 288
		Outer  brick(s) 384
		Ghost  brick(s) 384
	Sub-mesh 3:
		Total  brick(s) 1056
		Native brick(s) 672
		Inner  brick(s) 288
		Outer  brick(s) 384
		Ghost  brick(s) 384
	Sub-mesh 4:
		Total  brick(s) 1056
		Native brick(s) 672
		Inner  brick(s) 288
		Outer  brick(s) 384
		Ghost  brick(s) 384
	Sub-mesh 5:
		Total  brick(s) 1056
		Native brick(s) 672
		Inner  brick(s) 288
		Outer  brick(s) 384
		Ghost  brick(s) 384
	Sub-mesh 6:
		Total  brick(s) 1056
		Native brick(s) 672
		Inner  brick(s) 288
		Outer  brick(s) 384
		Ghost  brick(s) 384
	Sub-mesh 7:
		Total  brick(s) 864
		Native brick(s) 672
		Inner  brick(s) 480
		Outer  brick(s) 192
		Ghost  brick(s) 192
	Total brick(s) 5376
-----------------------------------------------------------------------
Setting regions...OK (0.005 s)
Base mesh info------------------
	2D flag  =0
	Period   =[0, 0, 0]
	Nx=28
		x[0]=-15
		x[1]=-13.8283
		x[2]=-12.707
		x[3]=-11.6337
		x[4]=-10.6063
		x[5]=-9.62281
		x[6]=-8.55355
		x[7]=-7.48432
		x[8]=-6.41508
		x[9]=-5.34584
		x[10]=-4.27661
		x[11]=-3.20737
		x[12]=-2.13814
		x[13]=-1.0689
		x[14]=0.000335805
		x[15]=1.07177
		x[16]=2.14319
		x[17]=3.21462
		x[18]=4.28605
		x[19]=5.35748
		x[20]=6.42891
		x[21]=7.50034
		x[22]=8.57177
		x[23]=9.64319
		x[24]=10.7146
		x[25]=11.7861
		x[26]=12.8575
		x[27]=13.9289
		x[28]=15
	Ny=12
		y[0]=-1
		y[1]=0.0514419
		y[2]=0.968623
		y[3]=1.88584
		y[4]=2.80306
		y[5]=3.72027
		y[6]=4.63749
		y[7]=5.55471
		y[8]=6.37201
		y[9]=7.22376
		y[10]=8.11137
		y[11]=9.03635
		y[12]=10
	Nz=16
		z[0]=-8
		z[1]=-6.88994
		z[2]=-5.83136
		z[3]=-4.82163
		z[4]=-3.85849
		z[5]=-2.93979
		z[6]=-1.95977
		z[7]=-0.979774
		z[8]=0.000225601
		z[9]=0.980226
		z[10]=1.96023
		z[11]=2.94023
		z[12]=3.85896
		z[13]=4.82215
		z[14]=5.83191
		z[15]=6.89049
		z[16]=8
End of base mesh info---------
Input_mesh_settings--------------------------------
Settings 0----------------
	Scope: GLOBAL
	Type:	------MESHER_SETTINGS----------
	RefAllCells           =0
	RefFluidCells         =0
	RefPartCells          =0
	RefSolidCells         =0
	l_SSFR(Capture crit)  =1
	l_curv(Curvature crit)=0
	l_tol(Tolerance crit) =0
	UseChannelRef         =1
	  NCR_method          =0
	  l_NCR               =1
	  N_gap               =5
	  Use d_NCR_min       =0
	  Use d_NCR_max       =0
	IgnoreThinChannelsHeight         =0
	--END_OF_MESHER_SETTINGS-------
End of input mesh settings-------------------------

-----------------------------------------------------------------------
Building geometries:
Building geometry Fluid.0.(0)...

-----------------------------------------------------------------------
Refining by triangulation...
Refinement input: 5376 bricks
Setting regions...OK (0.006 s)
Refinement result: 5964 bricks (0.015 s)
Refinement input: 5964 bricks
Refinement result: 5964 bricks (0.002 s)
Collecting and processing rays...OK (0.013 s)
Capturing...OK (0.004 s)
Refining by triangulation takes 0.037 s
-----------------------------------------------------------------------

-----------------------------------------------------------------------
Refining peculiar surfaces...
0 surfaces refined
Refining peculiar surfaces takes 0 s
-----------------------------------------------------------------------
Collecting and processing rays...OK (0.001 s)
Capturing...OK (0.000 s)
Collecting and processing rays...OK (0.001 s)
Capturing...OK (0.000 s)
Collecting and processing rays...OK (0.001 s)
Capturing...OK (0.000 s)

-----------------------------------------------------------------------
Base mesh 1 Refining...
Refinement input: 5964 bricks
Refinement result: 5964 bricks (0.002 s)
Collecting and processing rays...OK (0.001 s)
Capturing...OK (0.000 s)
-----------------------------------------------------------------------
Refining channels...
FYI: CNarrowChannelRefiner::RefineChannels_PRLL: m_submesh_count=8
Refinement input: 5964 bricks
Setting regions...OK (0.004 s)
	Re-balancing...
	Send and create bricks on destination sub meshes...
	Collecting ghosts...
	Balancing finished.
Refinement result: 6496 bricks (0.014 s)
Collecting and processing rays...OK (0.006 s)
Capturing...OK (0.002 s)
FYI: m_iteration_count = 0
FYI: level1 statistics:
     level1_cnt_plus[1]=608;		level1_cnt_minus[1]=0
     level1_cnt_plus[2]=0;		level1_cnt_minus[2]=0
     level1_cnt_plus[3]=0;		level1_cnt_minus[3]=0
     level1_cnt_plus[4]=0;		level1_cnt_minus[4]=0
     level1_cnt_plus[5]=0;		level1_cnt_minus[5]=0
     level1_cnt_plus[6]=0;		level1_cnt_minus[6]=0
     level1_cnt_plus[7]=0;		level1_cnt_minus[7]=0
     level1_cnt_plus[8]=0;		level1_cnt_minus[8]=0
     level1_cnt_plus[9]=0;		level1_cnt_minus[9]=0
Refinement input: 6496 bricks
Setting regions...OK (0.004 s)
Refinement result: 6580 bricks (0.012 s)
Collecting and processing rays...OK (0.005 s)
Capturing...OK (0.001 s)
FYI: m_iteration_count = 1
FYI: level1 statistics:
     level1_cnt_plus[1]=704;		level1_cnt_minus[1]=0
     level1_cnt_plus[2]=0;		level1_cnt_minus[2]=0
     level1_cnt_plus[3]=0;		level1_cnt_minus[3]=0
     level1_cnt_plus[4]=0;		level1_cnt_minus[4]=0
     level1_cnt_plus[5]=0;		level1_cnt_minus[5]=0
     level1_cnt_plus[6]=0;		level1_cnt_minus[6]=0
     level1_cnt_plus[7]=0;		level1_cnt_minus[7]=0
     level1_cnt_plus[8]=0;		level1_cnt_minus[8]=0
     level1_cnt_plus[9]=0;		level1_cnt_minus[9]=0
FYI: m_iteration_count = 2
FYI: level1 statistics:
     level1_cnt_plus[1]=704;		level1_cnt_minus[1]=0
     level1_cnt_plus[2]=0;		level1_cnt_minus[2]=0
     level1_cnt_plus[3]=0;		level1_cnt_minus[3]=0
     level1_cnt_plus[4]=0;		level1_cnt_minus[4]=0
     level1_cnt_plus[5]=0;		level1_cnt_minus[5]=0
     level1_cnt_plus[6]=0;		level1_cnt_minus[6]=0
     level1_cnt_plus[7]=0;		level1_cnt_minus[7]=0
     level1_cnt_plus[8]=0;		level1_cnt_minus[8]=0
     level1_cnt_plus[9]=0;		level1_cnt_minus[9]=0
FYI: level1 statistics:
     level1_cnt_plus[1]=704;		level1_cnt_minus[1]=0
     level1_cnt_plus[2]=0;		level1_cnt_minus[2]=0
     level1_cnt_plus[3]=0;		level1_cnt_minus[3]=0
     level1_cnt_plus[4]=0;		level1_cnt_minus[4]=0
     level1_cnt_plus[5]=0;		level1_cnt_minus[5]=0
     level1_cnt_plus[6]=0;		level1_cnt_minus[6]=0
     level1_cnt_plus[7]=0;		level1_cnt_minus[7]=0
     level1_cnt_plus[8]=0;		level1_cnt_minus[8]=0
     level1_cnt_plus[9]=0;		level1_cnt_minus[9]=0
	CNarrowChannelRefiner::ChannelsResolution            function_total                0      = 0.0793315 sec

-----------------------------------------------------------------------
U-shapes refinement...
Refinement input: 6580 bricks
Refinement result: 6580 bricks (0.007 s)
Collecting and processing rays...OK (0.001 s)
Capturing...OK (0.000 s)
-----------------------------------------------------------------------

-----------------------------------------------------------------------
Equi Distant Refiner:
Equi Distant Refiner takes 0.00 s
-----------------------------------------------------------------------
Building geometry takes 0.138 s
Geometry Fluid.0.
Total		6580
Partial	0
Fluid		6580
Solid		0
Bad		0

/-Ray Intersection---------------/ Time	0.002 s
Calls			1694
CorrectRay Calls	0


Building geometry Solid.1.(1)...

-----------------------------------------------------------------------
Refining by triangulation...
Refinement input: 6580 bricks
Setting regions...OK (0.006 s)
Refinement result: 6692 bricks (0.012 s)
Refinement input: 6692 bricks
Refinement result: 6692 bricks (0.002 s)
Collecting and processing rays...OK (0.017 s)
Capturing...OK (0.011 s)
Refining by triangulation takes 0.044 s
-----------------------------------------------------------------------
Collecting and processing rays...OK (0.002 s)
Capturing...OK (0.001 s)
Collecting and processing rays...OK (0.002 s)
Capturing...OK (0.000 s)

-----------------------------------------------------------------------
Base mesh 1 Refining...
Refinement input: 6692 bricks
Refinement result: 6692 bricks (0.002 s)
Collecting and processing rays...OK (0.001 s)
Capturing...OK (0.000 s)
-----------------------------------------------------------------------
Building geometry takes 0.063 s
Geometry Solid.1.
Total		6692
Partial	0
Fluid		0
Solid		6692
Bad		0

/-Ray Intersection---------------/ Time	0.009 s
Calls			1694
CorrectRay Calls	0


Building geometry Solid.2.Insulator(2)...

-----------------------------------------------------------------------
Refining by triangulation...
Refinement input: 6692 bricks
Refinement result: 6692 bricks (0.002 s)
Refinement input: 6692 bricks
Refinement result: 6692 bricks (0.003 s)
Collecting and processing rays...OK (0.023 s)
Capturing...OK (0.004 s)
Refining by triangulation takes 0.033 s
-----------------------------------------------------------------------
Collecting and processing rays...OK (0.001 s)
Capturing...OK (0.000 s)
Collecting and processing rays...OK (0.001 s)
Capturing...OK (0.000 s)

-----------------------------------------------------------------------
Base mesh 1 Refining...
Refinement input: 6692 bricks
Refinement result: 6692 bricks (0.001 s)
Collecting and processing rays...OK (0.001 s)
Capturing...OK (0.000 s)
-----------------------------------------------------------------------
Building geometry takes 0.049 s
Geometry Solid.2.Insulator
Total		6692
Partial	0
Fluid		0
Solid		6692
Bad		0

/-Ray Intersection---------------/ Time	0.005 s
Calls			1694
CorrectRay Calls	0


Building geometries takes 0.255 s
-----------------------------------------------------------------------

-----------------------------------------------------------------------
PostBuilding geometries:
PostBuilding geometry Fluid.0.(0)...
Collecting and processing rays...OK (0.001 s)
Capturing...OK (0.001 s)
PostBuilding geometry takes 0.008 s
Geometry Fluid.0.
Total		6692
Partial	0
Fluid		6692
Solid		0
Bad		0
PostBuilding geometry Solid.1.(1)...
Collecting and processing rays...OK (0.001 s)
Capturing...OK (0.000 s)
PostBuilding geometry takes 0.009 s
Geometry Solid.1.
Total		6692
Partial	0
Fluid		0
Solid		6692
Bad		0
PostBuilding geometries takes 0.026 s
-----------------------------------------------------------------------
Defect ray count	0
FYI: CNarrowChannelRefiner::RedistributeLevel1_step_1: is finished
FYI: level1 statistics:
     level1_cnt_plus[1]=704;		level1_cnt_minus[1]=0
     level1_cnt_plus[2]=0;		level1_cnt_minus[2]=0
     level1_cnt_plus[3]=0;		level1_cnt_minus[3]=0
     level1_cnt_plus[4]=0;		level1_cnt_minus[4]=0
     level1_cnt_plus[5]=0;		level1_cnt_minus[5]=0
     level1_cnt_plus[6]=0;		level1_cnt_minus[6]=0
     level1_cnt_plus[7]=0;		level1_cnt_minus[7]=0
     level1_cnt_plus[8]=0;		level1_cnt_minus[8]=0
     level1_cnt_plus[9]=0;		level1_cnt_minus[9]=0
FYI: CNarrowChannelRefiner::RedistributeLevel1_step_2: is started
FYI: CNarrowChannelRefiner::RedistributeLevel1_step_2: is finished
FYI: level1 statistics:
     level1_cnt_plus[1]=990;		level1_cnt_minus[1]=0
     level1_cnt_plus[2]=0;		level1_cnt_minus[2]=0
     level1_cnt_plus[3]=0;		level1_cnt_minus[3]=0
     level1_cnt_plus[4]=0;		level1_cnt_minus[4]=0
     level1_cnt_plus[5]=0;		level1_cnt_minus[5]=0
     level1_cnt_plus[6]=0;		level1_cnt_minus[6]=0
     level1_cnt_plus[7]=0;		level1_cnt_minus[7]=0
     level1_cnt_plus[8]=0;		level1_cnt_minus[8]=0
     level1_cnt_plus[9]=0;		level1_cnt_minus[9]=0
FYI: CNarrowChannelRefiner::RedistributeLevel1_step_3: is started
FYI: CNarrowChannelRefiner::RedistributeLevel1_step_3: is finished
RedistributeLevel1 takes:
	CNarrowChannelRefiner::RedistributeLevel1            function_total                0      = 0.0280978 sec
FYI: level1 statistics:
     level1_cnt_plus[1]=990;		level1_cnt_minus[1]=514
     level1_cnt_plus[2]=0;		level1_cnt_minus[2]=0
     level1_cnt_plus[3]=0;		level1_cnt_minus[3]=0
     level1_cnt_plus[4]=0;		level1_cnt_minus[4]=0
     level1_cnt_plus[5]=0;		level1_cnt_minus[5]=0
     level1_cnt_plus[6]=0;		level1_cnt_minus[6]=0
     level1_cnt_plus[7]=0;		level1_cnt_minus[7]=0
     level1_cnt_plus[8]=0;		level1_cnt_minus[8]=0
     level1_cnt_plus[9]=0;		level1_cnt_minus[9]=0
-----------------------------------------------------------------------
BCF-Builder Iteration: 0
Memory Working Set Current = 26.27 Mb, Memory Working Set Peak = 26.59 Mb
Process Threads Number: 21
Loading geometries triangulation & x-stacks...OK
	Sub-mesh 0:
		Total  brick(s) 1004
		Native brick(s) 812
		Inner  brick(s) 620
		Outer  brick(s) 192
		Ghost  brick(s) 192
	Sub-mesh 1:
		Total  brick(s) 1266
		Native brick(s) 819
		Inner  brick(s) 386
		Outer  brick(s) 433
		Ghost  brick(s) 447
	Sub-mesh 2:
		Total  brick(s) 1311
		Native brick(s) 854
		Inner  brick(s) 377
		Outer  brick(s) 477
		Ghost  brick(s) 457
	Sub-mesh 3:
		Total  brick(s) 1299
		Native brick(s) 861
		Inner  brick(s) 429
		Outer  brick(s) 432
		Ghost  brick(s) 438
	Sub-mesh 4:
		Total  brick(s) 1302
		Native brick(s) 861
		Inner  brick(s) 429
		Outer  brick(s) 432
		Ghost  brick(s) 441
	Sub-mesh 5:
		Total  brick(s) 1311
		Native brick(s) 854
		Inner  brick(s) 374
		Outer  brick(s) 480
		Ghost  brick(s) 457
	Sub-mesh 6:
		Total  brick(s) 1266
		Native brick(s) 819
		Inner  brick(s) 386
		Outer  brick(s) 433
		Ghost  brick(s) 447
	Sub-mesh 7:
		Total  brick(s) 1004
		Native brick(s) 812
		Inner  brick(s) 620
		Outer  brick(s) 192
		Ghost  brick(s) 192
	Total brick(s) 6692

-----------------------------------------------------------------------
MSH (Real Geometry) format constructor:
Getting submesh brick sets...OK (0.001 s)
Level 1
	Inner time 0.468 s
	Outer Time 0.251 s
	Level Time 0.720 s
Level 0
	Inner time 0.119 s
	Outer Time 0.120 s
	Level Time 0.240 s

Brick parser time info:
	0.932 s - time_Run
		0.032 s - time_ConstructPoints
			0.025 s - time_ConstructPointsAddFind2
		0.029 s - time_ConstructPointsAndConnectsFromNb
		0.010 s - time_AddRibConnects
		0.143 s - time_ConstructBrickFacets
			0.063 s - time_CalculateQpoints
				0.009 s - time_AddFacetPoint_GetFacesQpoint
					0.000 s - time_GetFacesQpoint_UShaped
						0.000 s - time_GetFacesQpoint2
					0.000 s - time_GetFacesQpoint_AddEdgesToList
					0.008 s - time_Edge_GetClosestPointOn
					0.003 s - time_Edge_NewtonMethod
					0.002 s - time_GetFacesQpoint_ManyFinds
				0.032 s - time_AddFacetPoint_AddQPoint
					0.072 s - time_PointReverseEvaluate
				0.014 s - time_AddFacetPoint_AddFind2
		0.000 s - time_RemoveOddConnects
		0.023 s - time_TestConnectivity
		0.002 s - time_ValidateXeps
		0.026 s - time_ConstructFaceAs
		0.003 s - time_ConstructCvs
		0.003 s - time_ConstructFaceWs
		0.049 s - time_RealGeomAddQPoints
		0.018 s - time_RealGeomAddNewFaces
		0.004 s - time_RealGeomInitOppositeGeomFaceInd
		0.008 s - time_RealGeomApproxCurveFaces
		0.000 s - time_Enum1
		0.000 s - time_Enum2
		0.002 s - time_RealGeomCheckInvalidConnects
		0.491 s - time_RealGeomParameters
			0.389 s - time_CalculateParametersOfCv
			0.086 s - time_CalculateParametersOfFace
				0.059 s - time_CalculateRR
				0.023 s - time_CalculateRefFaceData
				0.001 s - time_CalculateLambdaProjection
			0.015 s - time_SetFacesOrientation
Result:
	Bricks number:                        6692

	Memory usage:                         0.730 MB
	Memory usage (per brick):             0.112 KB
	Construction time:                    1.054 s

	Topology features:
	------------------
	- High quality bricks                 100.00 % (6692)
	- Medium quality bricks                 0.00 % (0)
	- Bad quality bricks                    0.00 % (0)
	- Ribs corrected bricks                 0.00 % (0)
	- Points with geom-info (bricks)        0.00 % (0)
	- Points with closest-info (bricks)     0.00 % (0)
	- Triangulated by center (bricks)       0.00 % (0)
	- Facet w-faces mergings (bricks)       0.00 % (0)
	- To refine (bricks)                    0.00 % (0)

Memory Working Set Current = 30.65 Mb, Memory Working Set Peak = 48.79 Mb
Process Threads Number: 21
-----------------------------------------------------------------------
-----------------------------------------------------------------------
MSH --> BCF format (Iteration 0)...
BCF collector...
	(0) Bcf collect time 0.063 s (1004 avs, 0 fws)
	(6) Bcf collect time 0.066 s (1597 avs, 469 fws)
	(4) Bcf collect time 0.054 s (1744 avs, 628 fws)
	(3) Bcf collect time 0.066 s (1737 avs, 624 fws)
	(1) Bcf collect time 0.065 s (1599 avs, 471 fws)
	(7) Bcf collect time 0.065 s (1004 avs, 0 fws)
	(2) Bcf collect time 0.065 s (1808 avs, 653 fws)
	(5) Bcf collect time 0.068 s (1814 avs, 661 fws)
	(2) Remove defect avs time 0.015 s
	(3) Remove defect avs time 0.015 s
	(4) Remove defect avs time 0.013 s
	(6) Remove defect avs time 0.015 s
	(7) Remove defect avs time 0.015 s
	(0) Remove defect avs time 0.016 s
	(1) Remove defect avs time 0.015 s
	(5) Remove defect avs time 0.015 s
Defect subdomain detector...
		1 subdomain(s) of gi=0 (real bodies = 1).
			Subdomain 0: 7528 av
		Get real subdoms time 0.000 s
		Mark defect subdomains by closed av...
		Mark by closed av time 0.001 s
		Mark defect subdomains by real bodies...
		0 defect subdomain(s) of gi=0.
		1 subdomain(s) of gi=1 (real bodies = 1).
			Subdomain 0: 648 av
		Get real subdoms time 0.000 s
		Mark defect subdomains by real bodies...
		0 defect subdomain(s) of gi=1.
		1 subdomain(s) of gi=2 (real bodies = 1).
			Subdomain 0: 352 av
		Get real subdoms time 0.000 s
		Mark defect subdomains by real bodies...
		0 defect subdomain(s) of gi=2.
	(0) Remove defect subdoms time 0.005 s
	(1) Remove defect subdoms time 0.006 s
	(3) Remove defect subdoms time 0.005 s
	(6) Remove defect subdoms time 0.005 s
	(5) Remove defect subdoms time 0.005 s
	(7) Remove defect subdoms time 0.006 s
	(2) Remove defect subdoms time 0.005 s
	(4) Remove defect subdoms time 0.005 s
NB-faces collector & conservator...
Sub-mesh 0.
	Conservated total=0 (bb-faces=0)
Sub-mesh 1.
	Conservated total=6 (bb-faces=0)
Sub-mesh 2.
	Conservated total=22 (bb-faces=0)
Sub-mesh 3.
	Conservated total=25 (bb-faces=0)
Sub-mesh 4.
	Conservated total=25 (bb-faces=0)
Sub-mesh 5.
	Conservated total=22 (bb-faces=0)
Sub-mesh 6.
	Conservated total=6 (bb-faces=0)
Sub-mesh 7.
	Conservated total=0 (bb-faces=0)
	(7) Bcf calc time 0.001 s
	(0) Bcf calc time 0.002 s
	(5) Bcf calc time 0.005 s
	(6) Bcf calc time 0.005 s
	(2) Bcf calc time 0.006 s
	(1) Bcf calc time 0.004 s
	(3) Bcf calc time 0.007 s
	(4) Bcf calc time 0.005 s
FACE_W optimizer ...
Sub-mesh 0.
	Before optimization total=696 (fs=0, ff=0, ss=0)
	After  optimization total=696 (fs=0, ff=0, ss=0)
Sub-mesh 1.
	Before optimization total=1450 (fs=455, ff=0, ss=16)
	After  optimization total=1450 (fs=455, ff=0, ss=16)
Sub-mesh 2.
	Before optimization total=1743 (fs=636, ff=0, ss=17)
	After  optimization total=1743 (fs=636, ff=0, ss=17)
Sub-mesh 3.
	Before optimization total=1692 (fs=606, ff=0, ss=18)
	After  optimization total=1692 (fs=606, ff=0, ss=18)
Sub-mesh 4.
	Before optimization total=1699 (fs=610, ff=0, ss=18)
	After  optimization total=1699 (fs=610, ff=0, ss=18)
Sub-mesh 5.
	Before optimization total=1754 (fs=642, ff=0, ss=19)
	After  optimization total=1754 (fs=642, ff=0, ss=19)
Sub-mesh 6.
	Before optimization total=1452 (fs=453, ff=0, ss=16)
	After  optimization total=1452 (fs=453, ff=0, ss=16)
Sub-mesh 7.
	Before optimization total=696 (fs=0, ff=0, ss=0)
	After  optimization total=696 (fs=0, ff=0, ss=0)
-----------------------------------------------------------------------
-----------------------------------------------------------------------
Merging BCF...
Merging bricks trees...OK (0.02 s)
Merging av data...OK (0.01 s)
Merging a-faces data (fluid)...
	New a-face count   21398
	Bound a-face count 1820 (8.51 %)
Merging a-faces data takes 0.01 s
Merging a-faces data (solid)...
	New a-face count   1964
	Bound a-face count 189 (9.62 %)
Merging a-faces data takes 0.00 s
Merging w-faces data...
	New w-face count   4780
	Bound w-face count 0 (0.00 %)
	Need fw-nb         3636 (76.07 %)
Merging w-faces data takes 0.05 s
Merging BCF takes (0.10 s)
-----------------------------------------------------------------------

-----------------------------------------------------------------------
Geometrical diagonal nb-faces collector (cpu_num=8)...
	Time=0.026s.
-----------------------------------------------------------------------
Fluid Subdom Constructor: 1 subdom(s).
	Remove nb-fw from diff subdomains (fs)...
		Diff subdomains cases         0

-----------------------------------------------------------------------
BCF CHECKSUM DATA (Mesh 0):

FACE_A Area Sum:   G.Fluid        15552.4577024299760000
FACE_A Area Sum:   G.Solid        2.5525136124952876
FACE_W Area Sum:                  2720.5568435246537000
FACE_W Nb   Sum:                  38316
FACE_W min curvatures sum:        -0.00000011
FACE_W max curvatures sum:        0.00000009
AV Max Disbalance: G.Fluid        3.07468e-015 (cid=3793, avid=4300, pid=1056)
AV Max Disbalance: G.Solid        8.49758e-015 (cid=3852, avid=8156, pid=628)
BRICK-AV Volume Disbalance:       0 (cid=0)
-----------------------------------------------------------------------


-----------------------------------------------------------------------
MESHER TOPOLOGY DATA (Mesh 0):

BRICKS: Total                 6692
BRICKS: 1-CV                  5772
BRICKS: 2-CV                  164
BRICKS: 3-CV                  676
BRICKS: 5-CV                  80
BRICKS: Bad                   0

AV:     G.Total               8528
AV:     G.Fluid               7528
AV:     G.Solid               1000

AV:     G.Fluid Thin Profile    0.00 % (0)
AV:     G.Solid Thin Profile   75.60 % (756)

AV:     G.Fluid Thin For Mega   0.00 % (0)
AV:     G.Solid Thin For Mega  68.40 % (684)

AV:     G.Fluid Non-Convex      3.24 % (244)
AV:     G.Solid Non-Convex     12.00 % (120)

FACE_A: G.Fluid          (af) 21398 (partially opened 3698)
FACE_A: G.Solid          (as) 1964 (partially opened 1964)

FACE_W: G.Total                 4780        Brick/Bound
FACE_W: G.Fluid/Solid    (fs_g) 2460        0           
FACE_W: G.Fluid/Fluid    (ff_g) 0           0           
FACE_W: G.Solid/Solid    (ss_g) 80          0           
FACE_W: G.Fluid/External (fe_g) 2240
FACE_W: G.Solid/External (se_g) 0

AV max fa count:                14
AV max fw count:                6
AV max fw poly count:           6

MEMORY: Total                   3.132 MB
MEMORY: Per Brick               0.479 KB
-----------------------------------------------------------------------

-----------------------------------------------------------------------
Mega-cv constructor for fluid...
	 0 av's is treated as thin
Relative size generator (threshold = 0.05)...OK
	 74 mega-cv's generated
	 0 mega-cv's removed
Convert clusters:
	 74 mega-cv's total
Mega-cv count: 74
-----------------------------------------------------------------------
-----------------------------------------------------------------------
Mega-cv constructor for solid...
Mega-cv count: 0
-----------------------------------------------------------------------
Mixing plane rotation regions: NO.
Sliding mesh rotation regions: NO.
Fluid/fluid faces: NO.
----------------------------------------------------------
BCF --> BCF.GEOMSUBDOM (bridge arrays) (cpu_num=8):
MESH (0):
	Fluid Subdom Constructor: 1 subdom(s).
	Solid Subdom Constructor: 2 subdom(s).
	Net Asm Subdom Constructor: 0 subdom(s).
	GEOMSUBDOM (0): gi=0 fluid av=7528 cv=7446 fa=21398 fw=4700 V=5.279218e+003
	GEOMSUBDOM (1): gi=2 solid av=352 cv=352 fa=670 fw=956 V=5.100000e-001
	GEOMSUBDOM (2): gi=1 solid av=648 cv=648 fa=1294 fw=1664 V=2.721454e-001
	Setting nb of w-faces...OK.

MESH (0) checking:
	GEOMSUBDOM (0):fa_s=15552.4577024299560000 fw_s=2720.5148475246542000 fw_nb=37500
	GEOMSUBDOM (1):fa_s=1.7069468280285824 fw_s=204.2300000000001300 fw_nb=6936
	GEOMSUBDOM (2):fa_s=0.8455667844667052 fw_s=544.3688395246525700 fw_nb=12740
MESH (0) checking: OK.
----------------------------------------------------------
-----------------------------------------------------------------------
Calculating curvature and tolerance criteria...
Curvature: min=0 max=3.14159
Tolerance: min=0 max=0.57471
Calculating curvature and tolerance criteria takes 0.011 s
-----------------------------------------------------------------------
Current CPU = 2 sec

Nx=28
Ny=12
Nz=16
Max_RL=1
12. Saving initial mesh in: C:\Users\Wildf\Workplace\NTU-BIME_Heat-Transfer\Corrugated Iron House\3\3.fld .
Storing results...
Estimated CPT size=1.323 MB.
OK
Memory Working Set Current = 36.98 Mb, Memory Working Set Peak = 48.79 Mb
Process Threads Number: 21
Cleaning memory...
Free Geometry DB takes 0.003 s
Copying... OK

------------------------------------------------------------------------------------------------------------
CPU report:
Function                                             CPU           descriptor                    nproc     
------------------------------------------------------------------------------------------------------------
GetGeometryFromSW                                    0.081 sec   function_total               
GetGeometryFromSW                                    0.033 sec   InitGeometryTriangles        
CMesh::PrepareMappedTriangles                        0.016 sec   function_total               
SwapGeometries                                       0.065 sec   function_total               
SwapGeometries                                       0.000 sec   function_total               
SwapGeometries                                       0.000 sec   function_total               
SwapGeometries                                       0.000 sec   function_total               
SwapGeometries                                       0.000 sec   function_total               
SwapGeometries                                       0.000 sec   function_total               
SwapGeometries                                       0.000 sec   function_total               
SwapGeometries                                       0.000 sec   function_total               
CMesh::PreBuild                                      0.019 sec   function_total               
SetBrickRegion                                       0.027 sec   function_total               
CMesh::Build                                         0.290 sec   function_total               
CMesh::BuildGeometry                                 0.250 sec   function_total               
ActivateAllCellsParameters                           0.038 sec   function_total               
RefineByTriangles                                    0.112 sec   function_total               
CaptureRefined                                       0.114 sec   function_total               
GetMultiRaysIntersections                            0.020 sec   full                         
CRayCollector::CorrectRays2                          0.036 sec   full                         
CRayCollector::CorrectRays2                          0.016 sec   stage_1_collect_undefined_vertices1
RefinePeculiarSurfaces                               0.002 sec   function_total               
CNarrowChannelRefiner::ChannelsResolution            0.079 sec   function_total               
CNarrowChannelRefiner::RefineChannels_PRLL           0.078 sec   function_total               
CNarrowChannelRefiner::GetMainNormals                0.006 sec   function_total               
CNarrowChannelRefiner::GetMainNormals                0.009 sec   function_total               
CNarrowChannelRefiner::GetMainNormals                0.007 sec   function_total               
CNarrowChannelRefiner::GetMainNormals                0.008 sec   function_total               
CNarrowChannelRefiner::GetMainNormals                0.008 sec   function_total               
CNarrowChannelRefiner::GetMainNormals                0.006 sec   function_total               
CNarrowChannelRefiner::facade_bricks_of_brick_dirv   0.000 sec   function_total               
CNarrowChannelRefiner::facade_bricks_of_brick_dirv   0.005 sec   function_total               
CNarrowChannelRefiner::facade_bricks_of_brick_dirv   0.008 sec   function_total               
CNarrowChannelRefiner::facade_bricks_of_brick_dirv   0.005 sec   function_total               
CNarrowChannelRefiner::facade_bricks_of_brick_dirv   0.006 sec   function_total               
CNarrowChannelRefiner::facade_bricks_of_brick_dirv   0.008 sec   function_total               
CNarrowChannelRefiner::facade_bricks_of_brick_dirv   0.004 sec   function_total               
CNarrowChannelRefiner::facade_bricks_of_brick_dirv   0.000 sec   function_total               
CNarrowChannelRefiner::next_brick_on_ray             0.000 sec   function_total               
CNarrowChannelRefiner::next_brick_on_ray             0.004 sec   function_total               
CNarrowChannelRefiner::next_brick_on_ray             0.007 sec   function_total               
CNarrowChannelRefiner::next_brick_on_ray             0.005 sec   function_total               
CNarrowChannelRefiner::next_brick_on_ray             0.005 sec   function_total               
CNarrowChannelRefiner::next_brick_on_ray             0.007 sec   function_total               
CNarrowChannelRefiner::next_brick_on_ray             0.004 sec   function_total               
CNarrowChannelRefiner::next_brick_on_ray             0.000 sec   function_total               
CNarrowChannelRefiner::RefineChannels_PRLL           0.041 sec   NCR_execute_refinement       
CMesh::BuildGeometry                                 0.001 sec   equidistant_refiner          
PostCaptureGeometry                                  0.018 sec   function_total               
CNarrowChannelRefiner::RedistributeLevel1            0.031 sec   function_total               
CTPBuilder::build_bcf                                1.418 sec   function_total               
CTPBuilder::bcf_builder                              1.368 sec   function_total               
LoadTrianglesAndXSL                                  0.010 sec   function_total               
CTPBuilder::collect_msh_format                       1.081 sec   function_total               
CTPBuilder::Run                                      0.105 sec   bcf_collect                  
CTPBuilder::Run                                      0.143 sec   bcf_merge                    
CTPBuilder::build_bcf                                0.023 sec   collect_mega_cv              
CTPBuilder::build_bcf                                0.025 sec   convert_to_mds_function      
CMesh::CalculateCurvatureAndToleranceCriteria        0.012 sec   function_total               
Store_Res_2                                          0.132 sec   function_total               
Freemem_CPT                                          0.023 sec   function_total               
------------------------------------------------------------------------------------------------------------

Mesh generation normally finished at	2.6.2022	4:1:57
Mesher CPU = 2 sec
Mesher is finished at	2.6.2022	4:1:57
