Number of used processors (NPROC): 8.
Number of mesh partitions (NPART): 8.
Total Physical Memory = 31.88 Gb, Available Physical Memory = 16.50 Gb
Mesh generation started:	2.6.2022	3:58:30
-----------------------------------------------------------------------
Allocating meshes:
	CPU count: 8
	MESH 0:
		Sub-meshes count: 8
-----------------------------------------------------------------------
Current CPU = 0 sec
-----------------------------------------------------------------------
Geometries initialization:

Geometry database loading ...OK
-----------------------------------------------------------------------
Loading mesh settings (global/local)...
-----------------------------------------------------------------------
Number of geometries: 3
Geometry(0):
	Fluid..
	1 Body.
	1 Real body.
	Tolerance=0.00188821.
	91 Face(s).
		91 of b-spline type.
	564 Triangle(s).
	91 Face(s) that have no ref faces
	91 Plane surface(s).
	258 Edge(s).
		258 of b-spline type.
	Geometry reading: 0.019 s.
	91 Reference Face(s).
	564 Reference Triangles.
	GeometryRef reading: 0.005 s.
Geometry(1):
	Solid..
	1 Body.
	1 Real body.
	Tolerance=0.00188821.
	91 Face(s).
		91 of b-spline type.
	564 Triangle(s).
	0 Face(s) that have no ref faces
	91 Plane surface(s).
	258 Edge(s).
		258 of b-spline type.
	Geometry reading: 0.008 s.
	86 Reference Face(s).
	560 Reference Triangles.
	GeometryRef reading: 0.002 s.
Geometry(2):
	Solid.Insulator.
	1 Body.
	1 Real body.
	Tolerance=0.00188821.
	12 Face(s).
		12 of b-spline type.
	24 Triangle(s).
	0 Face(s) that have no ref faces
	12 Plane surface(s).
	24 Edge(s).
		24 of b-spline type.
	Geometry reading: 0.002 s.
	7 Reference Face(s).
	20 Reference Triangles.
	GeometryRef reading: 0.000 s.
	Making hash and connectivity for geometry 0...
		CBodyGeom:
		Hash size: {28, 12, 16}.
		Mesh size: {28, 12, 16}.
		Hashing triangles...Ok.
		Making triangles connectivity...Ok. (0.006 s).
		Neighbour triangles: 100.00 % (good connect) - 0.00 % (bad connect). Min: 3. Max: 3.
		Done.
		CBodyGeomRef:
		Hashing triangles...Ok.
		Making triangles connectivity...Ok. (0.002 s).
		Neighbour triangles: Min: 1. Max: 3.
		Done.
	0.010 s.
	Making hash and connectivity for geometry 1...
		CBodyGeom:
		Hash size: {28, 12, 16}.
		Mesh size: {28, 12, 16}.
		Hashing triangles...Ok.
		Making triangles connectivity...Ok. (0.007 s).
		Neighbour triangles: 100.00 % (good connect) - 0.00 % (bad connect). Min: 3. Max: 3.
		Done.
		CBodyGeomRef:
		Hashing triangles...Ok.
		Making triangles connectivity...Ok. (0.002 s).
		Neighbour triangles: Min: 1. Max: 3.
		Done.
	0.010 s.
	Making hash and connectivity for geometry 2...
		CBodyGeom:
		Hash size: {28, 12, 16}.
		Mesh size: {28, 12, 16}.
		Hashing triangles...Ok.
		Making triangles connectivity...Ok. (0.000 s).
		Neighbour triangles: 100.00 % (good connect) - 0.00 % (bad connect). Min: 3. Max: 3.
		Done.
		CBodyGeomRef:
		Hashing triangles...Ok.
		Making triangles connectivity...Ok. (0.000 s).
		Neighbour triangles: Min: 1. Max: 2.
		Done.
	0.002 s.
Geometries reading and preparing has taken 0.051 s.

Mapped triangles:
Hashing geometries triangles
	Triangles num=564
	Triangles box={-8.5  ,8.5  ,-0.005  ,5.61062  ,-3  ,3  }
		3d-hash size is 34380 bytes
		Making triangles connectivity...Ok. (0.005 s).
		Neighbour triangles: 100.00 % (good connect) - 0.00 % (bad connect). Min: 3. Max: 3.
	Triangles num=564
	Triangles box={-15.03  ,15.03  ,-1.011  ,10.011  ,-8.016  ,8.016  }
		3d-hash size is 32768 bytes
		Making triangles connectivity...Ok. (0.006 s).
		Neighbour triangles: 100.00 % (good connect) - 0.00 % (bad connect). Min: 3. Max: 3.
	Triangles num=24
	Triangles box={-15.03  ,15.03  ,-1.011  ,10.011  ,-8.016  ,8.016  }
		3d-hash size is 23104 bytes
		Making triangles connectivity...Ok. (0.000 s).
		Neighbour triangles: 100.00 % (good connect) - 0.00 % (bad connect). Min: 3. Max: 3.
Hashing peculiar surfaces triangles
Mapped triangles processed in 0.023 s.
-----------------------------------------------------------------------

Current CPU = 0 sec
Flow Simulation 2017  x64 / 3731 / MESHER ver. efd_16_1.3696_10.11.2016 

Project: C:\Users\Wildf\Workplace\NTU-BIME_Heat-Transfer\Corrugated Iron House\1\1.xmlconfig
Computer name:	DESKTOP-8U0AR32
Operating system:	Windows 10 (or higher) (Version 10.0.19043)

SOLIDWORKS 2017 SP2.0

-----------------------------------------------------------------------
Mesh dimensions:
				I[0 ]=28
				I[1 ]=12
				I[2 ]=16
Solver refinement level	I[47]=0

Comp. domain size:
				a[0  ]=-15
				a[1  ]=15
				a[2  ]=-1
				a[3  ]=10
				a[4  ]=-8
				a[5  ]=8
Wall thickness		a[231]=0
Gap size			a[232]=1

Fluid calculated			1
Solid calculated			1
-----------------------------------------------------------------------
MESH: distribute base bricks among sub-meshes...
	Base bricks count               5376
	Sub-meshes  count               8
	Base bricks count per sub-mesh  672 (+0)
	Sub-mesh 0: 672 base brick(s), range [0, 3]-[0, 11]-[0, 15]
	Sub-mesh 1: 672 base brick(s), range [3, 6]-[0, 11]-[0, 15]
	Sub-mesh 2: 672 base brick(s), range [7, 10]-[0, 11]-[0, 15]
	Sub-mesh 3: 672 base brick(s), range [10, 13]-[0, 11]-[0, 15]
	Sub-mesh 4: 672 base brick(s), range [14, 17]-[0, 11]-[0, 15]
	Sub-mesh 5: 672 base brick(s), range [17, 20]-[0, 11]-[0, 15]
	Sub-mesh 6: 672 base brick(s), range [21, 24]-[0, 11]-[0, 15]
	Sub-mesh 7: 672 base brick(s), range [24, 27]-[0, 11]-[0, 15]
-----------------------------------------------------------------------
-----------------------------------------------------------------------
MESH: collecting ghosts in sub-meshes...
	Sub-mesh 0:
		Total  brick(s) 864
		Native brick(s) 672
		Inner  brick(s) 480
		Outer  brick(s) 192
		Ghost  brick(s) 192
	Sub-mesh 1:
		Total  brick(s) 1056
		Native brick(s) 672
		Inner  brick(s) 288
		Outer  brick(s) 384
		Ghost  brick(s) 384
	Sub-mesh 2:
		Total  brick(s) 1056
		Native brick(s) 672
		Inner  brick(s) 288
		Outer  brick(s) 384
		Ghost  brick(s) 384
	Sub-mesh 3:
		Total  brick(s) 1056
		Native brick(s) 672
		Inner  brick(s) 288
		Outer  brick(s) 384
		Ghost  brick(s) 384
	Sub-mesh 4:
		Total  brick(s) 1056
		Native brick(s) 672
		Inner  brick(s) 288
		Outer  brick(s) 384
		Ghost  brick(s) 384
	Sub-mesh 5:
		Total  brick(s) 1056
		Native brick(s) 672
		Inner  brick(s) 288
		Outer  brick(s) 384
		Ghost  brick(s) 384
	Sub-mesh 6:
		Total  brick(s) 1056
		Native brick(s) 672
		Inner  brick(s) 288
		Outer  brick(s) 384
		Ghost  brick(s) 384
	Sub-mesh 7:
		Total  brick(s) 864
		Native brick(s) 672
		Inner  brick(s) 480
		Outer  brick(s) 192
		Ghost  brick(s) 192
	Total brick(s) 5376
-----------------------------------------------------------------------
Setting regions...OK (0.009 s)
Base mesh info------------------
	2D flag  =0
	Period   =[0, 0, 0]
	Nx=28
		x[0]=-15
		x[1]=-13.8283
		x[2]=-12.707
		x[3]=-11.6337
		x[4]=-10.6063
		x[5]=-9.62281
		x[6]=-8.55355
		x[7]=-7.48432
		x[8]=-6.41508
		x[9]=-5.34584
		x[10]=-4.27661
		x[11]=-3.20737
		x[12]=-2.13814
		x[13]=-1.0689
		x[14]=0.000335805
		x[15]=1.07177
		x[16]=2.14319
		x[17]=3.21462
		x[18]=4.28605
		x[19]=5.35748
		x[20]=6.42891
		x[21]=7.50034
		x[22]=8.57177
		x[23]=9.64319
		x[24]=10.7146
		x[25]=11.7861
		x[26]=12.8575
		x[27]=13.9289
		x[28]=15
	Ny=12
		y[0]=-1
		y[1]=0.0514419
		y[2]=0.968623
		y[3]=1.88584
		y[4]=2.80306
		y[5]=3.72027
		y[6]=4.63749
		y[7]=5.55471
		y[8]=6.37201
		y[9]=7.22376
		y[10]=8.11137
		y[11]=9.03635
		y[12]=10
	Nz=16
		z[0]=-8
		z[1]=-6.88994
		z[2]=-5.83136
		z[3]=-4.82163
		z[4]=-3.85849
		z[5]=-2.93979
		z[6]=-1.95977
		z[7]=-0.979774
		z[8]=0.000225601
		z[9]=0.980226
		z[10]=1.96023
		z[11]=2.94023
		z[12]=3.85896
		z[13]=4.82215
		z[14]=5.83191
		z[15]=6.89049
		z[16]=8
End of base mesh info---------
Input_mesh_settings--------------------------------
Settings 0----------------
	Scope: GLOBAL
	Type:	------MESHER_SETTINGS----------
	RefAllCells           =0
	RefFluidCells         =0
	RefPartCells          =0
	RefSolidCells         =0
	l_SSFR(Capture crit)  =1
	l_curv(Curvature crit)=0
	l_tol(Tolerance crit) =0
	UseChannelRef         =1
	  NCR_method          =0
	  l_NCR               =1
	  N_gap               =5
	  Use d_NCR_min       =0
	  Use d_NCR_max       =0
	IgnoreThinChannelsHeight         =0
	--END_OF_MESHER_SETTINGS-------
End of input mesh settings-------------------------

-----------------------------------------------------------------------
Building geometries:
Building geometry Fluid.0.(0)...

-----------------------------------------------------------------------
Refining by triangulation...
Refinement input: 5376 bricks
Setting regions...OK (0.004 s)
Refinement result: 5964 bricks (0.013 s)
Refinement input: 5964 bricks
Refinement result: 5964 bricks (0.002 s)
Collecting and processing rays...OK (0.014 s)
Capturing...OK (0.004 s)
Refining by triangulation takes 0.036 s
-----------------------------------------------------------------------

-----------------------------------------------------------------------
Refining peculiar surfaces...
0 surfaces refined
Refining peculiar surfaces takes 0 s
-----------------------------------------------------------------------
Collecting and processing rays...OK (0.001 s)
Capturing...OK (0.001 s)
Collecting and processing rays...OK (0.001 s)
Capturing...OK (0.001 s)
Collecting and processing rays...OK (0.001 s)
Capturing...OK (0.000 s)

-----------------------------------------------------------------------
Base mesh 1 Refining...
Refinement input: 5964 bricks
Refinement result: 5964 bricks (0.002 s)
Collecting and processing rays...OK (0.001 s)
Capturing...OK (0.000 s)
-----------------------------------------------------------------------
Refining channels...
FYI: CNarrowChannelRefiner::RefineChannels_PRLL: m_submesh_count=8
Refinement input: 5964 bricks
Setting regions...OK (0.003 s)
	Re-balancing...
	Send and create bricks on destination sub meshes...
	Collecting ghosts...
	Balancing finished.
Refinement result: 6300 bricks (0.011 s)
Collecting and processing rays...OK (0.005 s)
Capturing...OK (0.001 s)
FYI: m_iteration_count = 0
FYI: level1 statistics:
     level1_cnt_plus[1]=384;		level1_cnt_minus[1]=0
     level1_cnt_plus[2]=0;		level1_cnt_minus[2]=0
     level1_cnt_plus[3]=0;		level1_cnt_minus[3]=0
     level1_cnt_plus[4]=0;		level1_cnt_minus[4]=0
     level1_cnt_plus[5]=0;		level1_cnt_minus[5]=0
     level1_cnt_plus[6]=0;		level1_cnt_minus[6]=0
     level1_cnt_plus[7]=0;		level1_cnt_minus[7]=0
     level1_cnt_plus[8]=0;		level1_cnt_minus[8]=0
     level1_cnt_plus[9]=0;		level1_cnt_minus[9]=0
FYI: m_iteration_count = 1
FYI: level1 statistics:
     level1_cnt_plus[1]=384;		level1_cnt_minus[1]=0
     level1_cnt_plus[2]=0;		level1_cnt_minus[2]=0
     level1_cnt_plus[3]=0;		level1_cnt_minus[3]=0
     level1_cnt_plus[4]=0;		level1_cnt_minus[4]=0
     level1_cnt_plus[5]=0;		level1_cnt_minus[5]=0
     level1_cnt_plus[6]=0;		level1_cnt_minus[6]=0
     level1_cnt_plus[7]=0;		level1_cnt_minus[7]=0
     level1_cnt_plus[8]=0;		level1_cnt_minus[8]=0
     level1_cnt_plus[9]=0;		level1_cnt_minus[9]=0
FYI: level1 statistics:
     level1_cnt_plus[1]=384;		level1_cnt_minus[1]=0
     level1_cnt_plus[2]=0;		level1_cnt_minus[2]=0
     level1_cnt_plus[3]=0;		level1_cnt_minus[3]=0
     level1_cnt_plus[4]=0;		level1_cnt_minus[4]=0
     level1_cnt_plus[5]=0;		level1_cnt_minus[5]=0
     level1_cnt_plus[6]=0;		level1_cnt_minus[6]=0
     level1_cnt_plus[7]=0;		level1_cnt_minus[7]=0
     level1_cnt_plus[8]=0;		level1_cnt_minus[8]=0
     level1_cnt_plus[9]=0;		level1_cnt_minus[9]=0
	CNarrowChannelRefiner::ChannelsResolution            function_total                0      = 0.0532328 sec

-----------------------------------------------------------------------
U-shapes refinement...
Refinement input: 6300 bricks
Refinement result: 6300 bricks (0.005 s)
Collecting and processing rays...OK (0.002 s)
Capturing...OK (0.001 s)
-----------------------------------------------------------------------

-----------------------------------------------------------------------
Equi Distant Refiner:
Equi Distant Refiner takes 0.00 s
-----------------------------------------------------------------------
Building geometry takes 0.113 s
Geometry Fluid.0.
Total		6300
Partial	0
Fluid		6300
Solid		0
Bad		0

/-Ray Intersection---------------/ Time	0.004 s
Calls			1643
CorrectRay Calls	0


Building geometry Solid.1.(1)...

-----------------------------------------------------------------------
Refining by triangulation...
Refinement input: 6300 bricks
Setting regions...OK (0.007 s)
Refinement result: 6412 bricks (0.016 s)
Refinement input: 6412 bricks
Refinement result: 6412 bricks (0.004 s)
Collecting and processing rays...OK (0.019 s)
Capturing...OK (0.008 s)
Refining by triangulation takes 0.052 s
-----------------------------------------------------------------------
Collecting and processing rays...OK (0.001 s)
Capturing...OK (0.000 s)
Collecting and processing rays...OK (0.001 s)
Capturing...OK (0.000 s)

-----------------------------------------------------------------------
Base mesh 1 Refining...
Refinement input: 6412 bricks
Refinement result: 6412 bricks (0.003 s)
Collecting and processing rays...OK (0.001 s)
Capturing...OK (0.001 s)
-----------------------------------------------------------------------
Building geometry takes 0.071 s
Geometry Solid.1.
Total		6412
Partial	0
Fluid		0
Solid		6412
Bad		0

/-Ray Intersection---------------/ Time	0.006 s
Calls			1677
CorrectRay Calls	0


Building geometry Solid.2.Insulator(2)...

-----------------------------------------------------------------------
Refining by triangulation...
Refinement input: 6412 bricks
Refinement result: 6412 bricks (0.004 s)
Refinement input: 6412 bricks
Refinement result: 6412 bricks (0.007 s)
Collecting and processing rays...OK (0.018 s)
Capturing...OK (0.007 s)
Refining by triangulation takes 0.039 s
-----------------------------------------------------------------------
Collecting and processing rays...OK (0.001 s)
Capturing...OK (0.000 s)
Collecting and processing rays...OK (0.001 s)
Capturing...OK (0.001 s)

-----------------------------------------------------------------------
Base mesh 1 Refining...
Refinement input: 6412 bricks
Refinement result: 6412 bricks (0.003 s)
Collecting and processing rays...OK (0.001 s)
Capturing...OK (0.000 s)
-----------------------------------------------------------------------
Building geometry takes 0.059 s
Geometry Solid.2.Insulator
Total		6412
Partial	0
Fluid		0
Solid		6412
Bad		0

/-Ray Intersection---------------/ Time	0.004 s
Calls			1677
CorrectRay Calls	0


Building geometries takes 0.249 s
-----------------------------------------------------------------------

-----------------------------------------------------------------------
PostBuilding geometries:
PostBuilding geometry Fluid.0.(0)...
Collecting and processing rays...OK (0.002 s)
Capturing...OK (0.001 s)
PostBuilding geometry takes 0.012 s
Geometry Fluid.0.
Total		6412
Partial	0
Fluid		6412
Solid		0
Bad		0

/-Ray Intersection---------------/ Time	0.000 s
Calls			34
CorrectRay Calls	0


PostBuilding geometry Solid.1.(1)...
Collecting and processing rays...OK (0.001 s)
Capturing...OK (0.001 s)
PostBuilding geometry takes 0.011 s
Geometry Solid.1.
Total		6412
Partial	0
Fluid		0
Solid		6412
Bad		0
PostBuilding geometries takes 0.036 s
-----------------------------------------------------------------------
Defect ray count	0
FYI: CNarrowChannelRefiner::RedistributeLevel1_step_1: is finished
FYI: level1 statistics:
     level1_cnt_plus[1]=384;		level1_cnt_minus[1]=0
     level1_cnt_plus[2]=0;		level1_cnt_minus[2]=0
     level1_cnt_plus[3]=0;		level1_cnt_minus[3]=0
     level1_cnt_plus[4]=0;		level1_cnt_minus[4]=0
     level1_cnt_plus[5]=0;		level1_cnt_minus[5]=0
     level1_cnt_plus[6]=0;		level1_cnt_minus[6]=0
     level1_cnt_plus[7]=0;		level1_cnt_minus[7]=0
     level1_cnt_plus[8]=0;		level1_cnt_minus[8]=0
     level1_cnt_plus[9]=0;		level1_cnt_minus[9]=0
FYI: CNarrowChannelRefiner::RedistributeLevel1_step_2: is started
FYI: CNarrowChannelRefiner::RedistributeLevel1_step_2: is finished
FYI: level1 statistics:
     level1_cnt_plus[1]=600;		level1_cnt_minus[1]=0
     level1_cnt_plus[2]=0;		level1_cnt_minus[2]=0
     level1_cnt_plus[3]=0;		level1_cnt_minus[3]=0
     level1_cnt_plus[4]=0;		level1_cnt_minus[4]=0
     level1_cnt_plus[5]=0;		level1_cnt_minus[5]=0
     level1_cnt_plus[6]=0;		level1_cnt_minus[6]=0
     level1_cnt_plus[7]=0;		level1_cnt_minus[7]=0
     level1_cnt_plus[8]=0;		level1_cnt_minus[8]=0
     level1_cnt_plus[9]=0;		level1_cnt_minus[9]=0
FYI: CNarrowChannelRefiner::RedistributeLevel1_step_3: is started
FYI: CNarrowChannelRefiner::RedistributeLevel1_step_3: is finished
RedistributeLevel1 takes:
	CNarrowChannelRefiner::RedistributeLevel1            function_total                0      = 0.033849 sec
FYI: level1 statistics:
     level1_cnt_plus[1]=600;		level1_cnt_minus[1]=584
     level1_cnt_plus[2]=0;		level1_cnt_minus[2]=0
     level1_cnt_plus[3]=0;		level1_cnt_minus[3]=0
     level1_cnt_plus[4]=0;		level1_cnt_minus[4]=0
     level1_cnt_plus[5]=0;		level1_cnt_minus[5]=0
     level1_cnt_plus[6]=0;		level1_cnt_minus[6]=0
     level1_cnt_plus[7]=0;		level1_cnt_minus[7]=0
     level1_cnt_plus[8]=0;		level1_cnt_minus[8]=0
     level1_cnt_plus[9]=0;		level1_cnt_minus[9]=0
-----------------------------------------------------------------------
BCF-Builder Iteration: 0
Memory Working Set Current = 26.68 Mb, Memory Working Set Peak = 26.81 Mb
Process Threads Number: 21
Loading geometries triangulation & x-stacks...OK
	Sub-mesh 0:
		Total  brick(s) 979
		Native brick(s) 787
		Inner  brick(s) 595
		Outer  brick(s) 192
		Ghost  brick(s) 192
	Sub-mesh 1:
		Total  brick(s) 1211
		Native brick(s) 787
		Inner  brick(s) 358
		Outer  brick(s) 429
		Ghost  brick(s) 424
	Sub-mesh 2:
		Total  brick(s) 1249
		Native brick(s) 794
		Inner  brick(s) 344
		Outer  brick(s) 450
		Ghost  brick(s) 455
	Sub-mesh 3:
		Total  brick(s) 1258
		Native brick(s) 836
		Inner  brick(s) 414
		Outer  brick(s) 422
		Ghost  brick(s) 422
	Sub-mesh 4:
		Total  brick(s) 1257
		Native brick(s) 836
		Inner  brick(s) 414
		Outer  brick(s) 422
		Ghost  brick(s) 421
	Sub-mesh 5:
		Total  brick(s) 1250
		Native brick(s) 794
		Inner  brick(s) 342
		Outer  brick(s) 452
		Ghost  brick(s) 456
	Sub-mesh 6:
		Total  brick(s) 1214
		Native brick(s) 787
		Inner  brick(s) 357
		Outer  brick(s) 430
		Ghost  brick(s) 427
	Sub-mesh 7:
		Total  brick(s) 983
		Native brick(s) 791
		Inner  brick(s) 599
		Outer  brick(s) 192
		Ghost  brick(s) 192
	Total brick(s) 6412

-----------------------------------------------------------------------
MSH (Real Geometry) format constructor:
Getting submesh brick sets...OK (0.001 s)
Level 1
	Inner time 0.548 s
	Outer Time 0.304 s
	Level Time 0.852 s
Level 0
	Inner time 0.124 s
	Outer Time 0.128 s
	Level Time 0.252 s

Brick parser time info:
	1.052 s - time_Run
		0.041 s - time_ConstructPoints
			0.026 s - time_ConstructPointsAddFind2
		0.028 s - time_ConstructPointsAndConnectsFromNb
		0.013 s - time_AddRibConnects
		0.182 s - time_ConstructBrickFacets
			0.072 s - time_CalculateQpoints
				0.013 s - time_AddFacetPoint_GetFacesQpoint
					0.000 s - time_GetFacesQpoint_UShaped
						0.000 s - time_GetFacesQpoint2
					0.000 s - time_GetFacesQpoint_AddEdgesToList
					0.010 s - time_Edge_GetClosestPointOn
					0.004 s - time_Edge_NewtonMethod
					0.001 s - time_GetFacesQpoint_ManyFinds
				0.032 s - time_AddFacetPoint_AddQPoint
					0.106 s - time_PointReverseEvaluate
				0.020 s - time_AddFacetPoint_AddFind2
		0.000 s - time_RemoveOddConnects
		0.011 s - time_TestConnectivity
		0.001 s - time_ValidateXeps
		0.026 s - time_ConstructFaceAs
		0.009 s - time_ConstructCvs
		0.010 s - time_ConstructFaceWs
		0.086 s - time_RealGeomAddQPoints
		0.010 s - time_RealGeomAddNewFaces
		0.001 s - time_RealGeomInitOppositeGeomFaceInd
		0.005 s - time_RealGeomApproxCurveFaces
		0.000 s - time_Enum1
		0.000 s - time_Enum2
		0.001 s - time_RealGeomCheckInvalidConnects
		0.524 s - time_RealGeomParameters
			0.405 s - time_CalculateParametersOfCv
			0.108 s - time_CalculateParametersOfFace
				0.079 s - time_CalculateRR
				0.021 s - time_CalculateRefFaceData
				0.001 s - time_CalculateLambdaProjection
			0.009 s - time_SetFacesOrientation
Result:
	Bricks number:                        6412

	Memory usage:                         0.684 MB
	Memory usage (per brick):             0.109 KB
	Construction time:                    1.197 s

	Topology features:
	------------------
	- High quality bricks                 100.00 % (6412)
	- Medium quality bricks                 0.00 % (0)
	- Bad quality bricks                    0.00 % (0)
	- Ribs corrected bricks                 0.00 % (0)
	- Points with geom-info (bricks)        0.00 % (0)
	- Points with closest-info (bricks)     0.00 % (0)
	- Triangulated by center (bricks)       0.00 % (0)
	- Facet w-faces mergings (bricks)       0.00 % (0)
	- To refine (bricks)                    0.00 % (0)

Memory Working Set Current = 31.38 Mb, Memory Working Set Peak = 46.47 Mb
Process Threads Number: 21
-----------------------------------------------------------------------
-----------------------------------------------------------------------
MSH --> BCF format (Iteration 0)...
BCF collector...
	(7) Bcf collect time 0.073 s (983 avs, 0 fws)
	(0) Bcf collect time 0.073 s (979 avs, 0 fws)
	(4) Bcf collect time 0.076 s (1688 avs, 616 fws)
	(1) Bcf collect time 0.074 s (1503 avs, 440 fws)
	(3) Bcf collect time 0.076 s (1687 avs, 614 fws)
	(6) Bcf collect time 0.076 s (1507 avs, 450 fws)
	(5) Bcf collect time 0.075 s (1746 avs, 706 fws)
	(2) Bcf collect time 0.079 s (1743 avs, 704 fws)
	(7) Remove defect avs time 0.016 s
	(2) Remove defect avs time 0.016 s
	(0) Remove defect avs time 0.016 s
	(5) Remove defect avs time 0.016 s
	(1) Remove defect avs time 0.016 s
	(4) Remove defect avs time 0.016 s
	(3) Remove defect avs time 0.016 s
	(6) Remove defect avs time 0.017 s
Defect subdomain detector...
		1 subdomain(s) of gi=0 (real bodies = 1).
			Subdomain 0: 7160 av
		Get real subdoms time 0.000 s
		Mark defect subdomains by closed av...
		Mark by closed av time 0.000 s
		Mark defect subdomains by real bodies...
		0 defect subdomain(s) of gi=0.
		1 subdomain(s) of gi=1 (real bodies = 1).
			Subdomain 0: 616 av
		Get real subdoms time 0.000 s
		Mark defect subdomains by real bodies...
		0 defect subdomain(s) of gi=1.
		1 subdomain(s) of gi=2 (real bodies = 1).
			Subdomain 0: 304 av
		Get real subdoms time 0.000 s
		Mark defect subdomains by real bodies...
		0 defect subdomain(s) of gi=2.
	(5) Remove defect subdoms time 0.007 s
	(3) Remove defect subdoms time 0.007 s
	(2) Remove defect subdoms time 0.006 s
	(1) Remove defect subdoms time 0.007 s
	(6) Remove defect subdoms time 0.007 s
	(7) Remove defect subdoms time 0.007 s
	(4) Remove defect subdoms time 0.007 s
	(0) Remove defect subdoms time 0.007 s
NB-faces collector & conservator...
Sub-mesh 0.
	Conservated total=0 (bb-faces=0)
Sub-mesh 1.
	Conservated total=0 (bb-faces=0)
Sub-mesh 2.
	Conservated total=10 (bb-faces=0)
Sub-mesh 3.
	Conservated total=29 (bb-faces=0)
Sub-mesh 4.
	Conservated total=29 (bb-faces=0)
Sub-mesh 5.
	Conservated total=10 (bb-faces=0)
Sub-mesh 6.
	Conservated total=0 (bb-faces=0)
Sub-mesh 7.
	Conservated total=0 (bb-faces=0)
	(7) Bcf calc time 0.000 s
	(0) Bcf calc time 0.001 s
	(6) Bcf calc time 0.004 s
	(4) Bcf calc time 0.004 s
	(5) Bcf calc time 0.005 s
	(3) Bcf calc time 0.005 s
	(1) Bcf calc time 0.005 s
	(2) Bcf calc time 0.006 s
FACE_W optimizer ...
Sub-mesh 0.
	Before optimization total=692 (fs=0, ff=0, ss=0)
	After  optimization total=692 (fs=0, ff=0, ss=0)
Sub-mesh 1.
	Before optimization total=1376 (fs=424, ff=0, ss=16)
	After  optimization total=1376 (fs=424, ff=0, ss=16)
Sub-mesh 2.
	Before optimization total=1760 (fs=683, ff=0, ss=21)
	After  optimization total=1760 (fs=683, ff=0, ss=21)
Sub-mesh 3.
	Before optimization total=1620 (fs=596, ff=0, ss=18)
	After  optimization total=1620 (fs=596, ff=0, ss=18)
Sub-mesh 4.
	Before optimization total=1629 (fs=598, ff=0, ss=18)
	After  optimization total=1629 (fs=598, ff=0, ss=18)
Sub-mesh 5.
	Before optimization total=1766 (fs=683, ff=0, ss=23)
	After  optimization total=1766 (fs=683, ff=0, ss=23)
Sub-mesh 6.
	Before optimization total=1400 (fs=434, ff=0, ss=16)
	After  optimization total=1400 (fs=434, ff=0, ss=16)
Sub-mesh 7.
	Before optimization total=692 (fs=0, ff=0, ss=0)
	After  optimization total=692 (fs=0, ff=0, ss=0)
-----------------------------------------------------------------------
-----------------------------------------------------------------------
Merging BCF...
Merging bricks trees...OK (0.01 s)
Merging av data...OK (0.01 s)
Merging a-faces data (fluid)...
	New a-face count   20332
	Bound a-face count 1751 (8.61 %)
Merging a-faces data takes 0.01 s
Merging a-faces data (solid)...
	New a-face count   1818
	Bound a-face count 182 (10.01 %)
Merging a-faces data takes 0.00 s
Merging w-faces data...
	New w-face count   4644
	Bound w-face count 0 (0.00 %)
	Need fw-nb         3504 (75.45 %)
Merging w-faces data takes 0.05 s
Merging BCF takes (0.10 s)
-----------------------------------------------------------------------

-----------------------------------------------------------------------
Geometrical diagonal nb-faces collector (cpu_num=8)...
	Time=0.030s.
-----------------------------------------------------------------------
Fluid Subdom Constructor: 1 subdom(s).
	Remove nb-fw from diff subdomains (fs)...
		Diff subdomains cases         0

-----------------------------------------------------------------------
BCF CHECKSUM DATA (Mesh 0):

FACE_A Area Sum:   G.Fluid        15431.0195907322450000
FACE_A Area Sum:   G.Solid        2.4064218994760251
FACE_W Area Sum:                  2720.2409235246555000
FACE_W Nb   Sum:                  37164
FACE_W min curvatures sum:        -0.00000009
FACE_W max curvatures sum:        0.00000017
AV Max Disbalance: G.Fluid        3.096e-015 (cid=3681, avid=4146, pid=990)
AV Max Disbalance: G.Solid        8.49757e-015 (cid=3215, avid=7621, pid=461)
BRICK-AV Volume Disbalance:       0 (cid=0)
-----------------------------------------------------------------------


-----------------------------------------------------------------------
MESHER TOPOLOGY DATA (Mesh 0):

BRICKS: Total                 6412
BRICKS: 1-CV                  5572
BRICKS: 2-CV                  172
BRICKS: 3-CV                  588
BRICKS: 5-CV                  80
BRICKS: Bad                   0

AV:     G.Total               8080
AV:     G.Fluid               7160
AV:     G.Solid               920

AV:     G.Fluid Thin Profile    0.00 % (0)
AV:     G.Solid Thin Profile   72.61 % (668)

AV:     G.Fluid Thin For Mega   0.00 % (0)
AV:     G.Solid Thin For Mega  63.04 % (580)

AV:     G.Fluid Non-Convex      3.74 % (268)
AV:     G.Solid Non-Convex     18.26 % (168)

FACE_A: G.Fluid          (af) 20332 (partially opened 3393)
FACE_A: G.Solid          (as) 1818 (partially opened 1818)

FACE_W: G.Total                 4644        Brick/Bound
FACE_W: G.Fluid/Solid    (fs_g) 2372        0           
FACE_W: G.Fluid/Fluid    (ff_g) 0           0           
FACE_W: G.Solid/Solid    (ss_g) 80          0           
FACE_W: G.Fluid/External (fe_g) 2192
FACE_W: G.Solid/External (se_g) 0

AV max fa count:                12
AV max fw count:                6
AV max fw poly count:           6

MEMORY: Total                   2.991 MB
MEMORY: Per Brick               0.478 KB
-----------------------------------------------------------------------

-----------------------------------------------------------------------
Mega-cv constructor for fluid...
	 0 av's is treated as thin
Relative size generator (threshold = 0.05)...OK
	 110 mega-cv's generated
	 2 mega-cv's removed
Convert clusters:
	 108 mega-cv's total
Mega-cv count: 108
-----------------------------------------------------------------------
-----------------------------------------------------------------------
Mega-cv constructor for solid...
Mega-cv count: 0
-----------------------------------------------------------------------
Mixing plane rotation regions: NO.
Sliding mesh rotation regions: NO.
Fluid/fluid faces: NO.
----------------------------------------------------------
BCF --> BCF.GEOMSUBDOM (bridge arrays) (cpu_num=8):
MESH (0):
	Fluid Subdom Constructor: 1 subdom(s).
	Solid Subdom Constructor: 2 subdom(s).
	Net Asm Subdom Constructor: 0 subdom(s).
	GEOMSUBDOM (0): gi=0 fluid av=7160 cv=7040 fa=20332 fw=4564 V=5.279218e+003
	GEOMSUBDOM (1): gi=2 solid av=304 cv=304 fa=578 fw=860 V=5.100000e-001
	GEOMSUBDOM (2): gi=1 solid av=616 cv=616 fa=1240 fw=1672 V=2.719806e-001
	Setting nb of w-faces...OK.

MESH (0) checking:
	GEOMSUBDOM (0):fa_s=15431.0195907322760000 fw_s=2720.1989275246533000 fw_nb=36348
	GEOMSUBDOM (1):fa_s=1.5429202489291665 fw_s=204.2299999999999900 fw_nb=6152
	GEOMSUBDOM (2):fa_s=0.8635016505468601 fw_s=544.0529195246526800 fw_nb=12764
MESH (0) checking: OK.
----------------------------------------------------------
-----------------------------------------------------------------------
Calculating curvature and tolerance criteria...
Curvature: min=0 max=3.14159
Tolerance: min=0 max=0.481067
Calculating curvature and tolerance criteria takes 0.011 s
-----------------------------------------------------------------------
Current CPU = 2 sec

Nx=28
Ny=12
Nz=16
Max_RL=1
12. Saving initial mesh in: C:\Users\Wildf\Workplace\NTU-BIME_Heat-Transfer\Corrugated Iron House\1\1.fld .
Storing results...
Estimated CPT size=1.260 MB.
OK
Memory Working Set Current = 39.29 Mb, Memory Working Set Peak = 46.47 Mb
Process Threads Number: 21
Cleaning memory...
Free Geometry DB takes 0.004 s
Copying... OK

------------------------------------------------------------------------------------------------------------
CPU report:
Function                                             CPU           descriptor                    nproc     
------------------------------------------------------------------------------------------------------------
GetGeometryFromSW                                    0.100 sec   function_total               
GetGeometryFromSW                                    0.036 sec   InitGeometryTriangles        
CMesh::PrepareMappedTriangles                        0.023 sec   function_total               
SwapGeometries                                       0.071 sec   function_total               
SwapGeometries                                       0.000 sec   function_total               
SwapGeometries                                       0.000 sec   function_total               
SwapGeometries                                       0.000 sec   function_total               
SwapGeometries                                       0.000 sec   function_total               
SwapGeometries                                       0.000 sec   function_total               
SwapGeometries                                       0.000 sec   function_total               
SwapGeometries                                       0.000 sec   function_total               
CMesh::PreBuild                                      0.030 sec   function_total               
SetBrickRegion                                       0.024 sec   function_total               
CMesh::Build                                         0.295 sec   function_total               
CMesh::BuildGeometry                                 0.243 sec   function_total               
ActivateAllCellsParameters                           0.046 sec   function_total               
RefineByTriangles                                    0.125 sec   function_total               
CaptureRefined                                       0.108 sec   function_total               
GetMultiRaysIntersections                            0.012 sec   full                         
CRayCollector::CorrectRays2                          0.037 sec   full                         
CRayCollector::CorrectRays2                          0.015 sec   stage_1_collect_undefined_vertices1
RefinePeculiarSurfaces                               0.002 sec   function_total               
CNarrowChannelRefiner::ChannelsResolution            0.053 sec   function_total               
CNarrowChannelRefiner::RefineChannels_PRLL           0.052 sec   function_total               
CNarrowChannelRefiner::GetMainNormals                0.006 sec   function_total               
CNarrowChannelRefiner::GetMainNormals                0.011 sec   function_total               
CNarrowChannelRefiner::GetMainNormals                0.012 sec   function_total               
CNarrowChannelRefiner::GetMainNormals                0.008 sec   function_total               
CNarrowChannelRefiner::GetMainNormals                0.011 sec   function_total               
CNarrowChannelRefiner::GetMainNormals                0.006 sec   function_total               
CNarrowChannelRefiner::facade_bricks_of_brick_dirv   0.000 sec   function_total               
CNarrowChannelRefiner::facade_bricks_of_brick_dirv   0.006 sec   function_total               
CNarrowChannelRefiner::facade_bricks_of_brick_dirv   0.011 sec   function_total               
CNarrowChannelRefiner::facade_bricks_of_brick_dirv   0.007 sec   function_total               
CNarrowChannelRefiner::facade_bricks_of_brick_dirv   0.006 sec   function_total               
CNarrowChannelRefiner::facade_bricks_of_brick_dirv   0.010 sec   function_total               
CNarrowChannelRefiner::facade_bricks_of_brick_dirv   0.006 sec   function_total               
CNarrowChannelRefiner::facade_bricks_of_brick_dirv   0.000 sec   function_total               
CNarrowChannelRefiner::next_brick_on_ray             0.000 sec   function_total               
CNarrowChannelRefiner::next_brick_on_ray             0.006 sec   function_total               
CNarrowChannelRefiner::next_brick_on_ray             0.010 sec   function_total               
CNarrowChannelRefiner::next_brick_on_ray             0.006 sec   function_total               
CNarrowChannelRefiner::next_brick_on_ray             0.005 sec   function_total               
CNarrowChannelRefiner::next_brick_on_ray             0.009 sec   function_total               
CNarrowChannelRefiner::next_brick_on_ray             0.005 sec   function_total               
CNarrowChannelRefiner::next_brick_on_ray             0.000 sec   function_total               
CNarrowChannelRefiner::RefineChannels_PRLL           0.018 sec   NCR_execute_refinement       
CMesh::BuildGeometry                                 0.001 sec   equidistant_refiner          
PostCaptureGeometry                                  0.022 sec   function_total               
CNarrowChannelRefiner::RedistributeLevel1            0.038 sec   function_total               
CTPBuilder::build_bcf                                1.581 sec   function_total               
CTPBuilder::bcf_builder                              1.532 sec   function_total               
LoadTrianglesAndXSL                                  0.012 sec   function_total               
CTPBuilder::collect_msh_format                       1.221 sec   function_total               
CTPBuilder::Run                                      0.118 sec   bcf_collect                  
CTPBuilder::Run                                      0.145 sec   bcf_merge                    
CTPBuilder::build_bcf                                0.022 sec   collect_mega_cv              
CTPBuilder::build_bcf                                0.025 sec   convert_to_mds_function      
CMesh::CalculateCurvatureAndToleranceCriteria        0.011 sec   function_total               
Store_Res_2                                          0.130 sec   function_total               
Freemem_CPT                                          0.023 sec   function_total               
------------------------------------------------------------------------------------------------------------

Mesh generation normally finished at	2.6.2022	3:58:32
Mesher CPU = 2 sec
Mesher is finished at	2.6.2022	3:58:32
